{"meta": {"format": 3, "version": "7.13.4", "timestamp": "2026-03-07T10:13:18.354242", "branch_coverage": false, "show_contexts": false}, "files": {"src/sewpat/__init__.py": {"executed_lines": [3, 4, 5, 6, 23, 36, 37, 47, 56, 75, 77], "summary": {"covered_lines": 11, "num_statements": 11, "percent_covered": 100.0, "percent_covered_display": "100", "missing_lines": 0, "excluded_lines": 0, "percent_statements_covered": 100.0, "percent_statements_covered_display": "100"}, "missing_lines": [], "excluded_lines": [], "functions": {"": {"executed_lines": [3, 4, 5, 6, 23, 36, 37, 47, 56, 75, 77], "summary": {"covered_lines": 11, "num_statements": 11, "percent_covered": 100.0, "percent_covered_display": "100", "missing_lines": 0, "excluded_lines": 0, "percent_statements_covered": 100.0, "percent_statements_covered_display": "100"}, "missing_lines": [], "excluded_lines": [], "start_line": 1}}, "classes": {"": {"executed_lines": [3, 4, 5, 6, 23, 36, 37, 47, 56, 75, 77], "summary": {"covered_lines": 11, "num_statements": 11, "percent_covered": 100.0, "percent_covered_display": "100", "missing_lines": 0, "excluded_lines": 0, "percent_statements_covered": 100.0, "percent_statements_covered_display": "100"}, "missing_lines": [], "excluded_lines": [], "start_line": 1}}}, "src/sewpat/blocks.py": {"executed_lines": [25, 26, 28, 39, 40, 48, 49, 50, 51, 63, 67, 68, 71, 74, 75, 76, 79, 83, 87, 88, 91, 92, 99, 100, 130, 131, 156, 157, 180, 181, 193, 292, 405, 493, 548, 619, 693, 694, 736, 737, 782, 783, 807, 808], "summary": {"covered_lines": 44, "num_statements": 187, "percent_covered": 23.529411764705884, "percent_covered_display": "24", "missing_lines": 143, "excluded_lines": 2, "percent_statements_covered": 23.529411764705884, "percent_statements_covered_display": "24"}, "missing_lines": [202, 203, 204, 205, 206, 207, 209, 210, 211, 212, 213, 216, 217, 222, 223, 228, 233, 235, 238, 239, 249, 258, 266, 299, 300, 303, 304, 307, 308, 311, 316, 317, 321, 322, 325, 329, 330, 334, 337, 340, 345, 351, 352, 353, 354, 355, 356, 357, 358, 359, 361, 362, 363, 368, 374, 375, 376, 377, 379, 380, 382, 414, 417, 420, 424, 427, 432, 433, 434, 435, 438, 447, 458, 459, 462, 467, 471, 476, 504, 505, 514, 515, 524, 531, 541, 564, 569, 578, 579, 582, 583, 588, 589, 592, 593, 594, 597, 600, 605, 609, 614, 615, 616, 628, 637, 642, 643, 647, 651, 655, 660, 665, 666, 667, 671, 676, 679, 680, 681, 682, 684, 685, 686, 838, 839, 840, 842, 843, 852, 860, 863, 870, 879, 882, 883, 886, 891, 896, 900, 903, 908, 923, 939], "excluded_lines": [53, 54], "functions": {"_build_back_geometry": {"executed_lines": [], "summary": {"covered_lines": 0, "num_statements": 23, "percent_covered": 0.0, "percent_covered_display": "0", "missing_lines": 23, "excluded_lines": 0, "percent_statements_covered": 0.0, "percent_statements_covered_display": "0"}, "missing_lines": [202, 203, 204, 205, 206, 207, 209, 210, 211, 212, 213, 216, 217, 222, 223, 228, 233, 235, 238, 239, 249, 258, 266], "excluded_lines": [], "start_line": 193}, "_build_front_geometry": {"executed_lines": [], "summary": {"covered_lines": 0, "num_statements": 38, "percent_covered": 0.0, "percent_covered_display": "0", "missing_lines": 38, "excluded_lines": 0, "percent_statements_covered": 0.0, "percent_statements_covered_display": "0"}, "missing_lines": [299, 300, 303, 304, 307, 308, 311, 316, 317, 321, 322, 325, 329, 330, 334, 337, 340, 345, 351, 352, 353, 354, 355, 356, 357, 358, 359, 361, 362, 363, 368, 374, 375, 376, 377, 379, 380, 382], "excluded_lines": [], "start_line": 292}, "_build_side_seams": {"executed_lines": [], "summary": {"covered_lines": 0, "num_statements": 17, "percent_covered": 0.0, "percent_covered_display": "0", "missing_lines": 17, "excluded_lines": 0, "percent_statements_covered": 0.0, "percent_statements_covered_display": "0"}, "missing_lines": [414, 417, 420, 424, 427, 432, 433, 434, 435, 438, 447, 458, 459, 462, 467, 471, 476], "excluded_lines": [], "start_line": 405}, "_build_darts": {"executed_lines": [], "summary": {"covered_lines": 0, "num_statements": 7, "percent_covered": 0.0, "percent_covered_display": "0", "missing_lines": 7, "excluded_lines": 0, "percent_statements_covered": 0.0, "percent_statements_covered_display": "0"}, "missing_lines": [504, 505, 514, 515, 524, 531, 541], "excluded_lines": [], "start_line": 493}, "_assemble_back_part": {"executed_lines": [], "summary": {"covered_lines": 0, "num_statements": 18, "percent_covered": 0.0, "percent_covered_display": "0", "missing_lines": 18, "excluded_lines": 0, "percent_statements_covered": 0.0, "percent_statements_covered_display": "0"}, "missing_lines": [564, 569, 578, 579, 582, 583, 588, 589, 592, 593, 594, 597, 600, 605, 609, 614, 615, 616], "excluded_lines": [], "start_line": 548}, "_assemble_front_part": {"executed_lines": [], "summary": {"covered_lines": 0, "num_statements": 20, "percent_covered": 0.0, "percent_covered_display": "0", "missing_lines": 20, "excluded_lines": 0, "percent_statements_covered": 0.0, "percent_statements_covered_display": "0"}, "missing_lines": [628, 637, 642, 643, 647, 651, 655, 660, 665, 666, 667, 671, 676, 679, 680, 681, 682, 684, 685, 686], "excluded_lines": [], "start_line": 619}, "TopBlock.from_measurements": {"executed_lines": [], "summary": {"covered_lines": 0, "num_statements": 20, "percent_covered": 0.0, "percent_covered_display": "0", "missing_lines": 20, "excluded_lines": 0, "percent_statements_covered": 0.0, "percent_statements_covered_display": "0"}, "missing_lines": [838, 839, 840, 842, 843, 852, 860, 863, 870, 879, 882, 883, 886, 891, 896, 900, 903, 908, 923, 939], "excluded_lines": [], "start_line": 808}, "": {"executed_lines": [25, 26, 28, 39, 40, 48, 49, 50, 51, 63, 67, 68, 71, 74, 75, 76, 79, 83, 87, 88, 91, 92, 99, 100, 130, 131, 156, 157, 180, 181, 193, 292, 405, 493, 548, 619, 693, 694, 736, 737, 782, 783, 807, 808], "summary": {"covered_lines": 44, "num_statements": 44, "percent_covered": 100.0, "percent_covered_display": "100", "missing_lines": 0, "excluded_lines": 2, "percent_statements_covered": 100.0, "percent_statements_covered_display": "100"}, "missing_lines": [], "excluded_lines": [53, 54], "start_line": 1}}, "classes": {"_BackGeometry": {"executed_lines": [], "summary": {"covered_lines": 0, "num_statements": 0, "percent_covered": 100.0, "percent_covered_display": "100", "missing_lines": 0, "excluded_lines": 0, "percent_statements_covered": 100.0, "percent_statements_covered_display": "100"}, "missing_lines": [], "excluded_lines": [], "start_line": 100}, "_FrontGeometry": {"executed_lines": [], "summary": {"covered_lines": 0, "num_statements": 0, "percent_covered": 100.0, "percent_covered_display": "100", "missing_lines": 0, "excluded_lines": 0, "percent_statements_covered": 100.0, "percent_statements_covered_display": "100"}, "missing_lines": [], "excluded_lines": [], "start_line": 131}, "_SideSeams": {"executed_lines": [], "summary": {"covered_lines": 0, "num_statements": 0, "percent_covered": 100.0, "percent_covered_display": "100", "missing_lines": 0, "excluded_lines": 0, "percent_statements_covered": 100.0, "percent_statements_covered_display": "100"}, "missing_lines": [], "excluded_lines": [], "start_line": 157}, "_Darts": {"executed_lines": [], "summary": {"covered_lines": 0, "num_statements": 0, "percent_covered": 100.0, "percent_covered_display": "100", "missing_lines": 0, "excluded_lines": 0, "percent_statements_covered": 100.0, "percent_statements_covered_display": "100"}, "missing_lines": [], "excluded_lines": [], "start_line": 181}, "TopBlockBack": {"executed_lines": [], "summary": {"covered_lines": 0, "num_statements": 0, "percent_covered": 100.0, "percent_covered_display": "100", "missing_lines": 0, "excluded_lines": 0, "percent_statements_covered": 100.0, "percent_statements_covered_display": "100"}, "missing_lines": [], "excluded_lines": [], "start_line": 694}, "TopBlockFront": {"executed_lines": [], "summary": {"covered_lines": 0, "num_statements": 0, "percent_covered": 100.0, "percent_covered_display": "100", "missing_lines": 0, "excluded_lines": 0, "percent_statements_covered": 100.0, "percent_statements_covered_display": "100"}, "missing_lines": [], "excluded_lines": [], "start_line": 737}, "TopBlock": {"executed_lines": [], "summary": {"covered_lines": 0, "num_statements": 20, "percent_covered": 0.0, "percent_covered_display": "0", "missing_lines": 20, "excluded_lines": 0, "percent_statements_covered": 0.0, "percent_statements_covered_display": "0"}, "missing_lines": [838, 839, 840, 842, 843, 852, 860, 863, 870, 879, 882, 883, 886, 891, 896, 900, 903, 908, 923, 939], "excluded_lines": [], "start_line": 783}, "": {"executed_lines": [25, 26, 28, 39, 40, 48, 49, 50, 51, 63, 67, 68, 71, 74, 75, 76, 79, 83, 87, 88, 91, 92, 99, 100, 130, 131, 156, 157, 180, 181, 193, 292, 405, 493, 548, 619, 693, 694, 736, 737, 782, 783, 807, 808], "summary": {"covered_lines": 44, "num_statements": 167, "percent_covered": 26.347305389221557, "percent_covered_display": "26", "missing_lines": 123, "excluded_lines": 2, "percent_statements_covered": 26.347305389221557, "percent_statements_covered_display": "26"}, "missing_lines": [202, 203, 204, 205, 206, 207, 209, 210, 211, 212, 213, 216, 217, 222, 223, 228, 233, 235, 238, 239, 249, 258, 266, 299, 300, 303, 304, 307, 308, 311, 316, 317, 321, 322, 325, 329, 330, 334, 337, 340, 345, 351, 352, 353, 354, 355, 356, 357, 358, 359, 361, 362, 363, 368, 374, 375, 376, 377, 379, 380, 382, 414, 417, 420, 424, 427, 432, 433, 434, 435, 438, 447, 458, 459, 462, 467, 471, 476, 504, 505, 514, 515, 524, 531, 541, 564, 569, 578, 579, 582, 583, 588, 589, 592, 593, 594, 597, 600, 605, 609, 614, 615, 616, 628, 637, 642, 643, 647, 651, 655, 660, 665, 666, 667, 671, 676, 679, 680, 681, 682, 684, 685, 686], "excluded_lines": [53, 54], "start_line": 1}}}, "src/sewpat/element.py": {"executed_lines": [3, 15, 16, 19, 38, 58, 59, 60, 62, 63, 64, 65, 66, 67, 68, 74, 76, 78, 79, 80, 82, 152, 168, 176, 177, 178, 179, 181, 188], "summary": {"covered_lines": 29, "num_statements": 43, "percent_covered": 67.44186046511628, "percent_covered_display": "67", "missing_lines": 14, "excluded_lines": 0, "percent_statements_covered": 67.44186046511628, "percent_statements_covered_display": "67"}, "missing_lines": [119, 121, 122, 123, 128, 132, 134, 135, 136, 137, 138, 147, 148, 149], "excluded_lines": [], "functions": {"PatternElement.__init__": {"executed_lines": [58, 59, 60, 62, 63, 64, 65, 66, 67, 68, 74], "summary": {"covered_lines": 11, "num_statements": 11, "percent_covered": 100.0, "percent_covered_display": "100", "missing_lines": 0, "excluded_lines": 0, "percent_statements_covered": 100.0, "percent_statements_covered_display": "100"}, "missing_lines": [], "excluded_lines": [], "start_line": 38}, "PatternElement.get_name": {"executed_lines": [78, 79, 80], "summary": {"covered_lines": 3, "num_statements": 3, "percent_covered": 100.0, "percent_covered_display": "100", "missing_lines": 0, "excluded_lines": 0, "percent_statements_covered": 100.0, "percent_statements_covered_display": "100"}, "missing_lines": [], "excluded_lines": [], "start_line": 76}, "PatternElement.split_at_dart": {"executed_lines": [], "summary": {"covered_lines": 0, "num_statements": 14, "percent_covered": 0.0, "percent_covered_display": "0", "missing_lines": 14, "excluded_lines": 0, "percent_statements_covered": 0.0, "percent_statements_covered_display": "0"}, "missing_lines": [119, 121, 122, 123, 128, 132, 134, 135, 136, 137, 138, 147, 148, 149], "excluded_lines": [], "start_line": 82}, "PrecisionPoint.__init__": {"executed_lines": [176, 177, 178, 179], "summary": {"covered_lines": 4, "num_statements": 4, "percent_covered": 100.0, "percent_covered_display": "100", "missing_lines": 0, "excluded_lines": 0, "percent_statements_covered": 100.0, "percent_statements_covered_display": "100"}, "missing_lines": [], "excluded_lines": [], "start_line": 168}, "PrecisionPoint.build_elements": {"executed_lines": [188], "summary": {"covered_lines": 1, "num_statements": 1, "percent_covered": 100.0, "percent_covered_display": "100", "missing_lines": 0, "excluded_lines": 0, "percent_statements_covered": 100.0, "percent_statements_covered_display": "100"}, "missing_lines": [], "excluded_lines": [], "start_line": 181}, "": {"executed_lines": [3, 15, 16, 19, 38, 76, 82, 152, 168, 181], "summary": {"covered_lines": 10, "num_statements": 10, "percent_covered": 100.0, "percent_covered_display": "100", "missing_lines": 0, "excluded_lines": 0, "percent_statements_covered": 100.0, "percent_statements_covered_display": "100"}, "missing_lines": [], "excluded_lines": [], "start_line": 1}}, "classes": {"PatternElement": {"executed_lines": [58, 59, 60, 62, 63, 64, 65, 66, 67, 68, 74, 78, 79, 80], "summary": {"covered_lines": 14, "num_statements": 28, "percent_covered": 50.0, "percent_covered_display": "50", "missing_lines": 14, "excluded_lines": 0, "percent_statements_covered": 50.0, "percent_statements_covered_display": "50"}, "missing_lines": [119, 121, 122, 123, 128, 132, 134, 135, 136, 137, 138, 147, 148, 149], "excluded_lines": [], "start_line": 19}, "PrecisionPoint": {"executed_lines": [176, 177, 178, 179, 188], "summary": {"covered_lines": 5, "num_statements": 5, "percent_covered": 100.0, "percent_covered_display": "100", "missing_lines": 0, "excluded_lines": 0, "percent_statements_covered": 100.0, "percent_statements_covered_display": "100"}, "missing_lines": [], "excluded_lines": [], "start_line": 152}, "": {"executed_lines": [3, 15, 16, 19, 38, 76, 82, 152, 168, 181], "summary": {"covered_lines": 10, "num_statements": 10, "percent_covered": 100.0, "percent_covered_display": "100", "missing_lines": 0, "excluded_lines": 0, "percent_statements_covered": 100.0, "percent_statements_covered_display": "100"}, "missing_lines": [], "excluded_lines": [], "start_line": 1}}}, "src/sewpat/fitclass.py": {"executed_lines": [28, 30, 31, 32, 34, 36, 42, 45, 57, 60, 61, 64, 66, 67, 68, 69, 70, 71, 72, 73, 74, 75, 78, 85, 86, 114, 116, 117, 118, 119, 120, 121, 122, 123, 125, 149, 170, 181, 182, 186, 187, 191, 192, 196, 197, 201, 202, 206, 207, 211, 212, 216, 217, 221, 222, 228], "summary": {"covered_lines": 56, "num_statements": 93, "percent_covered": 60.215053763440864, "percent_covered_display": "60", "missing_lines": 37, "excluded_lines": 0, "percent_statements_covered": 60.215053763440864, "percent_statements_covered_display": "60"}, "missing_lines": [138, 139, 140, 141, 142, 143, 144, 145, 146, 147, 151, 152, 153, 154, 158, 159, 160, 161, 162, 163, 164, 172, 173, 174, 175, 184, 189, 194, 199, 204, 209, 214, 219, 224, 237, 238, 239], "excluded_lines": [], "functions": {"_load_table": {"executed_lines": [66, 67, 68, 69, 70, 71, 72, 73, 74, 75], "summary": {"covered_lines": 10, "num_statements": 10, "percent_covered": 100.0, "percent_covered_display": "100", "missing_lines": 0, "excluded_lines": 0, "percent_statements_covered": 100.0, "percent_statements_covered_display": "100"}, "missing_lines": [], "excluded_lines": [], "start_line": 64}, "FitClass.__init__": {"executed_lines": [], "summary": {"covered_lines": 0, "num_statements": 10, "percent_covered": 0.0, "percent_covered_display": "0", "missing_lines": 10, "excluded_lines": 0, "percent_statements_covered": 0.0, "percent_statements_covered_display": "0"}, "missing_lines": [138, 139, 140, 141, 142, 143, 144, 145, 146, 147], "excluded_lines": [], "start_line": 125}, "FitClass.__post_init__": {"executed_lines": [], "summary": {"covered_lines": 0, "num_statements": 11, "percent_covered": 0.0, "percent_covered_display": "0", "missing_lines": 11, "excluded_lines": 0, "percent_statements_covered": 0.0, "percent_statements_covered_display": "0"}, "missing_lines": [151, 152, 153, 154, 158, 159, 160, 161, 162, 163, 164], "excluded_lines": [], "start_line": 149}, "FitClass._resolve": {"executed_lines": [], "summary": {"covered_lines": 0, "num_statements": 4, "percent_covered": 0.0, "percent_covered_display": "0", "missing_lines": 4, "excluded_lines": 0, "percent_statements_covered": 0.0, "percent_statements_covered_display": "0"}, "missing_lines": [172, 173, 174, 175], "excluded_lines": [], "start_line": 170}, "FitClass.back_width_ease": {"executed_lines": [], "summary": {"covered_lines": 0, "num_statements": 1, "percent_covered": 0.0, "percent_covered_display": "0", "missing_lines": 1, "excluded_lines": 0, "percent_statements_covered": 0.0, "percent_statements_covered_display": "0"}, "missing_lines": [184], "excluded_lines": [], "start_line": 182}, "FitClass.armscye_width_ease": {"executed_lines": [], "summary": {"covered_lines": 0, "num_statements": 1, "percent_covered": 0.0, "percent_covered_display": "0", "missing_lines": 1, "excluded_lines": 0, "percent_statements_covered": 0.0, "percent_statements_covered_display": "0"}, "missing_lines": [189], "excluded_lines": [], "start_line": 187}, "FitClass.chest_width_ease": {"executed_lines": [], "summary": {"covered_lines": 0, "num_statements": 1, "percent_covered": 0.0, "percent_covered_display": "0", "missing_lines": 1, "excluded_lines": 0, "percent_statements_covered": 0.0, "percent_statements_covered_display": "0"}, "missing_lines": [194], "excluded_lines": [], "start_line": 192}, "FitClass.armscye_depth_ease": {"executed_lines": [], "summary": {"covered_lines": 0, "num_statements": 1, "percent_covered": 0.0, "percent_covered_display": "0", "missing_lines": 1, "excluded_lines": 0, "percent_statements_covered": 0.0, "percent_statements_covered_display": "0"}, "missing_lines": [199], "excluded_lines": [], "start_line": 197}, "FitClass.waist_ease": {"executed_lines": [], "summary": {"covered_lines": 0, "num_statements": 1, "percent_covered": 0.0, "percent_covered_display": "0", "missing_lines": 1, "excluded_lines": 0, "percent_statements_covered": 0.0, "percent_statements_covered_display": "0"}, "missing_lines": [204], "excluded_lines": [], "start_line": 202}, "FitClass.hip_ease": {"executed_lines": [], "summary": {"covered_lines": 0, "num_statements": 1, "percent_covered": 0.0, "percent_covered_display": "0", "missing_lines": 1, "excluded_lines": 0, "percent_statements_covered": 0.0, "percent_statements_covered_display": "0"}, "missing_lines": [209], "excluded_lines": [], "start_line": 207}, "FitClass.bust_point_ease": {"executed_lines": [], "summary": {"covered_lines": 0, "num_statements": 1, "percent_covered": 0.0, "percent_covered_display": "0", "missing_lines": 1, "excluded_lines": 0, "percent_statements_covered": 0.0, "percent_statements_covered_display": "0"}, "missing_lines": [214], "excluded_lines": [], "start_line": 212}, "FitClass.shoulder_width_ease": {"executed_lines": [], "summary": {"covered_lines": 0, "num_statements": 1, "percent_covered": 0.0, "percent_covered_display": "0", "missing_lines": 1, "excluded_lines": 0, "percent_statements_covered": 0.0, "percent_statements_covered_display": "0"}, "missing_lines": [219], "excluded_lines": [], "start_line": 217}, "FitClass.bust_width_ease": {"executed_lines": [], "summary": {"covered_lines": 0, "num_statements": 1, "percent_covered": 0.0, "percent_covered_display": "0", "missing_lines": 1, "excluded_lines": 0, "percent_statements_covered": 0.0, "percent_statements_covered_display": "0"}, "missing_lines": [224], "excluded_lines": [], "start_line": 222}, "FitClass.range": {"executed_lines": [], "summary": {"covered_lines": 0, "num_statements": 3, "percent_covered": 0.0, "percent_covered_display": "0", "missing_lines": 3, "excluded_lines": 0, "percent_statements_covered": 0.0, "percent_statements_covered_display": "0"}, "missing_lines": [237, 238, 239], "excluded_lines": [], "start_line": 228}, "": {"executed_lines": [28, 30, 31, 32, 34, 36, 42, 45, 57, 60, 61, 64, 78, 85, 86, 114, 116, 117, 118, 119, 120, 121, 122, 123, 125, 149, 170, 181, 182, 186, 187, 191, 192, 196, 197, 201, 202, 206, 207, 211, 212, 216, 217, 221, 222, 228], "summary": {"covered_lines": 46, "num_statements": 46, "percent_covered": 100.0, "percent_covered_display": "100", "missing_lines": 0, "excluded_lines": 0, "percent_statements_covered": 100.0, "percent_statements_covered_display": "100"}, "missing_lines": [], "excluded_lines": [], "start_line": 1}}, "classes": {"_Range": {"executed_lines": [], "summary": {"covered_lines": 0, "num_statements": 0, "percent_covered": 100.0, "percent_covered_display": "100", "missing_lines": 0, "excluded_lines": 0, "percent_statements_covered": 100.0, "percent_statements_covered_display": "100"}, "missing_lines": [], "excluded_lines": [], "start_line": 57}, "FitClass": {"executed_lines": [], "summary": {"covered_lines": 0, "num_statements": 37, "percent_covered": 0.0, "percent_covered_display": "0", "missing_lines": 37, "excluded_lines": 0, "percent_statements_covered": 0.0, "percent_statements_covered_display": "0"}, "missing_lines": [138, 139, 140, 141, 142, 143, 144, 145, 146, 147, 151, 152, 153, 154, 158, 159, 160, 161, 162, 163, 164, 172, 173, 174, 175, 184, 189, 194, 199, 204, 209, 214, 219, 224, 237, 238, 239], "excluded_lines": [], "start_line": 86}, "": {"executed_lines": [28, 30, 31, 32, 34, 36, 42, 45, 57, 60, 61, 64, 66, 67, 68, 69, 70, 71, 72, 73, 74, 75, 78, 85, 86, 114, 116, 117, 118, 119, 120, 121, 122, 123, 125, 149, 170, 181, 182, 186, 187, 191, 192, 196, 197, 201, 202, 206, 207, 211, 212, 216, 217, 221, 222, 228], "summary": {"covered_lines": 56, "num_statements": 56, "percent_covered": 100.0, "percent_covered_display": "100", "missing_lines": 0, "excluded_lines": 0, "percent_statements_covered": 100.0, "percent_statements_covered_display": "100"}, "missing_lines": [], "excluded_lines": [], "start_line": 1}}}, "src/sewpat/geometry.py": {"executed_lines": [3, 4, 5, 7, 8, 9, 12, 23, 24, 27, 29, 31, 32, 34, 36, 37, 38, 39, 42, 53, 54, 55, 56, 57, 58, 59, 60, 61, 64, 66, 69, 70, 74, 76, 78, 79, 81, 82, 84, 86, 87, 89, 91, 93, 99, 101, 103, 104, 108, 121, 123, 125, 127, 128, 129, 131, 133, 134, 135, 137, 139, 140, 141, 143, 145, 147, 149, 151, 153, 155, 159, 169, 171, 172, 173, 175, 190, 191, 195, 198, 201, 203, 204, 205, 207, 208, 245, 252, 256, 258, 259, 261, 263, 267, 268, 270, 272, 273, 275, 277, 278, 280, 282, 283, 285, 287, 288, 290, 291, 293, 294, 296, 297, 299, 300, 302, 304, 306, 307, 308, 310, 323, 324, 325, 326, 330, 357, 358, 363, 364, 368, 370, 371, 375, 376, 377, 378, 379, 380, 381, 382, 383, 384, 386, 402, 403, 404, 405, 406, 407, 409, 411, 413, 415, 417, 418, 419, 420, 422, 424, 425, 427, 429, 430, 432, 434, 435, 437, 442, 443, 445, 447, 448, 449, 450, 451, 453, 459, 460, 461, 463, 464, 465, 467, 468, 469, 470, 473, 482, 498, 501, 502, 505, 506, 507, 509, 510, 512, 522, 523, 525, 527, 528, 530, 531, 533, 535, 537, 540, 543, 545, 546, 549, 552, 556, 558, 566, 571, 572, 574, 579, 588, 604, 607, 608, 611, 612, 615, 616, 618, 628, 629, 631, 633, 634, 636, 637, 639, 641, 642, 644, 663, 671, 676, 677, 679, 684, 694, 702, 703, 704, 705, 707, 719, 726, 732, 738, 751, 755, 756, 757, 758, 760, 768, 772, 781, 787, 799, 806, 807, 808, 809, 811, 815, 819, 826, 835, 846, 847, 849, 850, 851, 853, 863, 864, 866, 868, 869, 873, 874, 876, 878, 880, 882, 886, 887, 889, 891, 898, 902, 907, 912, 913, 915, 917, 918, 919, 920, 921, 922, 923, 924, 925, 926, 927, 928, 929, 930, 931, 934, 943, 945, 946, 947, 948, 949, 950, 956, 957, 958, 959, 960, 962, 965, 978, 990, 991, 992, 993, 994, 996, 1003, 1007, 1008, 1010, 1012, 1013, 1015, 1017, 1027, 1032, 1042, 1043, 1044, 1045, 1046, 1048, 1055, 1062, 1064, 1066, 1073, 1074, 1076, 1078, 1080, 1081, 1083, 1089, 1090, 1091, 1092, 1112, 1114, 1115, 1116, 1117, 1118, 1120, 1125, 1126, 1127, 1128, 1130, 1132, 1133, 1148, 1175, 1176, 1179, 1180, 1182, 1185, 1187, 1188, 1192, 1193, 1194, 1195, 1196, 1197, 1198, 1199, 1200, 1201, 1203, 1209, 1210, 1215, 1216, 1217, 1219, 1220, 1221, 1224, 1225, 1226, 1227, 1228, 1229, 1230, 1231, 1232, 1239, 1240, 1242, 1244, 1249, 1250, 1251, 1253, 1258, 1259, 1261, 1276, 1277, 1278, 1279, 1280, 1282, 1284, 1287, 1288, 1289, 1291, 1299, 1305, 1306, 1307, 1308, 1314, 1315, 1316, 1317, 1325, 1327, 1333, 1339, 1340, 1341, 1342, 1343, 1345, 1361, 1362, 1363, 1364, 1365, 1367, 1370, 1371, 1372, 1374, 1383, 1384, 1386, 1387, 1388, 1389, 1392, 1393, 1400, 1408, 1414, 1420, 1421, 1422, 1423, 1424, 1425, 1428, 1430, 1435, 1443, 1444, 1448, 1450, 1451, 1452, 1453, 1454, 1455, 1456, 1459, 1461, 1462, 1463, 1464, 1465, 1472, 1474, 1475, 1476, 1477, 1478, 1479, 1483, 1488, 1500, 1501, 1506, 1507, 1508, 1509, 1511, 1512, 1515, 1516, 1519, 1520, 1542, 1554, 1557, 1559, 1562, 1564, 1567, 1575, 1577, 1578, 1580, 1581, 1582, 1585, 1589, 1590, 1591, 1594, 1596, 1597, 1601, 1615, 1616, 1618, 1619, 1620, 1621, 1622, 1624, 1625, 1628, 1629, 1630, 1631, 1632, 1633, 1634, 1635, 1638, 1639, 1640, 1641, 1642, 1643, 1644, 1645, 1647, 1648, 1649, 1652, 1679, 1680, 1681, 1682, 1684, 1686, 1692, 1693, 1700, 1701, 1703, 1708, 1711, 1722, 1723, 1724, 1726, 1727, 1730, 1731, 1732, 1735, 1736, 1741, 1742, 1743, 1749, 1753, 1754, 1756, 1757, 1761, 1762, 1763, 1766, 1767, 1770, 1771, 1773, 1776, 1797, 1798, 1799, 1801, 1808, 1821, 1823, 1824, 1825, 1826, 1827, 1829, 1830, 1831, 1833, 1834, 1835, 1836, 1837, 1840, 1842, 1843, 1844, 1845, 1848, 1858, 1860, 1861, 1862, 1863, 1876, 1877, 1880, 1881, 1883, 1886, 1897, 1898, 1899, 1902, 1910, 1928, 1942, 1943, 1944, 1945, 1948, 1949, 1950, 1951, 1952, 1953, 1954, 1955, 1956, 1957, 1963, 1964, 1966, 1972, 1973, 1987, 1988, 1990, 1991, 1992, 1993, 1994, 2004, 2005, 2034, 2035, 2036, 2046, 2047, 2084, 2085, 2095, 2096, 2120, 2121, 2122, 2123, 2128, 2131, 2134, 2135, 2136, 2137, 2147, 2148, 2169, 2171, 2173, 2174, 2175, 2176, 2179, 2188, 2189, 2195, 2196, 2197, 2198, 2208, 2209, 2224, 2225, 2226, 2227, 2232, 2233, 2236, 2237, 2238, 2252, 2253, 2255, 2257, 2258, 2266, 2267, 2271, 2272, 2274, 2276, 2277, 2279, 2280, 2281, 2283, 2284, 2286, 2287, 2288, 2290, 2291, 2293, 2295, 2296, 2298, 2300, 2301, 2303, 2305, 2306, 2308, 2310, 2311, 2313, 2315, 2316, 2322, 2328, 2331, 2334, 2335, 2336, 2337, 2346, 2358, 2363, 2369, 2372, 2373, 2374, 2375, 2386, 2400, 2421, 2422, 2423, 2424, 2425, 2426, 2427, 2428, 2429, 2430, 2438, 2446, 2448, 2450, 2455, 2464, 2465, 2466, 2476, 2478, 2490, 2499, 2500, 2501, 2502, 2503, 2507, 2508, 2509, 2510], "summary": {"covered_lines": 819, "num_statements": 963, "percent_covered": 85.04672897196262, "percent_covered_display": "85", "missing_lines": 144, "excluded_lines": 0, "percent_statements_covered": 85.04672897196262, "percent_statements_covered_display": "85"}, "missing_lines": [30, 33, 35, 94, 106, 115, 116, 117, 118, 119, 154, 161, 238, 239, 240, 241, 242, 243, 247, 248, 250, 254, 359, 408, 514, 515, 520, 563, 564, 576, 613, 620, 621, 626, 647, 650, 652, 653, 656, 658, 661, 668, 669, 681, 709, 710, 714, 721, 728, 734, 735, 762, 763, 766, 770, 774, 783, 784, 813, 817, 821, 822, 823, 855, 856, 861, 871, 900, 904, 905, 952, 953, 954, 961, 998, 1005, 1019, 1029, 1030, 1093, 1095, 1096, 1097, 1098, 1099, 1100, 1102, 1103, 1104, 1105, 1106, 1107, 1108, 1110, 1177, 1233, 1234, 1235, 1236, 1237, 1334, 1335, 1336, 1337, 1445, 1467, 1468, 1469, 1480, 1523, 1524, 1525, 1527, 1528, 1531, 1532, 1533, 1534, 1536, 1537, 1539, 1546, 1547, 1598, 1707, 1750, 1758, 1800, 1822, 1865, 1866, 1867, 1870, 1871, 1872, 1873, 1874, 1989, 2124, 2228, 2339, 2360, 2361, 2379], "excluded_lines": [], "functions": {"_solve_quadratic": {"executed_lines": [29, 31, 32, 34, 36, 37, 38, 39], "summary": {"covered_lines": 8, "num_statements": 11, "percent_covered": 72.72727272727273, "percent_covered_display": "73", "missing_lines": 3, "excluded_lines": 0, "percent_statements_covered": 72.72727272727273, "percent_statements_covered_display": "73"}, "missing_lines": [30, 33, 35], "excluded_lines": [], "start_line": 27}, "_intersect_lines": {"executed_lines": [53, 54, 55, 56, 57, 58, 59, 60, 61], "summary": {"covered_lines": 9, "num_statements": 9, "percent_covered": 100.0, "percent_covered_display": "100", "missing_lines": 0, "excluded_lines": 0, "percent_statements_covered": 100.0, "percent_statements_covered_display": "100"}, "missing_lines": [], "excluded_lines": [], "start_line": 42}, "_bezier_closest_t": {"executed_lines": [66], "summary": {"covered_lines": 1, "num_statements": 1, "percent_covered": 100.0, "percent_covered_display": "100", "missing_lines": 0, "excluded_lines": 0, "percent_statements_covered": 100.0, "percent_statements_covered_display": "100"}, "missing_lines": [], "excluded_lines": [], "start_line": 64}, "Point.__init__": {"executed_lines": [78, 79], "summary": {"covered_lines": 2, "num_statements": 2, "percent_covered": 100.0, "percent_covered_display": "100", "missing_lines": 0, "excluded_lines": 0, "percent_statements_covered": 100.0, "percent_statements_covered_display": "100"}, "missing_lines": [], "excluded_lines": [], "start_line": 76}, "Point.x": {"executed_lines": [84], "summary": {"covered_lines": 1, "num_statements": 1, "percent_covered": 100.0, "percent_covered_display": "100", "missing_lines": 0, "excluded_lines": 0, "percent_statements_covered": 100.0, "percent_statements_covered_display": "100"}, "missing_lines": [], "excluded_lines": [], "start_line": 82}, "Point.y": {"executed_lines": [89], "summary": {"covered_lines": 1, "num_statements": 1, "percent_covered": 100.0, "percent_covered_display": "100", "missing_lines": 0, "excluded_lines": 0, "percent_statements_covered": 100.0, "percent_statements_covered_display": "100"}, "missing_lines": [], "excluded_lines": [], "start_line": 87}, "Point.__str__": {"executed_lines": [93, 99], "summary": {"covered_lines": 2, "num_statements": 3, "percent_covered": 66.66666666666667, "percent_covered_display": "67", "missing_lines": 1, "excluded_lines": 0, "percent_statements_covered": 66.66666666666667, "percent_statements_covered_display": "67"}, "missing_lines": [94], "excluded_lines": [], "start_line": 91}, "Point.distance_to": {"executed_lines": [103, 104], "summary": {"covered_lines": 2, "num_statements": 3, "percent_covered": 66.66666666666667, "percent_covered_display": "67", "missing_lines": 1, "excluded_lines": 0, "percent_statements_covered": 66.66666666666667, "percent_statements_covered_display": "67"}, "missing_lines": [106], "excluded_lines": [], "start_line": 101}, "Point.distance_to_segment": {"executed_lines": [], "summary": {"covered_lines": 0, "num_statements": 5, "percent_covered": 0.0, "percent_covered_display": "0", "missing_lines": 5, "excluded_lines": 0, "percent_statements_covered": 0.0, "percent_statements_covered_display": "0"}, "missing_lines": [115, 116, 117, 118, 119], "excluded_lines": [], "start_line": 108}, "Point.translate": {"executed_lines": [123], "summary": {"covered_lines": 1, "num_statements": 1, "percent_covered": 100.0, "percent_covered_display": "100", "missing_lines": 0, "excluded_lines": 0, "percent_statements_covered": 100.0, "percent_statements_covered_display": "100"}, "missing_lines": [], "excluded_lines": [], "start_line": 121}, "Point.__add__": {"executed_lines": [127, 128, 129], "summary": {"covered_lines": 3, "num_statements": 3, "percent_covered": 100.0, "percent_covered_display": "100", "missing_lines": 0, "excluded_lines": 0, "percent_statements_covered": 100.0, "percent_statements_covered_display": "100"}, "missing_lines": [], "excluded_lines": [], "start_line": 125}, "Point.__sub__": {"executed_lines": [133, 134, 135], "summary": {"covered_lines": 3, "num_statements": 3, "percent_covered": 100.0, "percent_covered_display": "100", "missing_lines": 0, "excluded_lines": 0, "percent_statements_covered": 100.0, "percent_statements_covered_display": "100"}, "missing_lines": [], "excluded_lines": [], "start_line": 131}, "Point.__mul__": {"executed_lines": [139, 140, 141], "summary": {"covered_lines": 3, "num_statements": 3, "percent_covered": 100.0, "percent_covered_display": "100", "missing_lines": 0, "excluded_lines": 0, "percent_statements_covered": 100.0, "percent_statements_covered_display": "100"}, "missing_lines": [], "excluded_lines": [], "start_line": 137}, "Point.__rmul__": {"executed_lines": [145], "summary": {"covered_lines": 1, "num_statements": 1, "percent_covered": 100.0, "percent_covered_display": "100", "missing_lines": 0, "excluded_lines": 0, "percent_statements_covered": 100.0, "percent_statements_covered_display": "100"}, "missing_lines": [], "excluded_lines": [], "start_line": 143}, "Point.__neg__": {"executed_lines": [149], "summary": {"covered_lines": 1, "num_statements": 1, "percent_covered": 100.0, "percent_covered_display": "100", "missing_lines": 0, "excluded_lines": 0, "percent_statements_covered": 100.0, "percent_statements_covered_display": "100"}, "missing_lines": [], "excluded_lines": [], "start_line": 147}, "Point.__eq__": {"executed_lines": [153, 155], "summary": {"covered_lines": 2, "num_statements": 3, "percent_covered": 66.66666666666667, "percent_covered_display": "67", "missing_lines": 1, "excluded_lines": 0, "percent_statements_covered": 66.66666666666667, "percent_statements_covered_display": "67"}, "missing_lines": [154], "excluded_lines": [], "start_line": 151}, "Point.__hash__": {"executed_lines": [], "summary": {"covered_lines": 0, "num_statements": 1, "percent_covered": 0.0, "percent_covered_display": "0", "missing_lines": 1, "excluded_lines": 0, "percent_statements_covered": 0.0, "percent_statements_covered_display": "0"}, "missing_lines": [161], "excluded_lines": [], "start_line": 159}, "Point.rotate": {"executed_lines": [171, 172, 173], "summary": {"covered_lines": 3, "num_statements": 3, "percent_covered": 100.0, "percent_covered_display": "100", "missing_lines": 0, "excluded_lines": 0, "percent_statements_covered": 100.0, "percent_statements_covered_display": "100"}, "missing_lines": [], "excluded_lines": [], "start_line": 169}, "Point.move_towards": {"executed_lines": [190, 191, 195], "summary": {"covered_lines": 3, "num_statements": 3, "percent_covered": 100.0, "percent_covered_display": "100", "missing_lines": 0, "excluded_lines": 0, "percent_statements_covered": 100.0, "percent_statements_covered_display": "100"}, "missing_lines": [], "excluded_lines": [], "start_line": 175}, "Segment.__init__": {"executed_lines": [203, 204, 205], "summary": {"covered_lines": 3, "num_statements": 3, "percent_covered": 100.0, "percent_covered_display": "100", "missing_lines": 0, "excluded_lines": 0, "percent_statements_covered": 100.0, "percent_statements_covered_display": "100"}, "missing_lines": [], "excluded_lines": [], "start_line": 201}, "Segment.from_direction": {"executed_lines": [], "summary": {"covered_lines": 0, "num_statements": 6, "percent_covered": 0.0, "percent_covered_display": "0", "missing_lines": 6, "excluded_lines": 0, "percent_statements_covered": 0.0, "percent_statements_covered_display": "0"}, "missing_lines": [238, 239, 240, 241, 242, 243], "excluded_lines": [], "start_line": 208}, "Segment.__str__": {"executed_lines": [], "summary": {"covered_lines": 0, "num_statements": 3, "percent_covered": 0.0, "percent_covered_display": "0", "missing_lines": 3, "excluded_lines": 0, "percent_statements_covered": 0.0, "percent_statements_covered_display": "0"}, "missing_lines": [247, 248, 250], "excluded_lines": [], "start_line": 245}, "Segment.__repr__": {"executed_lines": [], "summary": {"covered_lines": 0, "num_statements": 1, "percent_covered": 0.0, "percent_covered_display": "0", "missing_lines": 1, "excluded_lines": 0, "percent_statements_covered": 0.0, "percent_statements_covered_display": "0"}, "missing_lines": [254], "excluded_lines": [], "start_line": 252}, "Segment.set_name": {"executed_lines": [258, 259], "summary": {"covered_lines": 2, "num_statements": 2, "percent_covered": 100.0, "percent_covered_display": "100", "missing_lines": 0, "excluded_lines": 0, "percent_statements_covered": 100.0, "percent_statements_covered_display": "100"}, "missing_lines": [], "excluded_lines": [], "start_line": 256}, "Segment.translate": {"executed_lines": [263], "summary": {"covered_lines": 1, "num_statements": 1, "percent_covered": 100.0, "percent_covered_display": "100", "missing_lines": 0, "excluded_lines": 0, "percent_statements_covered": 100.0, "percent_statements_covered_display": "100"}, "missing_lines": [], "excluded_lines": [], "start_line": 261}, "Segment.start": {"executed_lines": [270], "summary": {"covered_lines": 1, "num_statements": 1, "percent_covered": 100.0, "percent_covered_display": "100", "missing_lines": 0, "excluded_lines": 0, "percent_statements_covered": 100.0, "percent_statements_covered_display": "100"}, "missing_lines": [], "excluded_lines": [], "start_line": 268}, "Segment.end": {"executed_lines": [275], "summary": {"covered_lines": 1, "num_statements": 1, "percent_covered": 100.0, "percent_covered_display": "100", "missing_lines": 0, "excluded_lines": 0, "percent_statements_covered": 100.0, "percent_statements_covered_display": "100"}, "missing_lines": [], "excluded_lines": [], "start_line": 273}, "Segment.length": {"executed_lines": [280], "summary": {"covered_lines": 1, "num_statements": 1, "percent_covered": 100.0, "percent_covered_display": "100", "missing_lines": 0, "excluded_lines": 0, "percent_statements_covered": 100.0, "percent_statements_covered_display": "100"}, "missing_lines": [], "excluded_lines": [], "start_line": 278}, "Segment.direction_unnormalized": {"executed_lines": [285], "summary": {"covered_lines": 1, "num_statements": 1, "percent_covered": 100.0, "percent_covered_display": "100", "missing_lines": 0, "excluded_lines": 0, "percent_statements_covered": 100.0, "percent_statements_covered_display": "100"}, "missing_lines": [], "excluded_lines": [], "start_line": 283}, "Segment.unit_direction": {"executed_lines": [290, 291], "summary": {"covered_lines": 2, "num_statements": 2, "percent_covered": 100.0, "percent_covered_display": "100", "missing_lines": 0, "excluded_lines": 0, "percent_statements_covered": 100.0, "percent_statements_covered_display": "100"}, "missing_lines": [], "excluded_lines": [], "start_line": 288}, "Segment.unit_normal": {"executed_lines": [296, 297], "summary": {"covered_lines": 2, "num_statements": 2, "percent_covered": 100.0, "percent_covered_display": "100", "missing_lines": 0, "excluded_lines": 0, "percent_statements_covered": 100.0, "percent_statements_covered_display": "100"}, "missing_lines": [], "excluded_lines": [], "start_line": 294}, "Segment.midpoint": {"executed_lines": [302], "summary": {"covered_lines": 1, "num_statements": 1, "percent_covered": 100.0, "percent_covered_display": "100", "missing_lines": 0, "excluded_lines": 0, "percent_statements_covered": 100.0, "percent_statements_covered_display": "100"}, "missing_lines": [], "excluded_lines": [], "start_line": 300}, "Segment.point_at_t": {"executed_lines": [306, 307, 308], "summary": {"covered_lines": 3, "num_statements": 3, "percent_covered": 100.0, "percent_covered_display": "100", "missing_lines": 0, "excluded_lines": 0, "percent_statements_covered": 100.0, "percent_statements_covered_display": "100"}, "missing_lines": [], "excluded_lines": [], "start_line": 304}, "Segment.split": {"executed_lines": [323, 324, 325, 326], "summary": {"covered_lines": 4, "num_statements": 4, "percent_covered": 100.0, "percent_covered_display": "100", "missing_lines": 0, "excluded_lines": 0, "percent_statements_covered": 100.0, "percent_statements_covered_display": "100"}, "missing_lines": [], "excluded_lines": [], "start_line": 310}, "Segment.split_at_points": {"executed_lines": [357, 358, 363, 364, 368, 370, 371, 375, 376, 377, 378, 379, 380, 381, 382, 383, 384], "summary": {"covered_lines": 17, "num_statements": 18, "percent_covered": 94.44444444444444, "percent_covered_display": "94", "missing_lines": 1, "excluded_lines": 0, "percent_statements_covered": 94.44444444444444, "percent_statements_covered_display": "94"}, "missing_lines": [359], "excluded_lines": [], "start_line": 330}, "Segment.point_perpendicular": {"executed_lines": [402, 403, 404, 405, 406, 407, 409, 411, 413], "summary": {"covered_lines": 9, "num_statements": 10, "percent_covered": 90.0, "percent_covered_display": "90", "missing_lines": 1, "excluded_lines": 0, "percent_statements_covered": 90.0, "percent_statements_covered_display": "90"}, "missing_lines": [408], "excluded_lines": [], "start_line": 386}, "Segment.project_point": {"executed_lines": [417, 418, 419, 420], "summary": {"covered_lines": 4, "num_statements": 4, "percent_covered": 100.0, "percent_covered_display": "100", "missing_lines": 0, "excluded_lines": 0, "percent_statements_covered": 100.0, "percent_statements_covered_display": "100"}, "missing_lines": [], "excluded_lines": [], "start_line": 415}, "Segment.reflect_point": {"executed_lines": [424, 425], "summary": {"covered_lines": 2, "num_statements": 2, "percent_covered": 100.0, "percent_covered_display": "100", "missing_lines": 0, "excluded_lines": 0, "percent_statements_covered": 100.0, "percent_statements_covered_display": "100"}, "missing_lines": [], "excluded_lines": [], "start_line": 422}, "Segment.contains_point": {"executed_lines": [429, 430], "summary": {"covered_lines": 2, "num_statements": 2, "percent_covered": 100.0, "percent_covered_display": "100", "missing_lines": 0, "excluded_lines": 0, "percent_statements_covered": 100.0, "percent_statements_covered_display": "100"}, "missing_lines": [], "excluded_lines": [], "start_line": 427}, "Segment.point_at_length": {"executed_lines": [434, 435], "summary": {"covered_lines": 2, "num_statements": 2, "percent_covered": 100.0, "percent_covered_display": "100", "missing_lines": 0, "excluded_lines": 0, "percent_statements_covered": 100.0, "percent_statements_covered_display": "100"}, "missing_lines": [], "excluded_lines": [], "start_line": 432}, "Segment.point_along_from": {"executed_lines": [442, 443], "summary": {"covered_lines": 2, "num_statements": 2, "percent_covered": 100.0, "percent_covered_display": "100", "missing_lines": 0, "excluded_lines": 0, "percent_statements_covered": 100.0, "percent_statements_covered_display": "100"}, "missing_lines": [], "excluded_lines": [], "start_line": 437}, "Segment.bounding_box": {"executed_lines": [447, 448, 449, 450, 451], "summary": {"covered_lines": 5, "num_statements": 5, "percent_covered": 100.0, "percent_covered_display": "100", "missing_lines": 0, "excluded_lines": 0, "percent_statements_covered": 100.0, "percent_statements_covered_display": "100"}, "missing_lines": [], "excluded_lines": [], "start_line": 445}, "Segment.offset": {"executed_lines": [459, 460, 461, 463, 464, 465, 467, 468, 469, 470], "summary": {"covered_lines": 10, "num_statements": 10, "percent_covered": 100.0, "percent_covered_display": "100", "missing_lines": 0, "excluded_lines": 0, "percent_statements_covered": 100.0, "percent_statements_covered_display": "100"}, "missing_lines": [], "excluded_lines": [], "start_line": 453}, "Ray.__init__": {"executed_lines": [498, 501, 502, 505, 506, 507, 509, 510], "summary": {"covered_lines": 8, "num_statements": 8, "percent_covered": 100.0, "percent_covered_display": "100", "missing_lines": 0, "excluded_lines": 0, "percent_statements_covered": 100.0, "percent_statements_covered_display": "100"}, "missing_lines": [], "excluded_lines": [], "start_line": 482}, "Ray.__str__": {"executed_lines": [], "summary": {"covered_lines": 0, "num_statements": 3, "percent_covered": 0.0, "percent_covered_display": "0", "missing_lines": 3, "excluded_lines": 0, "percent_statements_covered": 0.0, "percent_statements_covered_display": "0"}, "missing_lines": [514, 515, 520], "excluded_lines": [], "start_line": 512}, "Ray.unit_direction": {"executed_lines": [525], "summary": {"covered_lines": 1, "num_statements": 1, "percent_covered": 100.0, "percent_covered_display": "100", "missing_lines": 0, "excluded_lines": 0, "percent_statements_covered": 100.0, "percent_statements_covered_display": "100"}, "missing_lines": [], "excluded_lines": [], "start_line": 523}, "Ray.unit_normal": {"executed_lines": [530, 531], "summary": {"covered_lines": 2, "num_statements": 2, "percent_covered": 100.0, "percent_covered_display": "100", "missing_lines": 0, "excluded_lines": 0, "percent_statements_covered": 100.0, "percent_statements_covered_display": "100"}, "missing_lines": [], "excluded_lines": [], "start_line": 528}, "Ray.point_at_distance": {"executed_lines": [535], "summary": {"covered_lines": 1, "num_statements": 1, "percent_covered": 100.0, "percent_covered_display": "100", "missing_lines": 0, "excluded_lines": 0, "percent_statements_covered": 100.0, "percent_statements_covered_display": "100"}, "missing_lines": [], "excluded_lines": [], "start_line": 533}, "Ray.contains_point": {"executed_lines": [540, 543, 545, 546, 549, 552, 556], "summary": {"covered_lines": 7, "num_statements": 7, "percent_covered": 100.0, "percent_covered_display": "100", "missing_lines": 0, "excluded_lines": 0, "percent_statements_covered": 100.0, "percent_statements_covered_display": "100"}, "missing_lines": [], "excluded_lines": [], "start_line": 537}, "Ray.point_perpendicular": {"executed_lines": [], "summary": {"covered_lines": 0, "num_statements": 2, "percent_covered": 0.0, "percent_covered_display": "0", "missing_lines": 2, "excluded_lines": 0, "percent_statements_covered": 0.0, "percent_statements_covered_display": "0"}, "missing_lines": [563, 564], "excluded_lines": [], "start_line": 558}, "Ray.point_along_from": {"executed_lines": [571, 572], "summary": {"covered_lines": 2, "num_statements": 2, "percent_covered": 100.0, "percent_covered_display": "100", "missing_lines": 0, "excluded_lines": 0, "percent_statements_covered": 100.0, "percent_statements_covered_display": "100"}, "missing_lines": [], "excluded_lines": [], "start_line": 566}, "Ray.translate": {"executed_lines": [], "summary": {"covered_lines": 0, "num_statements": 1, "percent_covered": 0.0, "percent_covered_display": "0", "missing_lines": 1, "excluded_lines": 0, "percent_statements_covered": 0.0, "percent_statements_covered_display": "0"}, "missing_lines": [576], "excluded_lines": [], "start_line": 574}, "Line.__init__": {"executed_lines": [604, 607, 608, 611, 612, 615, 616], "summary": {"covered_lines": 7, "num_statements": 8, "percent_covered": 87.5, "percent_covered_display": "88", "missing_lines": 1, "excluded_lines": 0, "percent_statements_covered": 87.5, "percent_statements_covered_display": "88"}, "missing_lines": [613], "excluded_lines": [], "start_line": 588}, "Line.__str__": {"executed_lines": [], "summary": {"covered_lines": 0, "num_statements": 3, "percent_covered": 0.0, "percent_covered_display": "0", "missing_lines": 3, "excluded_lines": 0, "percent_statements_covered": 0.0, "percent_statements_covered_display": "0"}, "missing_lines": [620, 621, 626], "excluded_lines": [], "start_line": 618}, "Line.unit_direction": {"executed_lines": [631], "summary": {"covered_lines": 1, "num_statements": 1, "percent_covered": 100.0, "percent_covered_display": "100", "missing_lines": 0, "excluded_lines": 0, "percent_statements_covered": 100.0, "percent_statements_covered_display": "100"}, "missing_lines": [], "excluded_lines": [], "start_line": 629}, "Line.unit_normal": {"executed_lines": [636, 637], "summary": {"covered_lines": 2, "num_statements": 2, "percent_covered": 100.0, "percent_covered_display": "100", "missing_lines": 0, "excluded_lines": 0, "percent_statements_covered": 100.0, "percent_statements_covered_display": "100"}, "missing_lines": [], "excluded_lines": [], "start_line": 634}, "Line.point_at_distance": {"executed_lines": [641, 642], "summary": {"covered_lines": 2, "num_statements": 2, "percent_covered": 100.0, "percent_covered_display": "100", "missing_lines": 0, "excluded_lines": 0, "percent_statements_covered": 100.0, "percent_statements_covered_display": "100"}, "missing_lines": [], "excluded_lines": [], "start_line": 639}, "Line.contains_point": {"executed_lines": [], "summary": {"covered_lines": 0, "num_statements": 7, "percent_covered": 0.0, "percent_covered_display": "0", "missing_lines": 7, "excluded_lines": 0, "percent_statements_covered": 0.0, "percent_statements_covered_display": "0"}, "missing_lines": [647, 650, 652, 653, 656, 658, 661], "excluded_lines": [], "start_line": 644}, "Line.point_perpendicular": {"executed_lines": [], "summary": {"covered_lines": 0, "num_statements": 2, "percent_covered": 0.0, "percent_covered_display": "0", "missing_lines": 2, "excluded_lines": 0, "percent_statements_covered": 0.0, "percent_statements_covered_display": "0"}, "missing_lines": [668, 669], "excluded_lines": [], "start_line": 663}, "Line.point_along_from": {"executed_lines": [676, 677], "summary": {"covered_lines": 2, "num_statements": 2, "percent_covered": 100.0, "percent_covered_display": "100", "missing_lines": 0, "excluded_lines": 0, "percent_statements_covered": 100.0, "percent_statements_covered_display": "100"}, "missing_lines": [], "excluded_lines": [], "start_line": 671}, "Line.translate": {"executed_lines": [], "summary": {"covered_lines": 0, "num_statements": 1, "percent_covered": 0.0, "percent_covered_display": "0", "missing_lines": 1, "excluded_lines": 0, "percent_statements_covered": 0.0, "percent_statements_covered_display": "0"}, "missing_lines": [681], "excluded_lines": [], "start_line": 679}, "Rect.__init__": {"executed_lines": [702, 703, 704, 705], "summary": {"covered_lines": 4, "num_statements": 4, "percent_covered": 100.0, "percent_covered_display": "100", "missing_lines": 0, "excluded_lines": 0, "percent_statements_covered": 100.0, "percent_statements_covered_display": "100"}, "missing_lines": [], "excluded_lines": [], "start_line": 694}, "Rect.__str__": {"executed_lines": [], "summary": {"covered_lines": 0, "num_statements": 3, "percent_covered": 0.0, "percent_covered_display": "0", "missing_lines": 3, "excluded_lines": 0, "percent_statements_covered": 0.0, "percent_statements_covered_display": "0"}, "missing_lines": [709, 710, 714], "excluded_lines": [], "start_line": 707}, "Rect.__repr__": {"executed_lines": [], "summary": {"covered_lines": 0, "num_statements": 1, "percent_covered": 0.0, "percent_covered_display": "0", "missing_lines": 1, "excluded_lines": 0, "percent_statements_covered": 0.0, "percent_statements_covered_display": "0"}, "missing_lines": [721], "excluded_lines": [], "start_line": 719}, "Rect.translate": {"executed_lines": [], "summary": {"covered_lines": 0, "num_statements": 1, "percent_covered": 0.0, "percent_covered_display": "0", "missing_lines": 1, "excluded_lines": 0, "percent_statements_covered": 0.0, "percent_statements_covered_display": "0"}, "missing_lines": [728], "excluded_lines": [], "start_line": 726}, "Rect.set_name": {"executed_lines": [], "summary": {"covered_lines": 0, "num_statements": 2, "percent_covered": 0.0, "percent_covered_display": "0", "missing_lines": 2, "excluded_lines": 0, "percent_statements_covered": 0.0, "percent_statements_covered_display": "0"}, "missing_lines": [734, 735], "excluded_lines": [], "start_line": 732}, "Triangle.__init__": {"executed_lines": [755, 756, 757, 758], "summary": {"covered_lines": 4, "num_statements": 4, "percent_covered": 100.0, "percent_covered_display": "100", "missing_lines": 0, "excluded_lines": 0, "percent_statements_covered": 100.0, "percent_statements_covered_display": "100"}, "missing_lines": [], "excluded_lines": [], "start_line": 751}, "Triangle.__str__": {"executed_lines": [], "summary": {"covered_lines": 0, "num_statements": 3, "percent_covered": 0.0, "percent_covered_display": "0", "missing_lines": 3, "excluded_lines": 0, "percent_statements_covered": 0.0, "percent_statements_covered_display": "0"}, "missing_lines": [762, 763, 766], "excluded_lines": [], "start_line": 760}, "Triangle.__repr__": {"executed_lines": [], "summary": {"covered_lines": 0, "num_statements": 1, "percent_covered": 0.0, "percent_covered_display": "0", "missing_lines": 1, "excluded_lines": 0, "percent_statements_covered": 0.0, "percent_statements_covered_display": "0"}, "missing_lines": [770], "excluded_lines": [], "start_line": 768}, "Triangle.translate": {"executed_lines": [], "summary": {"covered_lines": 0, "num_statements": 1, "percent_covered": 0.0, "percent_covered_display": "0", "missing_lines": 1, "excluded_lines": 0, "percent_statements_covered": 0.0, "percent_statements_covered_display": "0"}, "missing_lines": [774], "excluded_lines": [], "start_line": 772}, "Triangle.set_name": {"executed_lines": [], "summary": {"covered_lines": 0, "num_statements": 2, "percent_covered": 0.0, "percent_covered_display": "0", "missing_lines": 2, "excluded_lines": 0, "percent_statements_covered": 0.0, "percent_statements_covered_display": "0"}, "missing_lines": [783, 784], "excluded_lines": [], "start_line": 781}, "InfoBox.__init__": {"executed_lines": [806, 807, 808, 809], "summary": {"covered_lines": 4, "num_statements": 4, "percent_covered": 100.0, "percent_covered_display": "100", "missing_lines": 0, "excluded_lines": 0, "percent_statements_covered": 100.0, "percent_statements_covered_display": "100"}, "missing_lines": [], "excluded_lines": [], "start_line": 799}, "InfoBox.__str__": {"executed_lines": [], "summary": {"covered_lines": 0, "num_statements": 1, "percent_covered": 0.0, "percent_covered_display": "0", "missing_lines": 1, "excluded_lines": 0, "percent_statements_covered": 0.0, "percent_statements_covered_display": "0"}, "missing_lines": [813], "excluded_lines": [], "start_line": 811}, "InfoBox.__repr__": {"executed_lines": [], "summary": {"covered_lines": 0, "num_statements": 1, "percent_covered": 0.0, "percent_covered_display": "0", "missing_lines": 1, "excluded_lines": 0, "percent_statements_covered": 0.0, "percent_statements_covered_display": "0"}, "missing_lines": [817], "excluded_lines": [], "start_line": 815}, "InfoBox.translate": {"executed_lines": [], "summary": {"covered_lines": 0, "num_statements": 3, "percent_covered": 0.0, "percent_covered_display": "0", "missing_lines": 3, "excluded_lines": 0, "percent_statements_covered": 0.0, "percent_statements_covered_display": "0"}, "missing_lines": [821, 822, 823], "excluded_lines": [], "start_line": 819}, "Circle.__init__": {"executed_lines": [846, 847, 849, 850, 851], "summary": {"covered_lines": 5, "num_statements": 5, "percent_covered": 100.0, "percent_covered_display": "100", "missing_lines": 0, "excluded_lines": 0, "percent_statements_covered": 100.0, "percent_statements_covered_display": "100"}, "missing_lines": [], "excluded_lines": [], "start_line": 835}, "Circle.__str__": {"executed_lines": [], "summary": {"covered_lines": 0, "num_statements": 3, "percent_covered": 0.0, "percent_covered_display": "0", "missing_lines": 3, "excluded_lines": 0, "percent_statements_covered": 0.0, "percent_statements_covered_display": "0"}, "missing_lines": [855, 856, 861], "excluded_lines": [], "start_line": 853}, "Circle.area": {"executed_lines": [866], "summary": {"covered_lines": 1, "num_statements": 1, "percent_covered": 100.0, "percent_covered_display": "100", "missing_lines": 0, "excluded_lines": 0, "percent_statements_covered": 100.0, "percent_statements_covered_display": "100"}, "missing_lines": [], "excluded_lines": [], "start_line": 864}, "Circle.diameter": {"executed_lines": [], "summary": {"covered_lines": 0, "num_statements": 1, "percent_covered": 0.0, "percent_covered_display": "0", "missing_lines": 1, "excluded_lines": 0, "percent_statements_covered": 0.0, "percent_statements_covered_display": "0"}, "missing_lines": [871], "excluded_lines": [], "start_line": 869}, "Circle.circumference": {"executed_lines": [876], "summary": {"covered_lines": 1, "num_statements": 1, "percent_covered": 100.0, "percent_covered_display": "100", "missing_lines": 0, "excluded_lines": 0, "percent_statements_covered": 100.0, "percent_statements_covered_display": "100"}, "missing_lines": [], "excluded_lines": [], "start_line": 874}, "Circle.contains_point": {"executed_lines": [880], "summary": {"covered_lines": 1, "num_statements": 1, "percent_covered": 100.0, "percent_covered_display": "100", "missing_lines": 0, "excluded_lines": 0, "percent_statements_covered": 100.0, "percent_statements_covered_display": "100"}, "missing_lines": [], "excluded_lines": [], "start_line": 878}, "Circle.contains_point_inside": {"executed_lines": [886, 887], "summary": {"covered_lines": 2, "num_statements": 2, "percent_covered": 100.0, "percent_covered_display": "100", "missing_lines": 0, "excluded_lines": 0, "percent_statements_covered": 100.0, "percent_statements_covered_display": "100"}, "missing_lines": [], "excluded_lines": [], "start_line": 882}, "Circle.point_at_angle": {"executed_lines": [891], "summary": {"covered_lines": 1, "num_statements": 1, "percent_covered": 100.0, "percent_covered_display": "100", "missing_lines": 0, "excluded_lines": 0, "percent_statements_covered": 100.0, "percent_statements_covered_display": "100"}, "missing_lines": [], "excluded_lines": [], "start_line": 889}, "Circle.translate": {"executed_lines": [], "summary": {"covered_lines": 0, "num_statements": 1, "percent_covered": 0.0, "percent_covered_display": "0", "missing_lines": 1, "excluded_lines": 0, "percent_statements_covered": 0.0, "percent_statements_covered_display": "0"}, "missing_lines": [900], "excluded_lines": [], "start_line": 898}, "Circle.set_name": {"executed_lines": [], "summary": {"covered_lines": 0, "num_statements": 2, "percent_covered": 0.0, "percent_covered_display": "0", "missing_lines": 2, "excluded_lines": 0, "percent_statements_covered": 0.0, "percent_statements_covered_display": "0"}, "missing_lines": [904, 905], "excluded_lines": [], "start_line": 902}, "Circle.point_along_from": {"executed_lines": [912, 913], "summary": {"covered_lines": 2, "num_statements": 2, "percent_covered": 100.0, "percent_covered_display": "100", "missing_lines": 0, "excluded_lines": 0, "percent_statements_covered": 100.0, "percent_statements_covered_display": "100"}, "missing_lines": [], "excluded_lines": [], "start_line": 907}, "Circle._intersect_with_circle": {"executed_lines": [917, 918, 919, 920, 921, 922, 923, 924, 925, 926, 927, 928, 929, 930, 931], "summary": {"covered_lines": 15, "num_statements": 15, "percent_covered": 100.0, "percent_covered_display": "100", "missing_lines": 0, "excluded_lines": 0, "percent_statements_covered": 100.0, "percent_statements_covered_display": "100"}, "missing_lines": [], "excluded_lines": [], "start_line": 915}, "_intersect_linear_linear": {"executed_lines": [943, 945, 956, 957, 958, 959, 960, 962], "summary": {"covered_lines": 8, "num_statements": 9, "percent_covered": 88.88888888888889, "percent_covered_display": "89", "missing_lines": 1, "excluded_lines": 0, "percent_statements_covered": 88.88888888888889, "percent_statements_covered_display": "89"}, "missing_lines": [961], "excluded_lines": [], "start_line": 934}, "_intersect_linear_linear._to_shapely": {"executed_lines": [946, 947, 948, 949, 950], "summary": {"covered_lines": 5, "num_statements": 8, "percent_covered": 62.5, "percent_covered_display": "62", "missing_lines": 3, "excluded_lines": 0, "percent_statements_covered": 62.5, "percent_statements_covered_display": "62"}, "missing_lines": [952, 953, 954], "excluded_lines": [], "start_line": 945}, "CubicBezier.__init__": {"executed_lines": [990, 991, 992, 993, 994], "summary": {"covered_lines": 5, "num_statements": 5, "percent_covered": 100.0, "percent_covered_display": "100", "missing_lines": 0, "excluded_lines": 0, "percent_statements_covered": 100.0, "percent_statements_covered_display": "100"}, "missing_lines": [], "excluded_lines": [], "start_line": 978}, "CubicBezier.__str__": {"executed_lines": [], "summary": {"covered_lines": 0, "num_statements": 1, "percent_covered": 0.0, "percent_covered_display": "0", "missing_lines": 1, "excluded_lines": 0, "percent_statements_covered": 0.0, "percent_statements_covered_display": "0"}, "missing_lines": [998], "excluded_lines": [], "start_line": 996}, "CubicBezier.__repr__": {"executed_lines": [], "summary": {"covered_lines": 0, "num_statements": 1, "percent_covered": 0.0, "percent_covered_display": "0", "missing_lines": 1, "excluded_lines": 0, "percent_statements_covered": 0.0, "percent_statements_covered_display": "0"}, "missing_lines": [1005], "excluded_lines": [], "start_line": 1003}, "CubicBezier.start": {"executed_lines": [1010], "summary": {"covered_lines": 1, "num_statements": 1, "percent_covered": 100.0, "percent_covered_display": "100", "missing_lines": 0, "excluded_lines": 0, "percent_statements_covered": 100.0, "percent_statements_covered_display": "100"}, "missing_lines": [], "excluded_lines": [], "start_line": 1008}, "CubicBezier.end": {"executed_lines": [1015], "summary": {"covered_lines": 1, "num_statements": 1, "percent_covered": 100.0, "percent_covered_display": "100", "missing_lines": 0, "excluded_lines": 0, "percent_statements_covered": 100.0, "percent_statements_covered_display": "100"}, "missing_lines": [], "excluded_lines": [], "start_line": 1013}, "CubicBezier.translate": {"executed_lines": [], "summary": {"covered_lines": 0, "num_statements": 1, "percent_covered": 0.0, "percent_covered_display": "0", "missing_lines": 1, "excluded_lines": 0, "percent_statements_covered": 0.0, "percent_statements_covered_display": "0"}, "missing_lines": [1019], "excluded_lines": [], "start_line": 1017}, "CubicBezier.set_name": {"executed_lines": [], "summary": {"covered_lines": 0, "num_statements": 2, "percent_covered": 0.0, "percent_covered_display": "0", "missing_lines": 2, "excluded_lines": 0, "percent_statements_covered": 0.0, "percent_statements_covered_display": "0"}, "missing_lines": [1029, 1030], "excluded_lines": [], "start_line": 1027}, "CubicBezier.point_at_t": {"executed_lines": [1042, 1043, 1044, 1045, 1046, 1048, 1055, 1062], "summary": {"covered_lines": 8, "num_statements": 8, "percent_covered": 100.0, "percent_covered_display": "100", "missing_lines": 0, "excluded_lines": 0, "percent_statements_covered": 100.0, "percent_statements_covered_display": "100"}, "missing_lines": [], "excluded_lines": [], "start_line": 1032}, "CubicBezier._svg": {"executed_lines": [1066], "summary": {"covered_lines": 1, "num_statements": 1, "percent_covered": 100.0, "percent_covered_display": "100", "missing_lines": 0, "excluded_lines": 0, "percent_statements_covered": 100.0, "percent_statements_covered_display": "100"}, "missing_lines": [], "excluded_lines": [], "start_line": 1064}, "CubicBezier.length": {"executed_lines": [1076], "summary": {"covered_lines": 1, "num_statements": 1, "percent_covered": 100.0, "percent_covered_display": "100", "missing_lines": 0, "excluded_lines": 0, "percent_statements_covered": 100.0, "percent_statements_covered_display": "100"}, "missing_lines": [], "excluded_lines": [], "start_line": 1074}, "CubicBezier.tangent_at_t": {"executed_lines": [1080, 1081], "summary": {"covered_lines": 2, "num_statements": 2, "percent_covered": 100.0, "percent_covered_display": "100", "missing_lines": 0, "excluded_lines": 0, "percent_statements_covered": 100.0, "percent_statements_covered_display": "100"}, "missing_lines": [], "excluded_lines": [], "start_line": 1078}, "CubicBezier.normal_at_t": {"executed_lines": [1089, 1090, 1091, 1092], "summary": {"covered_lines": 4, "num_statements": 19, "percent_covered": 21.05263157894737, "percent_covered_display": "21", "missing_lines": 15, "excluded_lines": 0, "percent_statements_covered": 21.05263157894737, "percent_statements_covered_display": "21"}, "missing_lines": [1093, 1095, 1096, 1097, 1098, 1099, 1100, 1102, 1103, 1104, 1105, 1106, 1107, 1108, 1110], "excluded_lines": [], "start_line": 1083}, "CubicBezier.point_at_length": {"executed_lines": [1114, 1115, 1116, 1117, 1118], "summary": {"covered_lines": 5, "num_statements": 5, "percent_covered": 100.0, "percent_covered_display": "100", "missing_lines": 0, "excluded_lines": 0, "percent_statements_covered": 100.0, "percent_statements_covered_display": "100"}, "missing_lines": [], "excluded_lines": [], "start_line": 1112}, "CubicBezier.point_along_from": {"executed_lines": [1125, 1126, 1127, 1128], "summary": {"covered_lines": 4, "num_statements": 4, "percent_covered": 100.0, "percent_covered_display": "100", "missing_lines": 0, "excluded_lines": 0, "percent_statements_covered": 100.0, "percent_statements_covered_display": "100"}, "missing_lines": [], "excluded_lines": [], "start_line": 1120}, "CubicBezier.split": {"executed_lines": [1132, 1133], "summary": {"covered_lines": 2, "num_statements": 2, "percent_covered": 100.0, "percent_covered_display": "100", "missing_lines": 0, "excluded_lines": 0, "percent_statements_covered": 100.0, "percent_statements_covered_display": "100"}, "missing_lines": [], "excluded_lines": [], "start_line": 1130}, "CubicBezier.split_at_points": {"executed_lines": [1175, 1176, 1179, 1180, 1182, 1185, 1187, 1188, 1192, 1193, 1194, 1195, 1196, 1197, 1198, 1199, 1200, 1201], "summary": {"covered_lines": 18, "num_statements": 19, "percent_covered": 94.73684210526316, "percent_covered_display": "95", "missing_lines": 1, "excluded_lines": 0, "percent_statements_covered": 94.73684210526316, "percent_statements_covered_display": "95"}, "missing_lines": [1177], "excluded_lines": [], "start_line": 1148}, "CubicBezier.bounding_box": {"executed_lines": [1209, 1210, 1215, 1216, 1217, 1219, 1220, 1221, 1224, 1225, 1226, 1227, 1228, 1229, 1230, 1231, 1232, 1239, 1240, 1242], "summary": {"covered_lines": 20, "num_statements": 25, "percent_covered": 80.0, "percent_covered_display": "80", "missing_lines": 5, "excluded_lines": 0, "percent_statements_covered": 80.0, "percent_statements_covered_display": "80"}, "missing_lines": [1233, 1234, 1235, 1236, 1237], "excluded_lines": [], "start_line": 1203}, "CubicBezier.point_perpendicular": {"executed_lines": [1249, 1250, 1251], "summary": {"covered_lines": 3, "num_statements": 3, "percent_covered": 100.0, "percent_covered_display": "100", "missing_lines": 0, "excluded_lines": 0, "percent_statements_covered": 100.0, "percent_statements_covered_display": "100"}, "missing_lines": [], "excluded_lines": [], "start_line": 1244}, "CubicBezier.contains_point": {"executed_lines": [1258, 1259], "summary": {"covered_lines": 2, "num_statements": 2, "percent_covered": 100.0, "percent_covered_display": "100", "missing_lines": 0, "excluded_lines": 0, "percent_statements_covered": 100.0, "percent_statements_covered_display": "100"}, "missing_lines": [], "excluded_lines": [], "start_line": 1253}, "CubicBezier.offset": {"executed_lines": [1276, 1277, 1278, 1279, 1280, 1282, 1284, 1299, 1305, 1306, 1307, 1308, 1314, 1315, 1316, 1317, 1325], "summary": {"covered_lines": 17, "num_statements": 17, "percent_covered": 100.0, "percent_covered_display": "100", "missing_lines": 0, "excluded_lines": 0, "percent_statements_covered": 100.0, "percent_statements_covered_display": "100"}, "missing_lines": [], "excluded_lines": [], "start_line": 1261}, "CubicBezier.offset._hodograph": {"executed_lines": [1287, 1291], "summary": {"covered_lines": 2, "num_statements": 2, "percent_covered": 100.0, "percent_covered_display": "100", "missing_lines": 0, "excluded_lines": 0, "percent_statements_covered": 100.0, "percent_statements_covered_display": "100"}, "missing_lines": [], "excluded_lines": [], "start_line": 1284}, "CubicBezier.offset._hodograph._shifted": {"executed_lines": [1288, 1289], "summary": {"covered_lines": 2, "num_statements": 2, "percent_covered": 100.0, "percent_covered_display": "100", "missing_lines": 0, "excluded_lines": 0, "percent_statements_covered": 100.0, "percent_statements_covered_display": "100"}, "missing_lines": [], "excluded_lines": [], "start_line": 1287}, "CubicBezier.offset_error": {"executed_lines": [1333, 1339, 1340, 1341, 1342, 1343], "summary": {"covered_lines": 6, "num_statements": 10, "percent_covered": 60.0, "percent_covered_display": "60", "missing_lines": 4, "excluded_lines": 0, "percent_statements_covered": 60.0, "percent_statements_covered_display": "60"}, "missing_lines": [1334, 1335, 1336, 1337], "excluded_lines": [], "start_line": 1327}, "CubicBezier.offset_adaptive": {"executed_lines": [1361, 1362, 1363, 1364, 1365, 1367, 1370, 1374, 1383, 1384, 1386, 1387, 1388, 1389, 1392, 1393], "summary": {"covered_lines": 16, "num_statements": 16, "percent_covered": 100.0, "percent_covered_display": "100", "missing_lines": 0, "excluded_lines": 0, "percent_statements_covered": 100.0, "percent_statements_covered_display": "100"}, "missing_lines": [], "excluded_lines": [], "start_line": 1345}, "CubicBezier.offset_adaptive._shifted": {"executed_lines": [1371, 1372], "summary": {"covered_lines": 2, "num_statements": 2, "percent_covered": 100.0, "percent_covered_display": "100", "missing_lines": 0, "excluded_lines": 0, "percent_statements_covered": 100.0, "percent_statements_covered_display": "100"}, "missing_lines": [], "excluded_lines": [], "start_line": 1370}, "_intersect_bezier_bezier": {"executed_lines": [1408, 1414, 1420, 1421, 1422, 1423, 1424, 1425], "summary": {"covered_lines": 8, "num_statements": 8, "percent_covered": 100.0, "percent_covered_display": "100", "missing_lines": 0, "excluded_lines": 0, "percent_statements_covered": 100.0, "percent_statements_covered_display": "100"}, "missing_lines": [], "excluded_lines": [], "start_line": 1400}, "_bezier_shapely": {"executed_lines": [1430], "summary": {"covered_lines": 1, "num_statements": 1, "percent_covered": 100.0, "percent_covered_display": "100", "missing_lines": 0, "excluded_lines": 0, "percent_statements_covered": 100.0, "percent_statements_covered_display": "100"}, "missing_lines": [], "excluded_lines": [], "start_line": 1428}, "geom_to_shapely": {"executed_lines": [1443, 1444], "summary": {"covered_lines": 2, "num_statements": 3, "percent_covered": 66.66666666666667, "percent_covered_display": "67", "missing_lines": 1, "excluded_lines": 0, "percent_statements_covered": 66.66666666666667, "percent_statements_covered_display": "67"}, "missing_lines": [1445], "excluded_lines": [], "start_line": 1435}, "_true_offset_ls": {"executed_lines": [1450, 1451, 1452, 1453, 1454, 1455, 1456], "summary": {"covered_lines": 7, "num_statements": 7, "percent_covered": 100.0, "percent_covered_display": "100", "missing_lines": 0, "excluded_lines": 0, "percent_statements_covered": 100.0, "percent_statements_covered_display": "100"}, "missing_lines": [], "excluded_lines": [], "start_line": 1448}, "_linear_shapely": {"executed_lines": [1461, 1462, 1463, 1464, 1465], "summary": {"covered_lines": 5, "num_statements": 8, "percent_covered": 62.5, "percent_covered_display": "62", "missing_lines": 3, "excluded_lines": 0, "percent_statements_covered": 62.5, "percent_statements_covered_display": "62"}, "missing_lines": [1467, 1468, 1469], "excluded_lines": [], "start_line": 1459}, "_shapely_to_points": {"executed_lines": [1474, 1475, 1476, 1477, 1478, 1479], "summary": {"covered_lines": 6, "num_statements": 7, "percent_covered": 85.71428571428571, "percent_covered_display": "86", "missing_lines": 1, "excluded_lines": 0, "percent_statements_covered": 85.71428571428571, "percent_statements_covered_display": "86"}, "missing_lines": [1480], "excluded_lines": [], "start_line": 1472}, "intersect": {"executed_lines": [1500, 1501, 1506, 1507, 1508, 1509, 1511, 1512, 1515, 1516, 1519, 1520], "summary": {"covered_lines": 12, "num_statements": 24, "percent_covered": 50.0, "percent_covered_display": "50", "missing_lines": 12, "excluded_lines": 0, "percent_statements_covered": 50.0, "percent_statements_covered_display": "50"}, "missing_lines": [1523, 1524, 1525, 1527, 1528, 1531, 1532, 1533, 1534, 1536, 1537, 1539], "excluded_lines": [], "start_line": 1488}, "segment_to_intersection": {"executed_lines": [], "summary": {"covered_lines": 0, "num_statements": 2, "percent_covered": 0.0, "percent_covered_display": "0", "missing_lines": 2, "excluded_lines": 0, "percent_statements_covered": 0.0, "percent_statements_covered_display": "0"}, "missing_lines": [1546, 1547], "excluded_lines": [], "start_line": 1542}, "geom_start": {"executed_lines": [1559], "summary": {"covered_lines": 1, "num_statements": 1, "percent_covered": 100.0, "percent_covered_display": "100", "missing_lines": 0, "excluded_lines": 0, "percent_statements_covered": 100.0, "percent_statements_covered_display": "100"}, "missing_lines": [], "excluded_lines": [], "start_line": 1557}, "geom_end": {"executed_lines": [1564], "summary": {"covered_lines": 1, "num_statements": 1, "percent_covered": 100.0, "percent_covered_display": "100", "missing_lines": 0, "excluded_lines": 0, "percent_statements_covered": 100.0, "percent_statements_covered_display": "100"}, "missing_lines": [], "excluded_lines": [], "start_line": 1562}, "edge_tangent": {"executed_lines": [1575, 1577, 1578, 1580, 1581, 1582], "summary": {"covered_lines": 6, "num_statements": 6, "percent_covered": 100.0, "percent_covered_display": "100", "missing_lines": 0, "excluded_lines": 0, "percent_statements_covered": 100.0, "percent_statements_covered_display": "100"}, "missing_lines": [], "excluded_lines": [], "start_line": 1567}, "with_endpoints": {"executed_lines": [1589, 1590, 1591], "summary": {"covered_lines": 3, "num_statements": 3, "percent_covered": 100.0, "percent_covered_display": "100", "missing_lines": 0, "excluded_lines": 0, "percent_statements_covered": 100.0, "percent_statements_covered_display": "100"}, "missing_lines": [], "excluded_lines": [], "start_line": 1585}, "_reverse_geom": {"executed_lines": [1596, 1597], "summary": {"covered_lines": 2, "num_statements": 3, "percent_covered": 66.66666666666667, "percent_covered_display": "67", "missing_lines": 1, "excluded_lines": 0, "percent_statements_covered": 66.66666666666667, "percent_statements_covered_display": "67"}, "missing_lines": [1598], "excluded_lines": [], "start_line": 1594}, "build_chain": {"executed_lines": [1615, 1616, 1618, 1619, 1620, 1621, 1622, 1624, 1625, 1628, 1629, 1630, 1631, 1632, 1633, 1634, 1635, 1638, 1639, 1640, 1641, 1642, 1643, 1644, 1645, 1647, 1648, 1649], "summary": {"covered_lines": 28, "num_statements": 28, "percent_covered": 100.0, "percent_covered_display": "100", "missing_lines": 0, "excluded_lines": 0, "percent_statements_covered": 100.0, "percent_statements_covered_display": "100"}, "missing_lines": [], "excluded_lines": [], "start_line": 1601}, "miter_corner": {"executed_lines": [1679, 1680, 1681, 1682, 1684, 1686, 1692, 1693, 1700, 1701, 1703, 1708], "summary": {"covered_lines": 12, "num_statements": 13, "percent_covered": 92.3076923076923, "percent_covered_display": "92", "missing_lines": 1, "excluded_lines": 0, "percent_statements_covered": 92.3076923076923, "percent_statements_covered_display": "92"}, "missing_lines": [1707], "excluded_lines": [], "start_line": 1652}, "round_corner": {"executed_lines": [1722, 1723, 1724, 1726, 1727, 1730, 1731, 1732, 1735, 1736, 1741, 1742, 1743, 1749, 1753, 1754, 1756, 1757, 1761, 1762, 1763, 1766, 1767, 1770, 1771, 1773], "summary": {"covered_lines": 26, "num_statements": 28, "percent_covered": 92.85714285714286, "percent_covered_display": "93", "missing_lines": 2, "excluded_lines": 0, "percent_statements_covered": 92.85714285714286, "percent_statements_covered_display": "93"}, "missing_lines": [1750, 1758], "excluded_lines": [], "start_line": 1711}, "buffer_chain": {"executed_lines": [1797, 1798, 1799, 1801], "summary": {"covered_lines": 4, "num_statements": 5, "percent_covered": 80.0, "percent_covered_display": "80", "missing_lines": 1, "excluded_lines": 0, "percent_statements_covered": 80.0, "percent_statements_covered_display": "80"}, "missing_lines": [1800], "excluded_lines": [], "start_line": 1776}, "outline_polygon": {"executed_lines": [1821, 1823, 1824, 1825, 1826, 1827, 1829, 1830, 1831, 1833, 1834, 1835, 1836, 1837], "summary": {"covered_lines": 14, "num_statements": 15, "percent_covered": 93.33333333333333, "percent_covered_display": "93", "missing_lines": 1, "excluded_lines": 0, "percent_statements_covered": 93.33333333333333, "percent_statements_covered_display": "93"}, "missing_lines": [1822], "excluded_lines": [], "start_line": 1808}, "seam_length": {"executed_lines": [1842, 1843, 1844, 1845], "summary": {"covered_lines": 4, "num_statements": 4, "percent_covered": 100.0, "percent_covered_display": "100", "missing_lines": 0, "excluded_lines": 0, "percent_statements_covered": 100.0, "percent_statements_covered_display": "100"}, "missing_lines": [], "excluded_lines": [], "start_line": 1840}, "project_onto_edge": {"executed_lines": [1858, 1860, 1861, 1862, 1863, 1876, 1877, 1880, 1881, 1883], "summary": {"covered_lines": 10, "num_statements": 18, "percent_covered": 55.55555555555556, "percent_covered_display": "56", "missing_lines": 8, "excluded_lines": 0, "percent_statements_covered": 55.55555555555556, "percent_statements_covered_display": "56"}, "missing_lines": [1865, 1866, 1867, 1870, 1871, 1872, 1873, 1874], "excluded_lines": [], "start_line": 1848}, "offset_adaptive": {"executed_lines": [1897, 1898, 1899, 1902], "summary": {"covered_lines": 4, "num_statements": 4, "percent_covered": 100.0, "percent_covered_display": "100", "missing_lines": 0, "excluded_lines": 0, "percent_statements_covered": 100.0, "percent_statements_covered_display": "100"}, "missing_lines": [], "excluded_lines": [], "start_line": 1886}, "Dart.__init__": {"executed_lines": [1942, 1943, 1944, 1945, 1948, 1949, 1950, 1951, 1952, 1953, 1954, 1955, 1956, 1957, 1963, 1964, 1966], "summary": {"covered_lines": 17, "num_statements": 17, "percent_covered": 100.0, "percent_covered_display": "100", "missing_lines": 0, "excluded_lines": 0, "percent_statements_covered": 100.0, "percent_statements_covered_display": "100"}, "missing_lines": [], "excluded_lines": [], "start_line": 1928}, "Dart.from_tip_center_width": {"executed_lines": [1987, 1988, 1990, 1991, 1992, 1993, 1994], "summary": {"covered_lines": 7, "num_statements": 8, "percent_covered": 87.5, "percent_covered_display": "88", "missing_lines": 1, "excluded_lines": 0, "percent_statements_covered": 87.5, "percent_statements_covered_display": "88"}, "missing_lines": [1989], "excluded_lines": [], "start_line": 1973}, "Dart.from_edge_at_legs": {"executed_lines": [2034, 2035, 2036], "summary": {"covered_lines": 3, "num_statements": 3, "percent_covered": 100.0, "percent_covered_display": "100", "missing_lines": 0, "excluded_lines": 0, "percent_statements_covered": 100.0, "percent_statements_covered_display": "100"}, "missing_lines": [], "excluded_lines": [], "start_line": 2005}, "Dart.from_tip_and_legs": {"executed_lines": [2084, 2085], "summary": {"covered_lines": 2, "num_statements": 2, "percent_covered": 100.0, "percent_covered_display": "100", "missing_lines": 0, "excluded_lines": 0, "percent_statements_covered": 100.0, "percent_statements_covered_display": "100"}, "missing_lines": [], "excluded_lines": [], "start_line": 2047}, "Dart.from_edge_at_t": {"executed_lines": [2120, 2121, 2122, 2123, 2128, 2131, 2134, 2135, 2136, 2137], "summary": {"covered_lines": 10, "num_statements": 11, "percent_covered": 90.9090909090909, "percent_covered_display": "91", "missing_lines": 1, "excluded_lines": 0, "percent_statements_covered": 90.9090909090909, "percent_statements_covered_display": "91"}, "missing_lines": [2124], "excluded_lines": [], "start_line": 2096}, "Dart.from_edge_at_point": {"executed_lines": [2169, 2171, 2173, 2174, 2175, 2176, 2179, 2188, 2189, 2195, 2196, 2197, 2198], "summary": {"covered_lines": 13, "num_statements": 13, "percent_covered": 100.0, "percent_covered_display": "100", "missing_lines": 0, "excluded_lines": 0, "percent_statements_covered": 100.0, "percent_statements_covered_display": "100"}, "missing_lines": [], "excluded_lines": [], "start_line": 2148}, "Dart.from_edge_free_tip": {"executed_lines": [2224, 2225, 2226, 2227, 2232, 2233, 2236, 2237, 2238], "summary": {"covered_lines": 9, "num_statements": 10, "percent_covered": 90.0, "percent_covered_display": "90", "missing_lines": 1, "excluded_lines": 0, "percent_statements_covered": 90.0, "percent_statements_covered_display": "90"}, "missing_lines": [2228], "excluded_lines": [], "start_line": 2209}, "Dart.is_triangle": {"executed_lines": [2255], "summary": {"covered_lines": 1, "num_statements": 1, "percent_covered": 100.0, 
[...]
 120, 121, 122, 123, 124, 125, 126, 127, 130, 131, 132, 133, 134, 135, 136, 137, 140, 141, 149, 150, 153, 154, 173, 174, 175, 177, 192, 202, 208, 209, 213, 217, 222, 234, 245, 259, 273, 287, 300, 308, 326, 339], "summary": {"covered_lines": 61, "num_statements": 61, "percent_covered": 100.0, "percent_covered_display": "100", "missing_lines": 0, "excluded_lines": 0, "percent_statements_covered": 100.0, "percent_statements_covered_display": "100"}, "missing_lines": [], "excluded_lines": [], "start_line": 1}}, "classes": {"Gender": {"executed_lines": [], "summary": {"covered_lines": 0, "num_statements": 0, "percent_covered": 100.0, "percent_covered_display": "100", "missing_lines": 0, "excluded_lines": 0, "percent_statements_covered": 100.0, "percent_statements_covered_display": "100"}, "missing_lines": [], "excluded_lines": [], "start_line": 80}, "Person": {"executed_lines": [], "summary": {"covered_lines": 0, "num_statements": 0, "percent_covered": 100.0, "percent_covered_display": "100", "missing_lines": 0, "excluded_lines": 0, "percent_statements_covered": 100.0, "percent_statements_covered_display": "100"}, "missing_lines": [], "excluded_lines": [], "start_line": 91}, "BalanceAdjustments": {"executed_lines": [], "summary": {"covered_lines": 0, "num_statements": 0, "percent_covered": 100.0, "percent_covered_display": "100", "missing_lines": 0, "excluded_lines": 0, "percent_statements_covered": 100.0, "percent_statements_covered_display": "100"}, "missing_lines": [], "excluded_lines": [], "start_line": 141}, "PersonalAdjustments": {"executed_lines": [], "summary": {"covered_lines": 0, "num_statements": 4, "percent_covered": 0.0, "percent_covered_display": "0", "missing_lines": 4, "excluded_lines": 0, "percent_statements_covered": 0.0, "percent_statements_covered_display": "0"}, "missing_lines": [179, 180, 185, 186], "excluded_lines": [], "start_line": 154}, "BalancedPerson": {"executed_lines": [], "summary": {"covered_lines": 0, "num_statements": 4, "percent_covered": 0.0, "percent_covered_display": "0", "missing_lines": 4, "excluded_lines": 0, "percent_statements_covered": 0.0, "percent_statements_covered_display": "0"}, "missing_lines": [206, 211, 215, 219], "excluded_lines": [], "start_line": 192}, "PersonAnalyser": {"executed_lines": [], "summary": {"covered_lines": 0, "num_statements": 36, "percent_covered": 0.0, "percent_covered_display": "0", "missing_lines": 36, "excluded_lines": 5, "percent_statements_covered": 0.0, "percent_statements_covered_display": "0"}, "missing_lines": [238, 239, 240, 241, 242, 243, 247, 248, 253, 261, 262, 267, 275, 276, 281, 289, 290, 295, 302, 303, 304, 305, 306, 310, 311, 312, 313, 316, 317, 320, 324, 332, 333, 337, 345, 350], "excluded_lines": [254, 268, 282, 296, 352], "start_line": 222}, "": {"executed_lines": [3, 4, 5, 6, 8, 10, 12, 15, 36, 80, 83, 84, 85, 86, 87, 90, 91, 118, 119, 120, 121, 122, 123, 124, 125, 126, 127, 130, 131, 132, 133, 134, 135, 136, 137, 140, 141, 149, 150, 153, 154, 173, 174, 175, 177, 192, 202, 208, 209, 213, 217, 222, 234, 245, 259, 273, 287, 300, 308, 326, 339], "summary": {"covered_lines": 61, "num_statements": 78, "percent_covered": 78.2051282051282, "percent_covered_display": "78", "missing_lines": 17, "excluded_lines": 0, "percent_statements_covered": 78.2051282051282, "percent_statements_covered_display": "78"}, "missing_lines": [51, 52, 54, 55, 56, 57, 59, 60, 66, 68, 69, 70, 71, 72, 74, 75, 77], "excluded_lines": [], "start_line": 1}}}, "src/sewpat/render.py": {"executed_lines": [3, 4, 6, 8, 9, 22, 23, 29, 35, 47, 60, 62, 65, 78, 79, 80, 81, 84, 96, 97, 98, 99, 100, 101, 102, 103, 105, 110, 111, 112, 115, 131, 132, 134, 140, 141, 143, 144, 148, 149, 150, 151, 152, 153, 159, 160, 165, 168, 181, 182, 183, 187, 188, 189, 190, 192, 197, 198, 199, 200, 202, 208, 209, 217, 220, 221, 222, 223, 236, 239, 259, 276, 290, 291, 293, 294, 300, 310, 311, 312, 314, 315, 316, 317, 322, 329, 339, 340, 341, 342, 344, 345, 348, 355, 356, 357, 363, 366, 385, 386, 387, 389, 390, 393, 398, 402, 407, 408, 409, 410, 419, 422, 432, 433, 434, 435, 436, 437, 438, 446, 458, 473, 495, 516, 538, 547, 548, 550, 552, 553, 556, 562, 563, 568, 569, 570, 571, 572, 574, 575, 576, 577, 578, 579, 580, 583, 584, 585, 586, 591, 600, 604, 605, 606, 607, 608, 610, 614, 617, 644, 645, 653, 654, 655, 658, 666, 667, 670, 695, 696, 707, 708, 711, 740, 742, 743, 745, 749, 750, 751, 752, 754, 765, 766], "summary": {"covered_lines": 184, "num_statements": 233, "percent_covered": 78.96995708154506, "percent_covered_display": "79", "missing_lines": 49, "excluded_lines": 0, "percent_statements_covered": 78.96995708154506, "percent_statements_covered_display": "79"}, "missing_lines": [191, 193, 201, 203, 210, 211, 212, 213, 214, 215, 252, 253, 254, 255, 256, 271, 272, 273, 475, 476, 478, 479, 480, 482, 483, 484, 486, 488, 489, 490, 492, 500, 505, 506, 508, 509, 510, 512, 513, 557, 558, 559, 560, 581, 582, 587, 588, 592, 657], "excluded_lines": [], "functions": {"_xml_escape": {"executed_lines": [62], "summary": {"covered_lines": 1, "num_statements": 1, "percent_covered": 100.0, "percent_covered_display": "100", "missing_lines": 0, "excluded_lines": 0, "percent_statements_covered": 100.0, "percent_statements_covered_display": "100"}, "missing_lines": [], "excluded_lines": [], "start_line": 60}, "_svg_text": {"executed_lines": [78, 79, 80, 81], "summary": {"covered_lines": 4, "num_statements": 4, "percent_covered": 100.0, "percent_covered_display": "100", "missing_lines": 0, "excluded_lines": 0, "percent_statements_covered": 100.0, "percent_statements_covered_display": "100"}, "missing_lines": [], "excluded_lines": [], "start_line": 65}, "_common_stroke_attrs": {"executed_lines": [96, 97, 98, 99, 100, 101, 102, 103, 105, 110, 111, 112], "summary": {"covered_lines": 12, "num_statements": 12, "percent_covered": 100.0, "percent_covered_display": "100", "missing_lines": 0, "excluded_lines": 0, "percent_statements_covered": 100.0, "percent_statements_covered_display": "100"}, "missing_lines": [], "excluded_lines": [], "start_line": 84}, "_render_cubic_bezier": {"executed_lines": [131, 132, 134, 140, 141, 143, 144, 148, 149, 150, 151, 152, 153, 159, 160, 165], "summary": {"covered_lines": 16, "num_statements": 16, "percent_covered": 100.0, "percent_covered_display": "100", "missing_lines": 0, "excluded_lines": 0, "percent_statements_covered": 100.0, "percent_statements_covered_display": "100"}, "missing_lines": [], "excluded_lines": [], "start_line": 115}, "_render_segment": {"executed_lines": [181, 182, 183, 187, 188, 189, 190, 192, 197, 198, 199, 200, 202, 208, 209, 217, 220, 221, 222, 223, 236], "summary": {"covered_lines": 21, "num_statements": 31, "percent_covered": 67.74193548387096, "percent_covered_display": "68", "missing_lines": 10, "excluded_lines": 0, "percent_statements_covered": 67.74193548387096, "percent_statements_covered_display": "68"}, "missing_lines": [191, 193, 201, 203, 210, 211, 212, 213, 214, 215], "excluded_lines": [], "start_line": 168}, "_render_line": {"executed_lines": [], "summary": {"covered_lines": 0, "num_statements": 5, "percent_covered": 0.0, "percent_covered_display": "0", "missing_lines": 5, "excluded_lines": 0, "percent_statements_covered": 0.0, "percent_statements_covered_display": "0"}, "missing_lines": [252, 253, 254, 255, 256], "excluded_lines": [], "start_line": 239}, "_render_ray": {"executed_lines": [], "summary": {"covered_lines": 0, "num_statements": 3, "percent_covered": 0.0, "percent_covered_display": "0", "missing_lines": 3, "excluded_lines": 0, "percent_statements_covered": 0.0, "percent_statements_covered_display": "0"}, "missing_lines": [271, 272, 273], "excluded_lines": [], "start_line": 259}, "_render_circle": {"executed_lines": [290, 291, 293, 294], "summary": {"covered_lines": 4, "num_statements": 4, "percent_covered": 100.0, "percent_covered_display": "100", "missing_lines": 0, "excluded_lines": 0, "percent_statements_covered": 100.0, "percent_statements_covered_display": "100"}, "missing_lines": [], "excluded_lines": [], "start_line": 276}, "_render_triangle": {"executed_lines": [310, 311, 312, 314, 315, 316, 317, 322], "summary": {"covered_lines": 8, "num_statements": 8, "percent_covered": 100.0, "percent_covered_display": "100", "missing_lines": 0, "excluded_lines": 0, "percent_statements_covered": 100.0, "percent_statements_covered_display": "100"}, "missing_lines": [], "excluded_lines": [], "start_line": 300}, "_render_info_box": {"executed_lines": [339, 340, 341, 342, 344, 345, 348, 355, 356, 357, 363], "summary": {"covered_lines": 11, "num_statements": 11, "percent_covered": 100.0, "percent_covered_display": "100", "missing_lines": 0, "excluded_lines": 0, "percent_statements_covered": 100.0, "percent_statements_covered_display": "100"}, "missing_lines": [], "excluded_lines": [], "start_line": 329}, "_render_rect": {"executed_lines": [385, 386, 387, 389, 390, 393, 398, 402, 407, 408, 409, 410, 419], "summary": {"covered_lines": 13, "num_statements": 13, "percent_covered": 100.0, "percent_covered_display": "100", "missing_lines": 0, "excluded_lines": 0, "percent_statements_covered": 100.0, "percent_statements_covered_display": "100"}, "missing_lines": [], "excluded_lines": [], "start_line": 366}, "_render_point": {"executed_lines": [432, 433, 434, 435, 436, 437, 438], "summary": {"covered_lines": 7, "num_statements": 7, "percent_covered": 100.0, "percent_covered_display": "100", "missing_lines": 0, "excluded_lines": 0, "percent_statements_covered": 100.0, "percent_statements_covered_display": "100"}, "missing_lines": [], "excluded_lines": [], "start_line": 422}, "_make_renderers": {"executed_lines": [458], "summary": {"covered_lines": 1, "num_statements": 1, "percent_covered": 100.0, "percent_covered_display": "100", "missing_lines": 0, "excluded_lines": 0, "percent_statements_covered": 100.0, "percent_statements_covered_display": "100"}, "missing_lines": [], "excluded_lines": [], "start_line": 446}, "_geoms_to_path_data": {"executed_lines": [], "summary": {"covered_lines": 0, "num_statements": 13, "percent_covered": 0.0, "percent_covered_display": "0", "missing_lines": 13, "excluded_lines": 0, "percent_statements_covered": 0.0, "percent_statements_covered_display": "0"}, "missing_lines": [475, 476, 478, 479, 480, 482, 483, 484, 486, 488, 489, 490, 492], "excluded_lines": [], "start_line": 473}, "_render_seam_allowance_chain": {"executed_lines": [], "summary": {"covered_lines": 0, "num_statements": 8, "percent_covered": 0.0, "percent_covered_display": "0", "missing_lines": 8, "excluded_lines": 0, "percent_statements_covered": 0.0, "percent_statements_covered_display": "0"}, "missing_lines": [500, 505, 506, 508, 509, 510, 512, 513], "excluded_lines": [], "start_line": 495}, "_render_elements": {"executed_lines": [538, 547, 548, 550, 552, 553, 556, 562, 563, 568, 569, 570, 571, 572, 574, 575, 576, 577, 578, 579, 580, 583, 584, 585, 586, 591], "summary": {"covered_lines": 26, "num_statements": 35, "percent_covered": 74.28571428571429, "percent_covered_display": "74", "missing_lines": 9, "excluded_lines": 0, "percent_statements_covered": 74.28571428571429, "percent_statements_covered_display": "74"}, "missing_lines": [557, 558, 559, 560, 581, 582, 587, 588, 592], "excluded_lines": [], "start_line": 516}, "_resolve_styles": {"executed_lines": [604, 605, 606, 607, 608, 610, 614], "summary": {"covered_lines": 7, "num_statements": 7, "percent_covered": 100.0, "percent_covered_display": "100", "missing_lines": 0, "excluded_lines": 0, "percent_statements_covered": 100.0, "percent_statements_covered_display": "100"}, "missing_lines": [], "excluded_lines": [], "start_line": 600}, "_build_svg": {"executed_lines": [644, 645, 653, 654, 655, 658, 666, 667], "summary": {"covered_lines": 8, "num_statements": 9, "percent_covered": 88.88888888888889, "percent_covered_display": "89", "missing_lines": 1, "excluded_lines": 0, "percent_statements_covered": 88.88888888888889, "percent_statements_covered_display": "89"}, "missing_lines": [657], "excluded_lines": [], "start_line": 617}, "export_pattern_part_svg_mm": {"executed_lines": [695, 696, 707, 708], "summary": {"covered_lines": 4, "num_statements": 4, "percent_covered": 100.0, "percent_covered_display": "100", "missing_lines": 0, "excluded_lines": 0, "percent_statements_covered": 100.0, "percent_statements_covered_display": "100"}, "missing_lines": [], "excluded_lines": [], "start_line": 670}, "export_pattern_svg_mm": {"executed_lines": [740, 742, 743, 745, 749, 750, 751, 752, 754, 765, 766], "summary": {"covered_lines": 11, "num_statements": 11, "percent_covered": 100.0, "percent_covered_display": "100", "missing_lines": 0, "excluded_lines": 0, "percent_statements_covered": 100.0, "percent_statements_covered_display": "100"}, "missing_lines": [], "excluded_lines": [], "start_line": 711}, "": {"executed_lines": [3, 4, 6, 8, 9, 22, 23, 29, 35, 47, 60, 65, 84, 115, 168, 239, 259, 276, 300, 329, 366, 422, 446, 473, 495, 516, 600, 617, 670, 711], "summary": {"covered_lines": 30, "num_statements": 30, "percent_covered": 100.0, "percent_covered_display": "100", "missing_lines": 0, "excluded_lines": 0, "percent_statements_covered": 100.0, "percent_statements_covered_display": "100"}, "missing_lines": [], "excluded_lines": [], "start_line": 1}}, "classes": {"": {"executed_lines": [3, 4, 6, 8, 9, 22, 23, 29, 35, 47, 60, 62, 65, 78, 79, 80, 81, 84, 96, 97, 98, 99, 100, 101, 102, 103, 105, 110, 111, 112, 115, 131, 132, 134, 140, 141, 143, 144, 148, 149, 150, 151, 152, 153, 159, 160, 165, 168, 181, 182, 183, 187, 188, 189, 190, 192, 197, 198, 199, 200, 202, 208, 209, 217, 220, 221, 222, 223, 236, 239, 259, 276, 290, 291, 293, 294, 300, 310, 311, 312, 314, 315, 316, 317, 322, 329, 339, 340, 341, 342, 344, 345, 348, 355, 356, 357, 363, 366, 385, 386, 387, 389, 390, 393, 398, 402, 407, 408, 409, 410, 419, 422, 432, 433, 434, 435, 436, 437, 438, 446, 458, 473, 495, 516, 538, 547, 548, 550, 552, 553, 556, 562, 563, 568, 569, 570, 571, 572, 574, 575, 576, 577, 578, 579, 580, 583, 584, 585, 586, 591, 600, 604, 605, 606, 607, 608, 610, 614, 617, 644, 645, 653, 654, 655, 658, 666, 667, 670, 695, 696, 707, 708, 711, 740, 742, 743, 745, 749, 750, 751, 752, 754, 765, 766], "summary": {"covered_lines": 184, "num_statements": 233, "percent_covered": 78.96995708154506, "percent_covered_display": "79", "missing_lines": 49, "excluded_lines": 0, "percent_statements_covered": 78.96995708154506, "percent_statements_covered_display": "79"}, "missing_lines": [191, 193, 201, 203, 210, 211, 212, 213, 214, 215, 252, 253, 254, 255, 256, 271, 272, 273, 475, 476, 478, 479, 480, 482, 483, 484, 486, 488, 489, 490, 492, 500, 505, 506, 508, 509, 510, 512, 513, 557, 558, 559, 560, 581, 582, 587, 588, 592, 657], "excluded_lines": [], "start_line": 1}}}, "src/sewpat/style.py": {"executed_lines": [6, 7, 10, 23, 24, 25, 26, 27, 33, 34, 35, 38, 41, 81, 82, 83, 84, 85, 86, 87, 88, 89, 90, 91, 92, 93, 94, 95, 97, 99, 101, 103, 112, 118, 131, 132, 133, 134, 145, 153, 158, 164, 173, 179, 187, 197, 206, 214, 221, 230, 239, 245], "summary": {"covered_lines": 52, "num_statements": 59, "percent_covered": 88.13559322033899, "percent_covered_display": "88", "missing_lines": 7, "excluded_lines": 0, "percent_statements_covered": 88.13559322033899, "percent_statements_covered_display": "88"}, "missing_lines": [100, 105, 106, 107, 108, 109, 110], "excluded_lines": [], "functions": {"StyleOptions.__init__": {"executed_lines": [81, 82, 83, 84, 85, 86, 87, 88, 89, 90, 91, 92, 93, 94, 95], "summary": {"covered_lines": 15, "num_statements": 15, "percent_covered": 100.0, "percent_covered_display": "100", "missing_lines": 0, "excluded_lines": 0, "percent_statements_covered": 100.0, "percent_statements_covered_display": "100"}, "missing_lines": [], "excluded_lines": [], "start_line": 41}, "StyleOptions.__eq__": {"executed_lines": [99, 101], "summary": {"covered_lines": 2, "num_statements": 3, "percent_covered": 66.66666666666667, "percent_covered_display": "67", "missing_lines": 1, "excluded_lines": 0, "percent_statements_covered": 66.66666666666667, "percent_statements_covered_display": "67"}, "missing_lines": [100], "excluded_lines": [], "start_line": 97}, "StyleOptions.__repr__": {"executed_lines": [], "summary": {"covered_lines": 0, "num_statements": 6, "percent_covered": 0.0, "percent_covered_display": "0", "missing_lines": 6, "excluded_lines": 0, "percent_statements_covered": 0.0, "percent_statements_covered_display": "0"}, "missing_lines": [105, 106, 107, 108, 109, 110], "excluded_lines": [], "start_line": 103}, "StyleOptions.as_dict": {"executed_lines": [118, 131, 132, 133, 134], "summary": {"covered_lines": 5, "num_statements": 5, "percent_covered": 100.0, "percent_covered_display": "100", "missing_lines": 0, "excluded_lines": 0, "percent_statements_covered": 100.0, "percent_statements_covered_display": "100"}, "missing_lines": [], "excluded_lines": [], "start_line": 112}, "": {"executed_lines": [6, 7, 10, 23, 24, 25, 26, 27, 33, 34, 35, 38, 41, 97, 103, 112, 145, 153, 158, 164, 173, 179, 187, 197, 206, 214, 221, 230, 239, 245], "summary": {"covered_lines": 30, "num_statements": 30, "percent_covered": 100.0, "percent_covered_display": "100", "missing_lines": 0, "excluded_lines": 0, "percent_statements_covered": 100.0, "percent_statements_covered_display": "100"}, "missing_lines": [], "excluded_lines": [], "start_line": 1}}, "classes": {"Marker": {"executed_lines": [], "summary": {"covered_lines": 0, "num_statements": 0, "percent_covered": 100.0, "percent_covered_display": "100", "missing_lines": 0, "excluded_lines": 0, "percent_statements_covered": 100.0, "percent_statements_covered_display": "100"}, "missing_lines": [], "excluded_lines": [], "start_line": 10}, "StyleOptions": {"executed_lines": [81, 82, 83, 84, 85, 86, 87, 88, 89, 90, 91, 92, 93, 94, 95, 99, 101, 118, 131, 132, 133, 134], "summary": {"covered_lines": 22, "num_statements": 29, "percent_covered": 75.86206896551724, "percent_covered_display": "76", "missing_lines": 7, "excluded_lines": 0, "percent_statements_covered": 75.86206896551724, "percent_statements_covered_display": "76"}, "missing_lines": [100, 105, 106, 107, 108, 109, 110], "excluded_lines": [], "start_line": 38}, "": {"executed_lines": [6, 7, 10, 23, 24, 25, 26, 27, 33, 34, 35, 38, 41, 97, 103, 112, 145, 153, 158, 164, 173, 179, 187, 197, 206, 214, 221, 230, 239, 245], "summary": {"covered_lines": 30, "num_statements": 30, "percent_covered": 100.0, "percent_covered_display": "100", "missing_lines": 0, "excluded_lines": 0, "percent_statements_covered": 100.0, "percent_statements_covered_display": "100"}, "missing_lines": [], "excluded_lines": [], "start_line": 1}}}, "src/sewpat/units.py": {"executed_lines": [12, 13, 14], "summary": {"covered_lines": 3, "num_statements": 3, "percent_covered": 100.0, "percent_covered_display": "100", "missing_lines": 0, "excluded_lines": 0, "percent_statements_covered": 100.0, "percent_statements_covered_display": "100"}, "missing_lines": [], "excluded_lines": [], "functions": {"": {"executed_lines": [12, 13, 14], "summary": {"covered_lines": 3, "num_statements": 3, "percent_covered": 100.0, "percent_covered_display": "100", "missing_lines": 0, "excluded_lines": 0, "percent_statements_covered": 100.0, "percent_statements_covered_display": "100"}, "missing_lines": [], "excluded_lines": [], "start_line": 1}}, "classes": {"": {"executed_lines": [12, 13, 14], "summary": {"covered_lines": 3, "num_statements": 3, "percent_covered": 100.0, "percent_covered_display": "100", "missing_lines": 0, "excluded_lines": 0, "percent_statements_covered": 100.0, "percent_statements_covered_display": "100"}, "missing_lines": [], "excluded_lines": [], "start_line": 1}}}}, "totals": {"covered_lines": 1923, "num_statements": 2485, "percent_covered": 77.38430583501005, "percent_covered_display": "77", "missing_lines": 562, "excluded_lines": 11, "percent_statements_covered": 77.38430583501005, "percent_statements_covered_display": "77"}}