{"meta": {"format": 3, "version": "7.13.4", "timestamp": "2026-03-12T12:13:59.997371", "branch_coverage": false, "show_contexts": false}, "files": {"src/sewpat/__init__.py": {"executed_lines": [3, 4, 5, 6, 28, 41, 42, 51, 60, 80, 82], "summary": {"covered_lines": 11, "num_statements": 11, "percent_covered": 100.0, "percent_covered_display": "100", "missing_lines": 0, "excluded_lines": 0, "percent_statements_covered": 100.0, "percent_statements_covered_display": "100"}, "missing_lines": [], "excluded_lines": [], "functions": {"": {"executed_lines": [3, 4, 5, 6, 28, 41, 42, 51, 60, 80, 82], "summary": {"covered_lines": 11, "num_statements": 11, "percent_covered": 100.0, "percent_covered_display": "100", "missing_lines": 0, "excluded_lines": 0, "percent_statements_covered": 100.0, "percent_statements_covered_display": "100"}, "missing_lines": [], "excluded_lines": [], "start_line": 1}}, "classes": {"": {"executed_lines": [3, 4, 5, 6, 28, 41, 42, 51, 60, 80, 82], "summary": {"covered_lines": 11, "num_statements": 11, "percent_covered": 100.0, "percent_covered_display": "100", "missing_lines": 0, "excluded_lines": 0, "percent_statements_covered": 100.0, "percent_statements_covered_display": "100"}, "missing_lines": [], "excluded_lines": [], "start_line": 1}}}, "src/sewpat/blocks.py": {"executed_lines": [25, 26, 28, 39, 40, 48, 49, 50, 51, 52, 66, 75, 87, 91, 92, 95, 98, 99, 100, 103, 107, 111, 112, 115, 116, 124, 125, 155, 156, 181, 182, 205, 206, 219, 228, 229, 230, 231, 232, 233, 235, 236, 237, 238, 239, 242, 243, 248, 249, 254, 259, 261, 264, 265, 273, 282, 290, 316, 323, 324, 327, 328, 331, 332, 333, 336, 337, 341, 342, 345, 349, 350, 354, 357, 358, 363, 369, 370, 371, 372, 373, 374, 375, 376, 377, 386, 392, 393, 394, 395, 400, 421, 430, 433, 436, 440, 443, 448, 449, 450, 451, 454, 461, 470, 471, 474, 479, 483, 488, 505, 516, 517, 526, 527, 536, 543, 553, 560, 577, 583, 593, 594, 595, 596, 602, 603, 604, 605, 606, 607, 608, 611, 614, 622, 623, 624, 625, 628, 637, 647, 653, 654, 655, 656, 657, 663, 669, 670, 671, 672, 678, 679, 680, 681, 682, 684, 685, 686, 687, 695, 696, 738, 739, 784, 785, 809, 810, 840, 841, 842, 844, 845, 847, 849, 850, 859, 867, 870, 877, 886, 889, 890, 893, 899, 905, 909, 912, 915, 930, 946], "summary": {"covered_lines": 190, "num_statements": 195, "percent_covered": 97.43589743589743, "percent_covered_display": "97", "missing_lines": 5, "excluded_lines": 2, "percent_statements_covered": 97.43589743589743, "percent_statements_covered_display": "97"}, "missing_lines": [379, 380, 381, 397, 398], "excluded_lines": [54, 55], "functions": {"_build_back_geometry": {"executed_lines": [228, 229, 230, 231, 232, 233, 235, 236, 237, 238, 239, 242, 243, 248, 249, 254, 259, 261, 264, 265, 273, 282, 290], "summary": {"covered_lines": 23, "num_statements": 23, "percent_covered": 100.0, "percent_covered_display": "100", "missing_lines": 0, "excluded_lines": 0, "percent_statements_covered": 100.0, "percent_statements_covered_display": "100"}, "missing_lines": [], "excluded_lines": [], "start_line": 219}, "_build_front_geometry": {"executed_lines": [323, 324, 327, 328, 331, 332, 333, 336, 337, 341, 342, 345, 349, 350, 354, 357, 358, 363, 369, 370, 371, 372, 373, 374, 375, 376, 377, 386, 392, 393, 394, 395, 400], "summary": {"covered_lines": 33, "num_statements": 38, "percent_covered": 86.84210526315789, "percent_covered_display": "87", "missing_lines": 5, "excluded_lines": 0, "percent_statements_covered": 86.84210526315789, "percent_statements_covered_display": "87"}, "missing_lines": [379, 380, 381, 397, 398], "excluded_lines": [], "start_line": 316}, "_build_side_seams": {"executed_lines": [430, 433, 436, 440, 443, 448, 449, 450, 451, 454, 461, 470, 471, 474, 479, 483, 488], "summary": {"covered_lines": 17, "num_statements": 17, "percent_covered": 100.0, "percent_covered_display": "100", "missing_lines": 0, "excluded_lines": 0, "percent_statements_covered": 100.0, "percent_statements_covered_display": "100"}, "missing_lines": [], "excluded_lines": [], "start_line": 421}, "_build_darts": {"executed_lines": [516, 517, 526, 527, 536, 543, 553], "summary": {"covered_lines": 7, "num_statements": 7, "percent_covered": 100.0, "percent_covered_display": "100", "missing_lines": 0, "excluded_lines": 0, "percent_statements_covered": 100.0, "percent_statements_covered_display": "100"}, "missing_lines": [], "excluded_lines": [], "start_line": 505}, "_assemble_back_part": {"executed_lines": [577, 583, 593, 594, 595, 596, 602, 603, 604, 605, 606, 607, 608, 611, 614, 622, 623, 624, 625], "summary": {"covered_lines": 19, "num_statements": 19, "percent_covered": 100.0, "percent_covered_display": "100", "missing_lines": 0, "excluded_lines": 0, "percent_statements_covered": 100.0, "percent_statements_covered_display": "100"}, "missing_lines": [], "excluded_lines": [], "start_line": 560}, "_assemble_front_part": {"executed_lines": [637, 647, 653, 654, 655, 656, 657, 663, 669, 670, 671, 672, 678, 679, 680, 681, 682, 684, 685, 686, 687], "summary": {"covered_lines": 21, "num_statements": 21, "percent_covered": 100.0, "percent_covered_display": "100", "missing_lines": 0, "excluded_lines": 0, "percent_statements_covered": 100.0, "percent_statements_covered_display": "100"}, "missing_lines": [], "excluded_lines": [], "start_line": 628}, "TopBlock.from_measurements": {"executed_lines": [840, 841, 842, 844, 845, 847, 849, 850, 859, 867, 870, 877, 886, 889, 890, 893, 899, 905, 909, 912, 915, 930, 946], "summary": {"covered_lines": 23, "num_statements": 23, "percent_covered": 100.0, "percent_covered_display": "100", "missing_lines": 0, "excluded_lines": 0, "percent_statements_covered": 100.0, "percent_statements_covered_display": "100"}, "missing_lines": [], "excluded_lines": [], "start_line": 810}, "": {"executed_lines": [25, 26, 28, 39, 40, 48, 49, 50, 51, 52, 66, 75, 87, 91, 92, 95, 98, 99, 100, 103, 107, 111, 112, 115, 116, 124, 125, 155, 156, 181, 182, 205, 206, 219, 316, 421, 505, 560, 628, 695, 696, 738, 739, 784, 785, 809, 810], "summary": {"covered_lines": 47, "num_statements": 47, "percent_covered": 100.0, "percent_covered_display": "100", "missing_lines": 0, "excluded_lines": 2, "percent_statements_covered": 100.0, "percent_statements_covered_display": "100"}, "missing_lines": [], "excluded_lines": [54, 55], "start_line": 1}}, "classes": {"_BackGeometry": {"executed_lines": [], "summary": {"covered_lines": 0, "num_statements": 0, "percent_covered": 100.0, "percent_covered_display": "100", "missing_lines": 0, "excluded_lines": 0, "percent_statements_covered": 100.0, "percent_statements_covered_display": "100"}, "missing_lines": [], "excluded_lines": [], "start_line": 125}, "_FrontGeometry": {"executed_lines": [], "summary": {"covered_lines": 0, "num_statements": 0, "percent_covered": 100.0, "percent_covered_display": "100", "missing_lines": 0, "excluded_lines": 0, "percent_statements_covered": 100.0, "percent_statements_covered_display": "100"}, "missing_lines": [], "excluded_lines": [], "start_line": 156}, "_SideSeams": {"executed_lines": [], "summary": {"covered_lines": 0, "num_statements": 0, "percent_covered": 100.0, "percent_covered_display": "100", "missing_lines": 0, "excluded_lines": 0, "percent_statements_covered": 100.0, "percent_statements_covered_display": "100"}, "missing_lines": [], "excluded_lines": [], "start_line": 182}, "_Darts": {"executed_lines": [], "summary": {"covered_lines": 0, "num_statements": 0, "percent_covered": 100.0, "percent_covered_display": "100", "missing_lines": 0, "excluded_lines": 0, "percent_statements_covered": 100.0, "percent_statements_covered_display": "100"}, "missing_lines": [], "excluded_lines": [], "start_line": 206}, "TopBlockBack": {"executed_lines": [], "summary": {"covered_lines": 0, "num_statements": 0, "percent_covered": 100.0, "percent_covered_display": "100", "missing_lines": 0, "excluded_lines": 0, "percent_statements_covered": 100.0, "percent_statements_covered_display": "100"}, "missing_lines": [], "excluded_lines": [], "start_line": 696}, "TopBlockFront": {"executed_lines": [], "summary": {"covered_lines": 0, "num_statements": 0, "percent_covered": 100.0, "percent_covered_display": "100", "missing_lines": 0, "excluded_lines": 0, "percent_statements_covered": 100.0, "percent_statements_covered_display": "100"}, "missing_lines": [], "excluded_lines": [], "start_line": 739}, "TopBlock": {"executed_lines": [840, 841, 842, 844, 845, 847, 849, 850, 859, 867, 870, 877, 886, 889, 890, 893, 899, 905, 909, 912, 915, 930, 946], "summary": {"covered_lines": 23, "num_statements": 23, "percent_covered": 100.0, "percent_covered_display": "100", "missing_lines": 0, "excluded_lines": 0, "percent_statements_covered": 100.0, "percent_statements_covered_display": "100"}, "missing_lines": [], "excluded_lines": [], "start_line": 785}, "": {"executed_lines": [25, 26, 28, 39, 40, 48, 49, 50, 51, 52, 66, 75, 87, 91, 92, 95, 98, 99, 100, 103, 107, 111, 112, 115, 116, 124, 125, 155, 156, 181, 182, 205, 206, 219, 228, 229, 230, 231, 232, 233, 235, 236, 237, 238, 239, 242, 243, 248, 249, 254, 259, 261, 264, 265, 273, 282, 290, 316, 323, 324, 327, 328, 331, 332, 333, 336, 337, 341, 342, 345, 349, 350, 354, 357, 358, 363, 369, 370, 371, 372, 373, 374, 375, 376, 377, 386, 392, 393, 394, 395, 400, 421, 430, 433, 436, 440, 443, 448, 449, 450, 451, 454, 461, 470, 471, 474, 479, 483, 488, 505, 516, 517, 526, 527, 536, 543, 553, 560, 577, 583, 593, 594, 595, 596, 602, 603, 604, 605, 606, 607, 608, 611, 614, 622, 623, 624, 625, 628, 637, 647, 653, 654, 655, 656, 657, 663, 669, 670, 671, 672, 678, 679, 680, 681, 682, 684, 685, 686, 687, 695, 696, 738, 739, 784, 785, 809, 810], "summary": {"covered_lines": 167, "num_statements": 172, "percent_covered": 97.09302325581395, "percent_covered_display": "97", "missing_lines": 5, "excluded_lines": 2, "percent_statements_covered": 97.09302325581395, "percent_statements_covered_display": "97"}, "missing_lines": [379, 380, 381, 397, 398], "excluded_lines": [54, 55], "start_line": 1}}}, "src/sewpat/element.py": {"executed_lines": [3, 15, 16, 19, 24, 43, 54, 55, 56, 58, 59, 60, 61, 62, 63, 64, 70, 73, 74, 76, 78, 79, 80, 82, 119, 121, 122, 123, 128, 132, 134, 135, 136, 137, 138, 147, 148, 149, 152, 168, 176, 177, 178, 179, 181, 188], "summary": {"covered_lines": 46, "num_statements": 46, "percent_covered": 100.0, "percent_covered_display": "100", "missing_lines": 0, "excluded_lines": 0, "percent_statements_covered": 100.0, "percent_statements_covered_display": "100"}, "missing_lines": [], "excluded_lines": [], "functions": {"PatternElement.__init__": {"executed_lines": [54, 55, 56, 58, 59, 60, 61, 62, 63, 64, 70, 73, 74], "summary": {"covered_lines": 13, "num_statements": 13, "percent_covered": 100.0, "percent_covered_display": "100", "missing_lines": 0, "excluded_lines": 0, "percent_statements_covered": 100.0, "percent_statements_covered_display": "100"}, "missing_lines": [], "excluded_lines": [], "start_line": 43}, "PatternElement.get_name": {"executed_lines": [78, 79, 80], "summary": {"covered_lines": 3, "num_statements": 3, "percent_covered": 100.0, "percent_covered_display": "100", "missing_lines": 0, "excluded_lines": 0, "percent_statements_covered": 100.0, "percent_statements_covered_display": "100"}, "missing_lines": [], "excluded_lines": [], "start_line": 76}, "PatternElement.split_at_dart": {"executed_lines": [119, 121, 122, 123, 128, 132, 134, 135, 136, 137, 138, 147, 148, 149], "summary": {"covered_lines": 14, "num_statements": 14, "percent_covered": 100.0, "percent_covered_display": "100", "missing_lines": 0, "excluded_lines": 0, "percent_statements_covered": 100.0, "percent_statements_covered_display": "100"}, "missing_lines": [], "excluded_lines": [], "start_line": 82}, "PrecisionPoint.__init__": {"executed_lines": [176, 177, 178, 179], "summary": {"covered_lines": 4, "num_statements": 4, "percent_covered": 100.0, "percent_covered_display": "100", "missing_lines": 0, "excluded_lines": 0, "percent_statements_covered": 100.0, "percent_statements_covered_display": "100"}, "missing_lines": [], "excluded_lines": [], "start_line": 168}, "PrecisionPoint.build_elements": {"executed_lines": [188], "summary": {"covered_lines": 1, "num_statements": 1, "percent_covered": 100.0, "percent_covered_display": "100", "missing_lines": 0, "excluded_lines": 0, "percent_statements_covered": 100.0, "percent_statements_covered_display": "100"}, "missing_lines": [], "excluded_lines": [], "start_line": 181}, "": {"executed_lines": [3, 15, 16, 19, 24, 43, 76, 82, 152, 168, 181], "summary": {"covered_lines": 11, "num_statements": 11, "percent_covered": 100.0, "percent_covered_display": "100", "missing_lines": 0, "excluded_lines": 0, "percent_statements_covered": 100.0, "percent_statements_covered_display": "100"}, "missing_lines": [], "excluded_lines": [], "start_line": 1}}, "classes": {"PatternElement": {"executed_lines": [54, 55, 56, 58, 59, 60, 61, 62, 63, 64, 70, 73, 74, 78, 79, 80, 119, 121, 122, 123, 128, 132, 134, 135, 136, 137, 138, 147, 148, 149], "summary": {"covered_lines": 30, "num_statements": 30, "percent_covered": 100.0, "percent_covered_display": "100", "missing_lines": 0, "excluded_lines": 0, "percent_statements_covered": 100.0, "percent_statements_covered_display": "100"}, "missing_lines": [], "excluded_lines": [], "start_line": 24}, "PrecisionPoint": {"executed_lines": [176, 177, 178, 179, 188], "summary": {"covered_lines": 5, "num_statements": 5, "percent_covered": 100.0, "percent_covered_display": "100", "missing_lines": 0, "excluded_lines": 0, "percent_statements_covered": 100.0, "percent_statements_covered_display": "100"}, "missing_lines": [], "excluded_lines": [], "start_line": 152}, "": {"executed_lines": [3, 15, 16, 19, 24, 43, 76, 82, 152, 168, 181], "summary": {"covered_lines": 11, "num_statements": 11, "percent_covered": 100.0, "percent_covered_display": "100", "missing_lines": 0, "excluded_lines": 0, "percent_statements_covered": 100.0, "percent_statements_covered_display": "100"}, "missing_lines": [], "excluded_lines": [], "start_line": 1}}}, "src/sewpat/fitclass.py": {"executed_lines": [28, 30, 31, 32, 34, 36, 42, 45, 57, 60, 61, 64, 66, 67, 68, 69, 70, 71, 72, 73, 74, 75, 78, 85, 86, 114, 116, 117, 118, 119, 120, 121, 122, 123, 125, 138, 139, 140, 141, 142, 143, 144, 145, 146, 147, 149, 151, 152, 153, 154, 157, 158, 159, 160, 161, 162, 163, 169, 171, 172, 173, 174, 180, 181, 183, 185, 186, 188, 190, 191, 193, 195, 196, 198, 200, 201, 203, 205, 206, 208, 210, 211, 213, 215, 216, 218, 220, 221, 223, 225, 234, 235, 236], "summary": {"covered_lines": 93, "num_statements": 93, "percent_covered": 100.0, "percent_covered_display": "100", "missing_lines": 0, "excluded_lines": 0, "percent_statements_covered": 100.0, "percent_statements_covered_display": "100"}, "missing_lines": [], "excluded_lines": [], "functions": {"_load_table": {"executed_lines": [66, 67, 68, 69, 70, 71, 72, 73, 74, 75], "summary": {"covered_lines": 10, "num_statements": 10, "percent_covered": 100.0, "percent_covered_display": "100", "missing_lines": 0, "excluded_lines": 0, "percent_statements_covered": 100.0, "percent_statements_covered_display": "100"}, "missing_lines": [], "excluded_lines": [], "start_line": 64}, "FitClass.__init__": {"executed_lines": [138, 139, 140, 141, 142, 143, 144, 145, 146, 147], "summary": {"covered_lines": 10, "num_statements": 10, "percent_covered": 100.0, "percent_covered_display": "100", "missing_lines": 0, "excluded_lines": 0, "percent_statements_covered": 100.0, "percent_statements_covered_display": "100"}, "missing_lines": [], "excluded_lines": [], "start_line": 125}, "FitClass.__post_init__": {"executed_lines": [151, 152, 153, 154, 157, 158, 159, 160, 161, 162, 163], "summary": {"covered_lines": 11, "num_statements": 11, "percent_covered": 100.0, "percent_covered_display": "100", "missing_lines": 0, "excluded_lines": 0, "percent_statements_covered": 100.0, "percent_statements_covered_display": "100"}, "missing_lines": [], "excluded_lines": [], "start_line": 149}, "FitClass._resolve": {"executed_lines": [171, 172, 173, 174], "summary": {"covered_lines": 4, "num_statements": 4, "percent_covered": 100.0, "percent_covered_display": "100", "missing_lines": 0, "excluded_lines": 0, "percent_statements_covered": 100.0, "percent_statements_covered_display": "100"}, "missing_lines": [], "excluded_lines": [], "start_line": 169}, "FitClass.back_width_ease": {"executed_lines": [183], "summary": {"covered_lines": 1, "num_statements": 1, "percent_covered": 100.0, "percent_covered_display": "100", "missing_lines": 0, "excluded_lines": 0, "percent_statements_covered": 100.0, "percent_statements_covered_display": "100"}, "missing_lines": [], "excluded_lines": [], "start_line": 181}, "FitClass.armscye_width_ease": {"executed_lines": [188], "summary": {"covered_lines": 1, "num_statements": 1, "percent_covered": 100.0, "percent_covered_display": "100", "missing_lines": 0, "excluded_lines": 0, "percent_statements_covered": 100.0, "percent_statements_covered_display": "100"}, "missing_lines": [], "excluded_lines": [], "start_line": 186}, "FitClass.chest_width_ease": {"executed_lines": [193], "summary": {"covered_lines": 1, "num_statements": 1, "percent_covered": 100.0, "percent_covered_display": "100", "missing_lines": 0, "excluded_lines": 0, "percent_statements_covered": 100.0, "percent_statements_covered_display": "100"}, "missing_lines": [], "excluded_lines": [], "start_line": 191}, "FitClass.armscye_depth_ease": {"executed_lines": [198], "summary": {"covered_lines": 1, "num_statements": 1, "percent_covered": 100.0, "percent_covered_display": "100", "missing_lines": 0, "excluded_lines": 0, "percent_statements_covered": 100.0, "percent_statements_covered_display": "100"}, "missing_lines": [], "excluded_lines": [], "start_line": 196}, "FitClass.waist_ease": {"executed_lines": [203], "summary": {"covered_lines": 1, "num_statements": 1, "percent_covered": 100.0, "percent_covered_display": "100", "missing_lines": 0, "excluded_lines": 0, "percent_statements_covered": 100.0, "percent_statements_covered_display": "100"}, "missing_lines": [], "excluded_lines": [], "start_line": 201}, "FitClass.hip_ease": {"executed_lines": [208], "summary": {"covered_lines": 1, "num_statements": 1, "percent_covered": 100.0, "percent_covered_display": "100", "missing_lines": 0, "excluded_lines": 0, "percent_statements_covered": 100.0, "percent_statements_covered_display": "100"}, "missing_lines": [], "excluded_lines": [], "start_line": 206}, "FitClass.bust_point_ease": {"executed_lines": [213], "summary": {"covered_lines": 1, "num_statements": 1, "percent_covered": 100.0, "percent_covered_display": "100", "missing_lines": 0, "excluded_lines": 0, "percent_statements_covered": 100.0, "percent_statements_covered_display": "100"}, "missing_lines": [], "excluded_lines": [], "start_line": 211}, "FitClass.shoulder_width_ease": {"executed_lines": [218], "summary": {"covered_lines": 1, "num_statements": 1, "percent_covered": 100.0, "percent_covered_display": "100", "missing_lines": 0, "excluded_lines": 0, "percent_statements_covered": 100.0, "percent_statements_covered_display": "100"}, "missing_lines": [], "excluded_lines": [], "start_line": 216}, "FitClass.bust_width_ease": {"executed_lines": [223], "summary": {"covered_lines": 1, "num_statements": 1, "percent_covered": 100.0, "percent_covered_display": "100", "missing_lines": 0, "excluded_lines": 0, "percent_statements_covered": 100.0, "percent_statements_covered_display": "100"}, "missing_lines": [], "excluded_lines": [], "start_line": 221}, "FitClass.range": {"executed_lines": [234, 235, 236], "summary": {"covered_lines": 3, "num_statements": 3, "percent_covered": 100.0, "percent_covered_display": "100", "missing_lines": 0, "excluded_lines": 0, "percent_statements_covered": 100.0, "percent_statements_covered_display": "100"}, "missing_lines": [], "excluded_lines": [], "start_line": 225}, "": {"executed_lines": [28, 30, 31, 32, 34, 36, 42, 45, 57, 60, 61, 64, 78, 85, 86, 114, 116, 117, 118, 119, 120, 121, 122, 123, 125, 149, 169, 180, 181, 185, 186, 190, 191, 195, 196, 200, 201, 205, 206, 210, 211, 215, 216, 220, 221, 225], "summary": {"covered_lines": 46, "num_statements": 46, "percent_covered": 100.0, "percent_covered_display": "100", "missing_lines": 0, "excluded_lines": 0, "percent_statements_covered": 100.0, "percent_statements_covered_display": "100"}, "missing_lines": [], "excluded_lines": [], "start_line": 1}}, "classes": {"_Range": {"executed_lines": [], "summary": {"covered_lines": 0, "num_statements": 0, "percent_covered": 100.0, "percent_covered_display": "100", "missing_lines": 0, "excluded_lines": 0, "percent_statements_covered": 100.0, "percent_statements_covered_display": "100"}, "missing_lines": [], "excluded_lines": [], "start_line": 57}, "FitClass": {"executed_lines": [138, 139, 140, 141, 142, 143, 144, 145, 146, 147, 151, 152, 153, 154, 157, 158, 159, 160, 161, 162, 163, 171, 172, 173, 174, 183, 188, 193, 198, 203, 208, 213, 218, 223, 234, 235, 236], "summary": {"covered_lines": 37, "num_statements": 37, "percent_covered": 100.0, "percent_covered_display": "100", "missing_lines": 0, "excluded_lines": 0, "percent_statements_covered": 100.0, "percent_statements_covered_display": "100"}, "missing_lines": [], "excluded_lines": [], "start_line": 86}, "": {"executed_lines": [28, 30, 31, 32, 34, 36, 42, 45, 57, 60, 61, 64, 66, 67, 68, 69, 70, 71, 72, 73, 74, 75, 78, 85, 86, 114, 116, 117, 118, 119, 120, 121, 122, 123, 125, 149, 169, 180, 181, 185, 186, 190, 191, 195, 196, 200, 201, 205, 206, 210, 211, 215, 216, 220, 221, 225], "summary": {"covered_lines": 56, "num_statements": 56, "percent_covered": 100.0, "percent_covered_display": "100", "missing_lines": 0, "excluded_lines": 0, "percent_statements_covered": 100.0, "percent_statements_covered_display": "100"}, "missing_lines": [], "excluded_lines": [], "start_line": 1}}}, "src/sewpat/geometry/__init__.py": {"executed_lines": [7, 22, 25, 30, 40, 51], "summary": {"covered_lines": 6, "num_statements": 6, "percent_covered": 100.0, "percent_covered_display": "100", "missing_lines": 0, "excluded_lines": 0, "percent_statements_covered": 100.0, "percent_statements_covered_display": "100"}, "missing_lines": [], "excluded_lines": [], "functions": {"": {"executed_lines": [7, 22, 25, 30, 40, 51], "summary": {"covered_lines": 6, "num_statements": 6, "percent_covered": 100.0, "percent_covered_display": "100", "missing_lines": 0, "excluded_lines": 0, "percent_statements_covered": 100.0, "percent_statements_covered_display": "100"}, "missing_lines": [], "excluded_lines": [], "start_line": 1}}, "classes": {"": {"executed_lines": [7, 22, 25, 30, 40, 51], "summary": {"covered_lines": 6, "num_statements": 6, "percent_covered": 100.0, "percent_covered_display": "100", "missing_lines": 0, "excluded_lines": 0, "percent_statements_covered": 100.0, "percent_statements_covered_display": "100"}, "missing_lines": [], "excluded_lines": [], "start_line": 1}}}, "src/sewpat/geometry/_algorithms.py": {"executed_lines": [27, 29, 30, 31, 33, 34, 50, 60, 80, 81, 82, 83, 88, 91, 110, 111, 112, 113, 114, 115, 116, 118, 119, 120, 121, 122, 125, 142, 143, 144, 145, 146, 147, 148, 156, 188, 189, 192, 193, 194, 195, 197, 198, 201, 202, 205, 206, 209, 210, 211, 213, 214, 217, 218, 219, 220, 222, 223, 225, 232, 235, 253, 254, 255, 256, 257, 260, 280, 281, 282, 285, 287, 288, 289, 292, 327, 328, 330, 331, 332, 333, 334, 336, 337, 339, 340, 341, 342, 343, 344, 345, 346, 348, 349, 350, 351, 352, 353, 354, 355, 357, 358, 359, 362, 401, 402, 403, 404, 406, 408, 409, 410, 411, 413, 414, 416, 417, 418, 421, 455, 456, 457, 459, 460, 462, 463, 464, 466, 467, 469, 470, 473, 475, 476, 478, 479, 480, 482, 483, 484, 486, 487, 489, 490, 492, 495, 530, 531, 532, 533, 534, 539, 568, 569, 570, 571, 572, 573, 574, 575, 576, 577, 580, 598, 601, 603, 604, 607, 609, 612, 621, 623, 624, 627, 629, 630, 632, 634, 637, 643, 644, 645, 646, 649, 684, 685, 686, 687, 692, 693, 694, 697, 698, 699, 703, 704, 705, 708, 709, 711, 714, 745, 746, 747, 750], "summary": {"covered_lines": 205, "num_statements": 206, "percent_covered": 99.51456310679612, "percent_covered_display": "99", "missing_lines": 1, "excluded_lines": 4, "percent_statements_covered": 99.51456310679612, "percent_statements_covered_display": "99"}, "missing_lines": [626], "excluded_lines": [84, 87, 471, 472], "functions": {"_intersect_linear_linear": {"executed_lines": [80, 81, 82, 83, 88], "summary": {"covered_lines": 5, "num_statements": 5, "percent_covered": 100.0, "percent_covered_display": "100", "missing_lines": 0, "excluded_lines": 2, "percent_statements_covered": 100.0, "percent_statements_covered_display": "100"}, "missing_lines": [], "excluded_lines": [84, 87], "start_line": 60}, "geom_to_shapely": {"executed_lines": [110, 111, 112, 113, 114, 115, 116, 118, 119, 120, 121, 122], "summary": {"covered_lines": 12, "num_statements": 12, "percent_covered": 100.0, "percent_covered_display": "100", "missing_lines": 0, "excluded_lines": 0, "percent_statements_covered": 100.0, "percent_statements_covered_display": "100"}, "missing_lines": [], "excluded_lines": [], "start_line": 91}, "_shapely_to_points": {"executed_lines": [142, 143, 144, 145, 146, 147, 148], "summary": {"covered_lines": 7, "num_statements": 7, "percent_covered": 100.0, "percent_covered_display": "100", "missing_lines": 0, "excluded_lines": 0, "percent_statements_covered": 100.0, "percent_statements_covered_display": "100"}, "missing_lines": [], "excluded_lines": [], "start_line": 125}, "intersect": {"executed_lines": [188, 189, 192, 193, 194, 195, 197, 198, 201, 202, 205, 206, 209, 210, 211, 213, 214, 217, 218, 219, 220, 222, 223, 225], "summary": {"covered_lines": 24, "num_statements": 24, "percent_covered": 100.0, "percent_covered_display": "100", "missing_lines": 0, "excluded_lines": 0, "percent_statements_covered": 100.0, "percent_statements_covered_display": "100"}, "missing_lines": [], "excluded_lines": [], "start_line": 156}, "edge_tangent": {"executed_lines": [253, 254, 255, 256, 257], "summary": {"covered_lines": 5, "num_statements": 5, "percent_covered": 100.0, "percent_covered_display": "100", "missing_lines": 0, "excluded_lines": 0, "percent_statements_covered": 100.0, "percent_statements_covered_display": "100"}, "missing_lines": [], "excluded_lines": [], "start_line": 235}, "with_endpoints": {"executed_lines": [280, 281, 282], "summary": {"covered_lines": 3, "num_statements": 3, "percent_covered": 100.0, "percent_covered_display": "100", "missing_lines": 0, "excluded_lines": 0, "percent_statements_covered": 100.0, "percent_statements_covered_display": "100"}, "missing_lines": [], "excluded_lines": [], "start_line": 260}, "_reverse_geom": {"executed_lines": [287, 288, 289], "summary": {"covered_lines": 3, "num_statements": 3, "percent_covered": 100.0, "percent_covered_display": "100", "missing_lines": 0, "excluded_lines": 0, "percent_statements_covered": 100.0, "percent_statements_covered_display": "100"}, "missing_lines": [], "excluded_lines": [], "start_line": 285}, "build_chain": {"executed_lines": [327, 328, 330, 331, 332, 333, 334, 336, 337, 339, 340, 341, 342, 343, 344, 345, 346, 348, 349, 350, 351, 352, 353, 354, 355, 357, 358, 359], "summary": {"covered_lines": 28, "num_statements": 28, "percent_covered": 100.0, "percent_covered_display": "100", "missing_lines": 0, "excluded_lines": 0, "percent_statements_covered": 100.0, "percent_statements_covered_display": "100"}, "missing_lines": [], "excluded_lines": [], "start_line": 292}, "miter_corner": {"executed_lines": [401, 402, 403, 404, 406, 408, 409, 410, 411, 413, 414, 416, 417, 418], "summary": {"covered_lines": 14, "num_statements": 14, "percent_covered": 100.0, "percent_covered_display": "100", "missing_lines": 0, "excluded_lines": 0, "percent_statements_covered": 100.0, "percent_statements_covered_display": "100"}, "missing_lines": [], "excluded_lines": [], "start_line": 362}, "round_corner": {"executed_lines": [455, 456, 457, 459, 460, 462, 463, 464, 466, 467, 469, 470, 473, 475, 476, 478, 479, 480, 482, 483, 484, 486, 487, 489, 490, 492], "summary": {"covered_lines": 26, "num_statements": 26, "percent_covered": 100.0, "percent_covered_display": "100", "missing_lines": 0, "excluded_lines": 2, "percent_statements_covered": 100.0, "percent_statements_covered_display": "100"}, "missing_lines": [], "excluded_lines": [471, 472], "start_line": 421}, "buffer_chain": {"executed_lines": [530, 531, 532, 533, 534], "summary": {"covered_lines": 5, "num_statements": 5, "percent_covered": 100.0, "percent_covered_display": "100", "missing_lines": 0, "excluded_lines": 0, "percent_statements_covered": 100.0, "percent_statements_covered_display": "100"}, "missing_lines": [], "excluded_lines": [], "start_line": 495}, "outline_polygon": {"executed_lines": [568, 569, 570, 571, 572, 573, 574, 575, 576, 577], "summary": {"covered_lines": 10, "num_statements": 10, "percent_covered": 100.0, "percent_covered_display": "100", "missing_lines": 0, "excluded_lines": 0, "percent_statements_covered": 100.0, "percent_statements_covered_display": "100"}, "missing_lines": [], "excluded_lines": [], "start_line": 539}, "seam_length": {"executed_lines": [598], "summary": {"covered_lines": 1, "num_statements": 1, "percent_covered": 100.0, "percent_covered_display": "100", "missing_lines": 0, "excluded_lines": 0, "percent_statements_covered": 100.0, "percent_statements_covered_display": "100"}, "missing_lines": [], "excluded_lines": [], "start_line": 580}, "_normalize_vector": {"executed_lines": [603, 604], "summary": {"covered_lines": 2, "num_statements": 2, "percent_covered": 100.0, "percent_covered_display": "100", "missing_lines": 0, "excluded_lines": 0, "percent_statements_covered": 100.0, "percent_statements_covered_display": "100"}, "missing_lines": [], "excluded_lines": [], "start_line": 601}, "_normal_from_tangent": {"executed_lines": [609], "summary": {"covered_lines": 1, "num_statements": 1, "percent_covered": 100.0, "percent_covered_display": "100", "missing_lines": 0, "excluded_lines": 0, "percent_statements_covered": 100.0, "percent_statements_covered_display": "100"}, "missing_lines": [], "excluded_lines": [], "start_line": 607}, "_bezier_tangent_from_control_points": {"executed_lines": [621, 623, 624, 627, 629, 630, 632, 634], "summary": {"covered_lines": 8, "num_statements": 9, "percent_covered": 88.88888888888889, "percent_covered_display": "89", "missing_lines": 1, "excluded_lines": 0, "percent_statements_covered": 88.88888888888889, "percent_statements_covered_display": "89"}, "missing_lines": [626], "excluded_lines": [], "start_line": 612}, "_orient_normal_inward": {"executed_lines": [643, 644, 645, 646], "summary": {"covered_lines": 4, "num_statements": 4, "percent_covered": 100.0, "percent_covered_display": "100", "missing_lines": 0, "excluded_lines": 0, "percent_statements_covered": 100.0, "percent_statements_covered_display": "100"}, "missing_lines": [], "excluded_lines": [], "start_line": 637}, "project_onto_edge": {"executed_lines": [684, 685, 686, 687, 692, 693, 694, 697, 698, 699, 703, 704, 705, 708, 709, 711], "summary": {"covered_lines": 16, "num_statements": 16, "percent_covered": 100.0, "percent_covered_display": "100", "missing_lines": 0, "excluded_lines": 0, "percent_statements_covered": 100.0, "percent_statements_covered_display": "100"}, "missing_lines": [], "excluded_lines": [], "start_line": 649}, "offset_adaptive": {"executed_lines": [745, 746, 747, 750], "summary": {"covered_lines": 4, "num_statements": 4, "percent_covered": 100.0, "percent_covered_display": "100", "missing_lines": 0, "excluded_lines": 0, "percent_statements_covered": 100.0, "percent_statements_covered_display": "100"}, "missing_lines": [], "excluded_lines": [], "start_line": 714}, "": {"executed_lines": [27, 29, 30, 31, 33, 34, 50, 60, 91, 125, 156, 232, 235, 260, 285, 292, 362, 421, 495, 539, 580, 601, 607, 612, 637, 649, 714], "summary": {"covered_lines": 27, "num_statements": 27, "percent_covered": 100.0, "percent_covered_display": "100", "missing_lines": 0, "excluded_lines": 0, "percent_statements_covered": 100.0, "percent_statements_covered_display": "100"}, "missing_lines": [], "excluded_lines": [], "start_line": 1}}, "classes": {"": {"executed_lines": [27, 29, 30, 31, 33, 34, 50, 60, 80, 81, 82, 83, 88, 91, 110, 111, 112, 113, 114, 115, 116, 118, 119, 120, 121, 122, 125, 142, 143, 144, 145, 146, 147, 148, 156, 188, 189, 192, 193, 194, 195, 197, 198, 201, 202, 205, 206, 209, 210, 211, 213, 214, 217, 218, 219, 220, 222, 223, 225, 232, 235, 253, 254, 255, 256, 257, 260, 280, 281, 282, 285, 287, 288, 289, 292, 327, 328, 330, 331, 332, 333, 334, 336, 337, 339, 340, 341, 342, 343, 344, 345, 346, 348, 349, 350, 351, 352, 353, 354, 355, 357, 358, 359, 362, 401, 402, 403, 404, 406, 408, 409, 410, 411, 413, 414, 416, 417, 418, 421, 455, 456, 457, 459, 460, 462, 463, 464, 466, 467, 469, 470, 473, 475, 476, 478, 479, 480, 482, 483, 484, 486, 487, 489, 490, 492, 495, 530, 531, 532, 533, 534, 539, 568, 569, 570, 571, 572, 573, 574, 575, 576, 577, 580, 598, 601, 603, 604, 607, 609, 612, 621, 623, 624, 627, 629, 630, 632, 634, 637, 643, 644, 645, 646, 649, 684, 685, 686, 687, 692, 693, 694, 697, 698, 699, 703, 704, 705, 708, 709, 711, 714, 745, 746, 747, 750], "summary": {"covered_lines": 205, "num_statements": 206, "percent_covered": 99.51456310679612, "percent_covered_display": "99", "missing_lines": 1, "excluded_lines": 4, "percent_statements_covered": 99.51456310679612, "percent_statements_covered_display": "99"}, "missing_lines": [626], "excluded_lines": [84, 87, 471, 472], "start_line": 1}}}, "src/sewpat/geometry/_bezier.py": {"executed_lines": [9, 10, 11, 13, 20, 25, 28, 34, 35, 38, 46, 47, 48, 49, 51, 54, 63, 64, 65, 66, 67, 68, 76, 96, 106, 107, 108, 109, 110, 112, 114, 118, 120, 122, 123, 125, 127, 128, 130, 132, 137, 145, 147, 148, 150, 156, 157, 158, 159, 160, 162, 163, 165, 167, 174, 181, 182, 184, 186, 196, 197, 199, 217, 218, 219, 220, 235, 249, 250, 251, 252, 253, 255, 266, 267, 268, 269, 271, 277, 278, 295, 318, 319, 320, 322, 323, 324, 325, 327, 328, 330, 334, 345, 346, 348, 356, 357, 358, 360, 368, 369, 371, 390, 392, 394, 407, 409, 411, 440, 442], "summary": {"covered_lines": 110, "num_statements": 110, "percent_covered": 100.0, "percent_covered_display": "100", "missing_lines": 0, "excluded_lines": 13, "percent_statements_covered": 100.0, "percent_statements_covered_display": "100"}, "missing_lines": [], "excluded_lines": [221, 222, 223, 224, 225, 226, 227, 228, 229, 230, 231, 232, 233], "functions": {"_bezier_closest_t": {"executed_lines": [25], "summary": {"covered_lines": 1, "num_statements": 1, "percent_covered": 100.0, "percent_covered_display": "100", "missing_lines": 0, "excluded_lines": 0, "percent_statements_covered": 100.0, "percent_statements_covered_display": "100"}, "missing_lines": [], "excluded_lines": [], "start_line": 20}, "_bezier_shapely": {"executed_lines": [34, 35], "summary": {"covered_lines": 2, "num_statements": 2, "percent_covered": 100.0, "percent_covered_display": "100", "missing_lines": 0, "excluded_lines": 0, "percent_statements_covered": 100.0, "percent_statements_covered_display": "100"}, "missing_lines": [], "excluded_lines": [], "start_line": 28}, "_true_offset_ls": {"executed_lines": [46, 51], "summary": {"covered_lines": 2, "num_statements": 2, "percent_covered": 100.0, "percent_covered_display": "100", "missing_lines": 0, "excluded_lines": 0, "percent_statements_covered": 100.0, "percent_statements_covered_display": "100"}, "missing_lines": [], "excluded_lines": [], "start_line": 38}, "_true_offset_ls._offset_pt": {"executed_lines": [47, 48, 49], "summary": {"covered_lines": 3, "num_statements": 3, "percent_covered": 100.0, "percent_covered_display": "100", "missing_lines": 0, "excluded_lines": 0, "percent_statements_covered": 100.0, "percent_statements_covered_display": "100"}, "missing_lines": [], "excluded_lines": [], "start_line": 46}, "_intersect_bezier_bezier": {"executed_lines": [63, 64, 65, 66, 67, 68], "summary": {"covered_lines": 6, "num_statements": 6, "percent_covered": 100.0, "percent_covered_display": "100", "missing_lines": 0, "excluded_lines": 0, "percent_statements_covered": 100.0, "percent_statements_covered_display": "100"}, "missing_lines": [], "excluded_lines": [], "start_line": 54}, "CubicBezier.__init__": {"executed_lines": [106, 107, 108, 109, 110], "summary": {"covered_lines": 5, "num_statements": 5, "percent_covered": 100.0, "percent_covered_display": "100", "missing_lines": 0, "excluded_lines": 0, "percent_statements_covered": 100.0, "percent_statements_covered_display": "100"}, "missing_lines": [], "excluded_lines": [], "start_line": 96}, "CubicBezier.__str__": {"executed_lines": [114], "summary": {"covered_lines": 1, "num_statements": 1, "percent_covered": 100.0, "percent_covered_display": "100", "missing_lines": 0, "excluded_lines": 0, "percent_statements_covered": 100.0, "percent_statements_covered_display": "100"}, "missing_lines": [], "excluded_lines": [], "start_line": 112}, "CubicBezier.__repr__": {"executed_lines": [120], "summary": {"covered_lines": 1, "num_statements": 1, "percent_covered": 100.0, "percent_covered_display": "100", "missing_lines": 0, "excluded_lines": 0, "percent_statements_covered": 100.0, "percent_statements_covered_display": "100"}, "missing_lines": [], "excluded_lines": [], "start_line": 118}, "CubicBezier.start": {"executed_lines": [125], "summary": {"covered_lines": 1, "num_statements": 1, "percent_covered": 100.0, "percent_covered_display": "100", "missing_lines": 0, "excluded_lines": 0, "percent_statements_covered": 100.0, "percent_statements_covered_display": "100"}, "missing_lines": [], "excluded_lines": [], "start_line": 123}, "CubicBezier.end": {"executed_lines": [130], "summary": {"covered_lines": 1, "num_statements": 1, "percent_covered": 100.0, "percent_covered_display": "100", "missing_lines": 0, "excluded_lines": 0, "percent_statements_covered": 100.0, "percent_statements_covered_display": "100"}, "missing_lines": [], "excluded_lines": [], "start_line": 128}, "CubicBezier.translate": {"executed_lines": [137], "summary": {"covered_lines": 1, "num_statements": 1, "percent_covered": 100.0, "percent_covered_display": "100", "missing_lines": 0, "excluded_lines": 0, "percent_statements_covered": 100.0, "percent_statements_covered_display": "100"}, "missing_lines": [], "excluded_lines": [], "start_line": 132}, "CubicBezier.set_name": {"executed_lines": [147, 148], "summary": {"covered_lines": 2, "num_statements": 2, "percent_covered": 100.0, "percent_covered_display": "100", "missing_lines": 0, "excluded_lines": 0, "percent_statements_covered": 100.0, "percent_statements_covered_display": "100"}, "missing_lines": [], "excluded_lines": [], "start_line": 145}, "CubicBezier.point_at_t": {"executed_lines": [156, 157, 158, 159, 160, 162, 163, 165], "summary": {"covered_lines": 8, "num_statements": 8, "percent_covered": 100.0, "percent_covered_display": "100", "missing_lines": 0, "excluded_lines": 0, "percent_statements_covered": 100.0, "percent_statements_covered_display": "100"}, "missing_lines": [], "excluded_lines": [], "start_line": 150}, "CubicBezier._svg": {"executed_lines": [174], "summary": {"covered_lines": 1, "num_statements": 1, "percent_covered": 100.0, "percent_covered_display": "100", "missing_lines": 0, "excluded_lines": 0, "percent_statements_covered": 100.0, "percent_statements_covered_display": "100"}, "missing_lines": [], "excluded_lines": [], "start_line": 167}, "CubicBezier.length": {"executed_lines": [184], "summary": {"covered_lines": 1, "num_statements": 1, "percent_covered": 100.0, "percent_covered_display": "100", "missing_lines": 0, "excluded_lines": 0, "percent_statements_covered": 100.0, "percent_statements_covered_display": "100"}, "missing_lines": [], "excluded_lines": [], "start_line": 182}, "CubicBezier.tangent_at_t": {"executed_lines": [196, 197], "summary": {"covered_lines": 2, "num_statements": 2, "percent_covered": 100.0, "percent_covered_display": "100", "missing_lines": 0, "excluded_lines": 0, "percent_statements_covered": 100.0, "percent_statements_covered_display": "100"}, "missing_lines": [], "excluded_lines": [], "start_line": 186}, "CubicBezier.normal_at_t": {"executed_lines": [217, 218, 219, 220], "summary": {"covered_lines": 4, "num_statements": 4, "percent_covered": 100.0, "percent_covered_display": "100", "missing_lines": 0, "excluded_lines": 13, "percent_statements_covered": 100.0, "percent_statements_covered_display": "100"}, "missing_lines": [], "excluded_lines": [221, 222, 223, 224, 225, 226, 227, 228, 229, 230, 231, 232, 233], "start_line": 199}, "CubicBezier.point_at_length": {"executed_lines": [249, 250, 251, 252, 253], "summary": {"covered_lines": 5, "num_statements": 5, "percent_covered": 100.0, "percent_covered_display": "100", "missing_lines": 0, "excluded_lines": 0, "percent_statements_covered": 100.0, "percent_statements_covered_display": "100"}, "missing_lines": [], "excluded_lines": [], "start_line": 235}, "CubicBezier.point_along_from": {"executed_lines": [266, 267, 268, 269], "summary": {"covered_lines": 4, "num_statements": 4, "percent_covered": 100.0, "percent_covered_display": "100", "missing_lines": 0, "excluded_lines": 0, "percent_statements_covered": 100.0, "percent_statements_covered_display": "100"}, "missing_lines": [], "excluded_lines": [], "start_line": 255}, "CubicBezier.split": {"executed_lines": [277, 278], "summary": {"covered_lines": 2, "num_statements": 2, "percent_covered": 100.0, "percent_covered_display": "100", "missing_lines": 0, "excluded_lines": 0, "percent_statements_covered": 100.0, "percent_statements_covered_display": "100"}, "missing_lines": [], "excluded_lines": [], "start_line": 271}, "CubicBezier.split_at_points": {"executed_lines": [318, 319, 320, 322, 323, 324, 325, 327, 328, 330], "summary": {"covered_lines": 10, "num_statements": 10, "percent_covered": 100.0, "percent_covered_display": "100", "missing_lines": 0, "excluded_lines": 0, "percent_statements_covered": 100.0, "percent_statements_covered_display": "100"}, "missing_lines": [], "excluded_lines": [], "start_line": 295}, "CubicBezier.bounding_box": {"executed_lines": [345, 346], "summary": {"covered_lines": 2, "num_statements": 2, "percent_covered": 100.0, "percent_covered_display": "100", "missing_lines": 0, "excluded_lines": 0, "percent_statements_covered": 100.0, "percent_statements_covered_display": "100"}, "missing_lines": [], "excluded_lines": [], "start_line": 334}, "CubicBezier.point_perpendicular": {"executed_lines": [356, 357, 358], "summary": {"covered_lines": 3, "num_statements": 3, "percent_covered": 100.0, "percent_covered_display": "100", "missing_lines": 0, "excluded_lines": 0, "percent_statements_covered": 100.0, "percent_statements_covered_display": "100"}, "missing_lines": [], "excluded_lines": [], "start_line": 348}, "CubicBezier.contains_point": {"executed_lines": [368, 369], "summary": {"covered_lines": 2, "num_statements": 2, "percent_covered": 100.0, "percent_covered_display": "100", "missing_lines": 0, "excluded_lines": 0, "percent_statements_covered": 100.0, "percent_statements_covered_display": "100"}, "missing_lines": [], "excluded_lines": [], "start_line": 360}, "CubicBezier.offset": {"executed_lines": [390, 392], "summary": {"covered_lines": 2, "num_statements": 2, "percent_covered": 100.0, "percent_covered_display": "100", "missing_lines": 0, "excluded_lines": 0, "percent_statements_covered": 100.0, "percent_statements_covered_display": "100"}, "missing_lines": [], "excluded_lines": [], "start_line": 371}, "CubicBezier.offset_error": {"executed_lines": [407, 409], "summary": {"covered_lines": 2, "num_statements": 2, "percent_covered": 100.0, "percent_covered_display": "100", "missing_lines": 0, "excluded_lines": 0, "percent_statements_covered": 100.0, "percent_statements_covered_display": "100"}, "missing_lines": [], "excluded_lines": [], "start_line": 394}, "CubicBezier.offset_adaptive": {"executed_lines": [440, 442], "summary": {"covered_lines": 2, "num_statements": 2, "percent_covered": 100.0, "percent_covered_display": "100", "missing_lines": 0, "excluded_lines": 0, "percent_statements_covered": 100.0, "percent_statements_covered_display": "100"}, "missing_lines": [], "excluded_lines": [], "start_line": 411}, "": {"executed_lines": [9, 10, 11, 13, 20, 28, 38, 54, 76, 96, 112, 118, 122, 123, 127, 128, 132, 145, 150, 167, 181, 182, 186, 199, 235, 255, 271, 295, 334, 348, 360, 371, 394, 411], "summary": {"covered_lines": 34, "num_statements": 34, "percent_covered": 100.0, "percent_covered_display": "100", "missing_lines": 0, "excluded_lines": 0, "percent_statements_covered": 100.0, "percent_statements_covered_display": "100"}, "missing_lines": [], "excluded_lines": [], "start_line": 1}}, "classes": {"CubicBezier": {"executed_lines": [106, 107, 108, 109, 110, 114, 120, 125, 130, 137, 147, 148, 156, 157, 158, 159, 160, 162, 163, 165, 174, 184, 196, 197, 217, 218, 219, 220, 249, 250, 251, 252, 253, 266, 267, 268, 269, 277, 278, 318, 319, 320, 322, 323, 324, 325, 327, 328, 330, 345, 346, 356, 357, 358, 368, 369, 390, 392, 407, 409, 440, 442], "summary": {"covered_lines": 62, "num_statements": 62, "percent_covered": 100.0, "percent_covered_display": "100", "missing_lines": 0, "excluded_lines": 13, "percent_statements_covered": 100.0, "percent_statements_covered_display": "100"}, "missing_lines": [], "excluded_lines": [221, 222, 223, 224, 225, 226, 227, 228, 229, 230, 231, 232, 233], "start_line": 76}, "": {"executed_lines": [9, 10, 11, 13, 20, 25, 28, 34, 35, 38, 46, 47, 48, 49, 51, 54, 63, 64, 65, 66, 67, 68, 76, 96, 112, 118, 122, 123, 127, 128, 132, 145, 150, 167, 181, 182, 186, 199, 235, 255, 271, 295, 334, 348, 360, 371, 394, 411], "summary": {"covered_lines": 48, "num_statements": 48, "percent_covered": 100.0, "percent_covered_display": "100", "missing_lines": 0, "excluded_lines": 0, "percent_statements_covered": 100.0, "percent_statements_covered_display": "100"}, "missing_lines": [], "excluded_lines": [], "start_line": 1}}}, "src/sewpat/geometry/_bezier_offset.py": {"executed_lines": [17, 19, 21, 22, 29, 47, 48, 49, 50, 51, 52, 55, 79, 80, 81, 83, 97, 133, 134, 136, 137, 138, 139, 140, 141, 142, 145, 153, 156, 177, 178, 179, 180, 181, 184, 219, 220, 222, 223, 225, 226, 227, 228, 230, 231, 234, 241, 242, 243, 244, 245, 246, 247, 248, 249], "summary": {"covered_lines": 55, "num_statements": 55, "percent_covered": 100.0, "percent_covered_display": "100", "missing_lines": 0, "excluded_lines": 0, "percent_statements_covered": 100.0, "percent_statements_covered_display": "100"}, "missing_lines": [], "excluded_lines": [], "functions": {"_resolve_d": {"executed_lines": [47, 48, 49, 50, 51, 52], "summary": {"covered_lines": 6, "num_statements": 6, "percent_covered": 100.0, "percent_covered_display": "100", "missing_lines": 0, "excluded_lines": 0, "percent_statements_covered": 100.0, "percent_statements_covered_display": "100"}, "missing_lines": [], "excluded_lines": [], "start_line": 29}, "_hodograph_offset": {"executed_lines": [79, 83], "summary": {"covered_lines": 2, "num_statements": 2, "percent_covered": 100.0, "percent_covered_display": "100", "missing_lines": 0, "excluded_lines": 0, "percent_statements_covered": 100.0, "percent_statements_covered_display": "100"}, "missing_lines": [], "excluded_lines": [], "start_line": 55}, "_hodograph_offset._shifted": {"executed_lines": [80, 81], "summary": {"covered_lines": 2, "num_statements": 2, "percent_covered": 100.0, "percent_covered_display": "100", "missing_lines": 0, "excluded_lines": 0, "percent_statements_covered": 100.0, "percent_statements_covered_display": "100"}, "missing_lines": [], "excluded_lines": [], "start_line": 79}, "bezier_offset": {"executed_lines": [133, 134, 136, 137, 138, 139, 140, 141, 142, 145, 153], "summary": {"covered_lines": 11, "num_statements": 11, "percent_covered": 100.0, "percent_covered_display": "100", "missing_lines": 0, "excluded_lines": 0, "percent_statements_covered": 100.0, "percent_statements_covered_display": "100"}, "missing_lines": [], "excluded_lines": [], "start_line": 97}, "bezier_offset_error": {"executed_lines": [177, 178, 179, 180, 181], "summary": {"covered_lines": 5, "num_statements": 5, "percent_covered": 100.0, "percent_covered_display": "100", "missing_lines": 0, "excluded_lines": 0, "percent_statements_covered": 100.0, "percent_statements_covered_display": "100"}, "missing_lines": [], "excluded_lines": [], "start_line": 156}, "bezier_offset_adaptive": {"executed_lines": [219, 220, 222, 223, 225, 226, 227, 228, 230, 231, 234, 241, 242, 243, 244, 245, 246, 247, 248, 249], "summary": {"covered_lines": 20, "num_statements": 20, "percent_covered": 100.0, "percent_covered_display": "100", "missing_lines": 0, "excluded_lines": 0, "percent_statements_covered": 100.0, "percent_statements_covered_display": "100"}, "missing_lines": [], "excluded_lines": [], "start_line": 184}, "": {"executed_lines": [17, 19, 21, 22, 29, 55, 97, 156, 184], "summary": {"covered_lines": 9, "num_statements": 9, "percent_covered": 100.0, "percent_covered_display": "100", "missing_lines": 0, "excluded_lines": 0, "percent_statements_covered": 100.0, "percent_statements_covered_display": "100"}, "missing_lines": [], "excluded_lines": [], "start_line": 1}}, "classes": {"": {"executed_lines": [17, 19, 21, 22, 29, 47, 48, 49, 50, 51, 52, 55, 79, 80, 81, 83, 97, 133, 134, 136, 137, 138, 139, 140, 141, 142, 145, 153, 156, 177, 178, 179, 180, 181, 184, 219, 220, 222, 223, 225, 226, 227, 228, 230, 231, 234, 241, 242, 243, 244, 245, 246, 247, 248, 249], "summary": {"covered_lines": 55, "num_statements": 55, "percent_covered": 100.0, "percent_covered_display": "100", "missing_lines": 0, "excluded_lines": 0, "percent_statements_covered": 100.0, "percent_statements_covered_display": "100"}, "missing_lines": [], "excluded_lines": [], "start_line": 1}}}, "src/sewpat/geometry/_dart.py": {"executed_lines": [3, 4, 5, 7, 9, 10, 13, 24, 25, 28, 32, 33, 34, 35, 39, 40, 41, 42, 48, 64, 76, 92, 93, 94, 95, 96, 97, 100, 101, 102, 110, 112, 113, 116, 128, 129, 130, 131, 132, 133, 134, 135, 138, 150, 151, 154, 166, 167, 168, 171, 183, 184, 185, 186, 187, 188, 189, 192, 204, 206, 208, 210, 211, 212, 214, 221, 223, 224, 225, 226, 229, 242, 243, 244, 245, 249, 250, 251, 252, 253, 261, 280, 294, 295, 296, 297, 298, 299, 300, 301, 302, 303, 304, 305, 306, 308, 314, 315, 316, 322, 323, 336, 338, 339, 352, 354, 355, 368, 370, 371, 384, 386, 387, 400, 402, 403, 417, 425, 426, 428, 430, 431, 454, 455, 456, 458, 459, 473, 474, 475, 477, 478, 484, 485, 486, 488, 489, 495, 496, 497, 499, 500, 502, 504, 505, 507, 509, 510, 512, 514, 515, 517, 519, 520, 530, 532, 533, 538, 544, 545, 550, 551, 552, 553, 554, 556, 559, 560, 562, 574, 581, 593, 596, 597, 599, 611, 613, 614, 615, 616, 617, 618, 619, 620, 621, 622, 630, 638, 640, 642, 647, 653, 654, 655, 665, 667], "summary": {"covered_lines": 196, "num_statements": 196, "percent_covered": 100.0, "percent_covered_display": "100", "missing_lines": 0, "excluded_lines": 0, "percent_statements_covered": 100.0, "percent_statements_covered_display": "100"}, "missing_lines": [], "excluded_lines": [], "functions": {"_unwrap_edge": {"executed_lines": [32, 33, 34, 35, 39, 40, 41, 42], "summary": {"covered_lines": 8, "num_statements": 8, "percent_covered": 100.0, "percent_covered_display": "100", "missing_lines": 0, "excluded_lines": 0, "percent_statements_covered": 100.0, "percent_statements_covered_display": "100"}, "missing_lines": [], "excluded_lines": [], "start_line": 28}, "_dart_from_points": {"executed_lines": [64], "summary": {"covered_lines": 1, "num_statements": 1, "percent_covered": 100.0, "percent_covered_display": "100", "missing_lines": 0, "excluded_lines": 0, "percent_statements_covered": 100.0, "percent_statements_covered_display": "100"}, "missing_lines": [], "excluded_lines": [], "start_line": 48}, "_resolve_edge_center_normal": {"executed_lines": [92, 93, 94, 95, 96, 97, 100, 101, 102], "summary": {"covered_lines": 9, "num_statements": 9, "percent_covered": 100.0, "percent_covered_display": "100", "missing_lines": 0, "excluded_lines": 0, "percent_statements_covered": 100.0, "percent_statements_covered_display": "100"}, "missing_lines": [], "excluded_lines": [], "start_line": 76}, "_validate_t": {"executed_lines": [112, 113], "summary": {"covered_lines": 2, "num_statements": 2, "percent_covered": 100.0, "percent_covered_display": "100", "missing_lines": 0, "excluded_lines": 0, "percent_statements_covered": 100.0, "percent_statements_covered_display": "100"}, "missing_lines": [], "excluded_lines": [], "start_line": 110}, "dart_from_tip_center_width": {"executed_lines": [128, 129, 130, 131, 132, 133, 134, 135], "summary": {"covered_lines": 8, "num_statements": 8, "percent_covered": 100.0, "percent_covered_display": "100", "missing_lines": 0, "excluded_lines": 0, "percent_statements_covered": 100.0, "percent_statements_covered_display": "100"}, "missing_lines": [], "excluded_lines": [], "start_line": 116}, "dart_from_tip_and_legs": {"executed_lines": [150, 151], "summary": {"covered_lines": 2, "num_statements": 2, "percent_covered": 100.0, "percent_covered_display": "100", "missing_lines": 0, "excluded_lines": 0, "percent_statements_covered": 100.0, "percent_statements_covered_display": "100"}, "missing_lines": [], "excluded_lines": [], "start_line": 138}, "dart_from_edge_at_legs": {"executed_lines": [166, 167, 168], "summary": {"covered_lines": 3, "num_statements": 3, "percent_covered": 100.0, "percent_covered_display": "100", "missing_lines": 0, "excluded_lines": 0, "percent_statements_covered": 100.0, "percent_statements_covered_display": "100"}, "missing_lines": [], "excluded_lines": [], "start_line": 154}, "dart_from_edge_at_t": {"executed_lines": [183, 184, 185, 186, 187, 188, 189], "summary": {"covered_lines": 7, "num_statements": 7, "percent_covered": 100.0, "percent_covered_display": "100", "missing_lines": 0, "excluded_lines": 0, "percent_statements_covered": 100.0, "percent_statements_covered_display": "100"}, "missing_lines": [], "excluded_lines": [], "start_line": 171}, "dart_from_edge_at_point": {"executed_lines": [204, 206, 208, 210, 211, 212, 214, 221, 223, 224, 225, 226], "summary": {"covered_lines": 12, "num_statements": 12, "percent_covered": 100.0, "percent_covered_display": "100", "missing_lines": 0, "excluded_lines": 0, "percent_statements_covered": 100.0, "percent_statements_covered_display": "100"}, "missing_lines": [], "excluded_lines": [], "start_line": 192}, "dart_from_edge_free_tip": {"executed_lines": [242, 243, 244, 245, 249, 250, 251, 252, 253], "summary": {"covered_lines": 9, "num_statements": 9, "percent_covered": 100.0, "percent_covered_display": "100", "missing_lines": 0, "excluded_lines": 0, "percent_statements_covered": 100.0, "percent_statements_covered_display": "100"}, "missing_lines": [], "excluded_lines": [], "start_line": 229}, "Dart.__init__": {"executed_lines": [294, 295, 296, 297, 298, 299, 300, 301, 302, 303, 304, 305, 306, 308, 314, 315, 316], "summary": {"covered_lines": 17, "num_statements": 17, "percent_covered": 100.0, "percent_covered_display": "100", "missing_lines": 0, "excluded_lines": 0, "percent_statements_covered": 100.0, "percent_statements_covered_display": "100"}, "missing_lines": [], "excluded_lines": [], "start_line": 280}, "Dart.from_tip_center_width": {"executed_lines": [336], "summary": {"covered_lines": 1, "num_statements": 1, "percent_covered": 100.0, "percent_covered_display": "100", "missing_lines": 0, "excluded_lines": 0, "percent_statements_covered": 100.0, "percent_statements_covered_display": "100"}, "missing_lines": [], "excluded_lines": [], "start_line": 323}, "Dart.from_tip_and_legs": {"executed_lines": [352], "summary": {"covered_lines": 1, "num_statements": 1, "percent_covered": 100.0, "percent_covered_display": "100", "missing_lines": 0, "excluded_lines": 0, "percent_statements_covered": 100.0, "percent_statements_covered_display": "100"}, "missing_lines": [], "excluded_lines": [], "start_line": 339}, "Dart.from_edge_at_legs": {"executed_lines": [368], "summary": {"covered_lines": 1, "num_statements": 1, "percent_covered": 100.0, "percent_covered_display": "100", "missing_lines": 0, "excluded_lines": 0, "percent_statements_covered": 100.0, "percent_statements_covered_display": "100"}, "missing_lines": [], "excluded_lines": [], "start_line": 355}, "Dart.from_edge_at_t": {"executed_lines": [384], "summary": {"covered_lines": 1, "num_statements": 1, "percent_covered": 100.0, "percent_covered_display": "100", "missing_lines": 0, "excluded_lines": 0, "percent_statements_covered": 100.0, "percent_statements_covered_display": "100"}, "missing_lines": [], "excluded_lines": [], "start_line": 371}, "Dart.from_edge_at_point": {"executed_lines": [400], "summary": {"covered_lines": 1, "num_statements": 1, "percent_covered": 100.0, "percent_covered_display": "100", "missing_lines": 0, "excluded_lines": 0, "percent_statements_covered": 100.0, "percent_statements_covered_display": "100"}, "missing_lines": [], "excluded_lines": [], "start_line": 387}, "Dart.from_edge_free_tip": {"executed_lines": [417], "summary": {"covered_lines": 1, "num_statements": 1, "percent_covered": 100.0, "percent_covered_display": "100", "missing_lines": 0, "excluded_lines": 0, "percent_statements_covered": 100.0, "percent_statements_covered_display": "100"}, "missing_lines": [], "excluded_lines": [], "start_line": 403}, "Dart.is_triangle": {"executed_lines": [428], "summary": {"covered_lines": 1, "num_statements": 1, "percent_covered": 100.0, "percent_covered_display": "100", "missing_lines": 0, "excluded_lines": 0, "percent_statements_covered": 100.0, "percent_statements_covered_display": "100"}, "missing_lines": [], "excluded_lines": [], "start_line": 426}, "Dart.roof": {"executed_lines": [454, 455, 456], "summary": {"covered_lines": 3, "num_statements": 3, "percent_covered": 100.0, "percent_covered_display": "100", "missing_lines": 0, "excluded_lines": 0, "percent_statements_covered": 100.0, "percent_statements_covered_display": "100"}, "missing_lines": [], "excluded_lines": [], "start_line": 431}, "Dart.fold_line": {"executed_lines": [473, 474, 475], "summary": {"covered_lines": 3, "num_statements": 3, "percent_covered": 100.0, "percent_covered_display": "100", "missing_lines": 0, "excluded_lines": 0, "percent_statements_covered": 100.0, "percent_statements_covered_display": "100"}, "missing_lines": [], "excluded_lines": [], "start_line": 459}, "Dart.stitch_line_a": {"executed_lines": [484, 485, 486], "summary": {"covered_lines": 3, "num_statements": 3, "percent_covered": 100.0, "percent_covered_display": "100", "missing_lines": 0, "excluded_lines": 0, "percent_statements_covered": 100.0, "percent_statements_covered_display": "100"}, "missing_lines": [], "excluded_lines": [], "start_line": 478}, "Dart.stitch_line_b": {"executed_lines": [495, 496, 497], "summary": {"covered_lines": 3, "num_statements": 3, "percent_covered": 100.0, "percent_covered_display": "100", "missing_lines": 0, "excluded_lines": 0, "percent_statements_covered": 100.0, "percent_statements_covered_display": "100"}, "missing_lines": [], "excluded_lines": [], "start_line": 489}, "Dart.width": {"executed_lines": [502], "summary": {"covered_lines": 1, "num_statements": 1, "percent_covered": 100.0, "percent_covered_display": "100", "missing_lines": 0, "excluded_lines": 0, "percent_statements_covered": 100.0, "percent_statements_covered_display": "100"}, "missing_lines": [], "excluded_lines": [], "start_line": 500}, "Dart.depth": {"executed_lines": [507], "summary": {"covered_lines": 1, "num_statements": 1, "percent_covered": 100.0, "percent_covered_display": "100", "missing_lines": 0, "excluded_lines": 0, "percent_statements_covered": 100.0, "percent_statements_covered_display": "100"}, "missing_lines": [], "excluded_lines": [], "start_line": 505}, "Dart.mirror_tip": {"executed_lines": [512], "summary": {"covered_lines": 1, "num_statements": 1, "percent_covered": 100.0, "percent_covered_display": "100", "missing_lines": 0, "excluded_lines": 0, "percent_statements_covered": 100.0, "percent_statements_covered_display": "100"}, "missing_lines": [], "excluded_lines": [], "start_line": 510}, "Dart.effective_second_tip": {"executed_lines": [517], "summary": {"covered_lines": 1, "num_statements": 1, "percent_covered": 100.0, "percent_covered_display": "100", "missing_lines": 0, "excluded_lines": 0, "percent_statements_covered": 100.0, "percent_statements_covered_display": "100"}, "missing_lines": [], "excluded_lines": [], "start_line": 515}, "Dart.intake_angle": {"executed_lines": [530], "summary": {"covered_lines": 1, "num_statements": 1, "percent_covered": 100.0, "percent_covered_display": "100", "missing_lines": 0, "excluded_lines": 0, "percent_statements_covered": 100.0, "percent_statements_covered_display": "100"}, "missing_lines": [], "excluded_lines": [], "start_line": 520}, "Dart.intake_angle_deg": {"executed_lines": [538], "summary": {"covered_lines": 1, "num_statements": 1, "percent_covered": 100.0, "percent_covered_display": "100", "missing_lines": 0, "excluded_lines": 0, "percent_statements_covered": 100.0, "percent_statements_covered_display": "100"}, "missing_lines": [], "excluded_lines": [], "start_line": 533}, "Dart._transform_curve": {"executed_lines": [550, 551, 552, 553, 554], "summary": {"covered_lines": 5, "num_statements": 5, "percent_covered": 100.0, "percent_covered_display": "100", "missing_lines": 0, "excluded_lines": 0, "percent_statements_covered": 100.0, "percent_statements_covered_display": "100"}, "missing_lines": [], "excluded_lines": [], "start_line": 545}, "Dart.translate": {"executed_lines": [559, 562], "summary": {"covered_lines": 2, "num_statements": 2, "percent_covered": 100.0, "percent_covered_display": "100", "missing_lines": 0, "excluded_lines": 0, "percent_statements_covered": 100.0, "percent_statements_covered_display": "100"}, "missing_lines": [], "excluded_lines": [], "start_line": 556}, "Dart.translate.mv": {"executed_lines": [560], "summary": {"covered_lines": 1, "num_statements": 1, "percent_covered": 100.0, "percent_covered_display": "100", "missing_lines": 0, "excluded_lines": 0, "percent_statements_covered": 100.0, "percent_statements_covered_display": "100"}, "missing_lines": [], "excluded_lines": [], "start_line": 559}, "Dart.set_name": {"executed_lines": [581], "summary": {"covered_lines": 1, "num_statements": 1, "percent_covered": 100.0, "percent_covered_display": "100", "missing_lines": 0, "excluded_lines": 0, "percent_statements_covered": 100.0, "percent_statements_covered_display": "100"}, "missing_lines": [], "excluded_lines": [], "start_line": 574}, "Dart.rotate": {"executed_lines": [596, 599], "summary": {"covered_lines": 2, "num_statements": 2, "percent_covered": 100.0, "percent_covered_display": "100", "missing_lines": 0, "excluded_lines": 0, "percent_statements_covered": 100.0, "percent_statements_covered_display": "100"}, "missing_lines": [], "excluded_lines": [], "start_line": 593}, "Dart.rotate.rot": {"executed_lines": [597], "summary": {"covered_lines": 1, "num_statements": 1, "percent_covered": 100.0, "percent_covered_display": "100", "missing_lines": 0, "excluded_lines": 0, "percent_statements_covered": 100.0, "percent_statements_covered_display": "100"}, "missing_lines": [], "excluded_lines": [], "start_line": 596}, "Dart.split": {"executed_lines": [613, 614, 615, 616, 617, 618, 619, 620, 621, 622, 630, 638], "summary": {"covered_lines": 12, "num_statements": 12, "percent_covered": 100.0, "percent_covered_display": "100", "missing_lines": 0, "excluded_lines": 0, "percent_statements_covered": 100.0, "percent_statements_covered_display": "100"}, "missing_lines": [], "excluded_lines": [], "start_line": 611}, "Dart.__repr__": {"executed_lines": [642], "summary": {"covered_lines": 1, "num_statements": 1, "percent_covered": 100.0, "percent_covered_display": "100", "missing_lines": 0, "excluded_lines": 0, "percent_statements_covered": 100.0, "percent_statements_covered_display": "100"}, "missing_lines": [], "excluded_lines": [], "start_line": 640}, "Dart.__eq__": {"executed_lines": [653, 654, 655], "summary": {"covered_lines": 3, "num_statements": 3, "percent_covered": 100.0, "percent_covered_display": "100", "missing_lines": 0, "excluded_lines": 0, "percent_statements_covered": 100.0, "percent_statements_covered_display": "100"}, "missing_lines": [], "excluded_lines": [], "start_line": 647}, "Dart.__hash__": {"executed_lines": [667], "summary": {"covered_lines": 1, "num_statements": 1, "percent_covered": 100.0, "percent_covered_display": "100", "missing_lines": 0, "excluded_lines": 0, "percent_statements_covered": 100.0, "percent_statements_covered_display": "100"}, "missing_lines": [], "excluded_lines": [], "start_line": 665}, "": {"executed_lines": [3, 4, 5, 7, 9, 10, 13, 24, 25, 28, 48, 76, 110, 116, 138, 154, 171, 192, 229, 261, 280, 322, 323, 338, 339, 354, 355, 370, 371, 386, 387, 402, 403, 425, 426, 430, 431, 458, 459, 477, 478, 488, 489, 499, 500, 504, 505, 509, 510, 514, 515, 519, 520, 532, 533, 544, 545, 556, 574, 593, 611, 640, 647, 665], "summary": {"covered_lines": 64, "num_statements": 64, "percent_covered": 100.0, "percent_covered_display": "100", "missing_lines": 0, "excluded_lines": 0, "percent_statements_covered": 100.0, "percent_statements_covered_display": "100"}, "missing_lines": [], "excluded_lines": [], "start_line": 1}}, "classes": {"DartType": {"executed_lines": [], "summary": {"covered_lines": 0, "num_statements": 0, "percent_covered": 100.0, "percent_covered_display": "100", "missing_lines": 0, "excluded_lines": 0, "percent_statements_covered": 100.0, "percent_statements_covered_display": "100"}, "missing_lines": [], "excluded_lines": [], "start_line": 13}, "Dart": {"executed_lines": [294, 295, 296, 297, 298, 299, 300, 301, 302, 303, 304, 305, 306, 308, 314, 315, 316, 336, 352, 368, 384, 400, 417, 428, 454, 455, 456, 473, 474, 475, 484, 485, 486, 495, 496, 497, 502, 507, 512, 517, 530, 538, 550, 551, 552, 553, 554, 559, 560, 562, 581, 596, 597, 599, 613, 614, 615, 616, 617, 618, 619, 620, 621, 622, 630, 638, 642, 653, 654, 655, 667], "summary": {"covered_lines": 71, "num_statements": 71, "percent_covered": 100.0, "percent_covered_display": "100", "missing_lines": 0, "excluded_lines": 0, "percent_statements_covered": 100.0, "percent_statements_covered_display": "100"}, "missing_lines": [], "excluded_lines": [], "start_line": 261}, "": {"executed_lines": [3, 4, 5, 7, 9, 10, 13, 24, 25, 28, 32, 33, 34, 35, 39, 40, 41, 42, 48, 64, 76, 92, 93, 94, 95, 96, 97, 100, 101, 102, 110, 112, 113, 116, 128, 129, 130, 131, 132, 133, 134, 135, 138, 150, 151, 154, 166, 167, 168, 171, 183, 184, 185, 186, 187, 188, 189, 192, 204, 206, 208, 210, 211, 212, 214, 221, 223, 224, 225, 226, 229, 242, 243, 244, 245, 249, 250, 251, 252, 253, 261, 280, 322, 323, 338, 339, 354, 355, 370, 371, 386, 387, 402, 403, 425, 426, 430, 431, 458, 459, 477, 478, 488, 489, 499, 500, 504, 505, 509, 510, 514, 515, 519, 520, 532, 533, 544, 545, 556, 574, 593, 611, 640, 647, 665], "summary": {"covered_lines": 125, "num_statements": 125, "percent_covered": 100.0, "percent_covered_display": "100", "missing_lines": 0, "excluded_lines": 0, "percent_statements_covered": 100.0, "percent_statements_covered_display": "100"}, "missing_lines": [], "excluded_lines": [], "start_line": 1}}}, "src/sewpat/geometry/_primitives.py": {"executed_lines": [23, 24, 25, 27, 34, 35, 55, 57, 59, 60, 62, 63, 65, 67, 68, 70, 72, 74, 75, 77, 79, 88, 89, 91, 93, 102, 103, 104, 106, 116, 118, 120, 121, 122, 124, 126, 127, 128, 130, 132, 133, 134, 136, 138, 140, 142, 144, 151, 152, 153, 155, 157, 165, 175, 176, 177, 185, 203, 204, 205, 208, 209, 210, 213, 214, 216, 218, 219, 221, 222, 224, 235, 237, 247, 249, 259, 261, 275, 277, 287, 288, 290, 300, 302, 303, 315, 332, 333, 341, 350, 351, 352, 353, 354, 355, 356, 357, 358, 359, 367, 370, 372, 373, 374, 376, 377, 385, 386, 387, 388, 389, 390, 392, 394, 395, 397, 399, 401, 403, 405, 406, 408, 410, 412, 413, 414, 416, 417, 418, 420, 421, 423, 425, 426, 428, 430, 431, 433, 435, 436, 438, 440, 441, 443, 444, 445, 447, 448, 450, 452, 454, 455, 456, 458, 460, 461, 462, 463, 465, 471, 472, 473, 475, 476, 477, 479, 480, 482, 484, 491, 492, 493, 494, 495, 496, 498, 500, 502, 504, 505, 509, 511, 512, 514, 519, 521, 523, 524, 525, 526, 527, 529, 531, 532, 533, 534, 535, 537, 538, 539, 540, 548, 551, 558, 559, 560, 561, 562, 563, 564, 565, 567, 569, 570, 571, 573, 574, 575, 577, 578, 579, 581, 586, 590, 592, 600, 603, 610, 611, 612, 613, 614, 615, 616, 617, 619, 621, 622, 623, 625, 626, 627, 629, 630, 631, 633, 635, 637, 639, 647, 650, 658, 659, 660, 661, 663, 665, 666, 670, 672, 674, 676, 678, 680, 682, 683, 685, 686, 688, 696, 699, 701, 702, 703, 704, 706, 708, 709, 710, 712, 714, 716, 718, 725, 727, 728, 730, 731, 733, 735, 736, 738, 750, 753, 760, 761, 762, 763, 765, 767, 769, 771, 773, 775, 776, 777, 785, 788, 790, 791, 793, 794, 795, 797, 799, 800, 802, 804, 805, 807, 809, 810, 812, 814, 815, 817, 819, 821, 823, 825, 826, 828, 830, 837, 839, 841, 843, 844, 846, 847, 853, 855, 857, 858, 860, 862, 863, 864, 865, 866, 867, 868, 869, 870, 871, 872, 873, 874, 875, 876], "summary": {"covered_lines": 360, "num_statements": 360, "percent_covered": 100.0, "percent_covered_display": "100", "missing_lines": 0, "excluded_lines": 0, "percent_statements_covered": 100.0, "percent_statements_covered_display": "100"}, "missing_lines": [], "excluded_lines": [], "functions": {"Point.__init__": {"executed_lines": [59, 60], "summary": {"covered_lines": 2, "num_statements": 2, "percent_covered": 100.0, "percent_covered_display": "100", "missing_lines": 0, "excluded_lines": 0, "percent_statements_covered": 100.0, "percent_statements_covered_display": "100"}, "missing_lines": [], "excluded_lines": [], "start_line": 57}, "Point.x": {"executed_lines": [65], "summary": {"covered_lines": 1, "num_statements": 1, "percent_covered": 100.0, "percent_covered_display": "100", "missing_lines": 0, "excluded_lines": 0, "percent_statements_covered": 100.0, "percent_statements_covered_display": "100"}, "missing_lines": [], "excluded_lines": [], "start_line": 63}, "Point.y": {"executed_lines": [70], "summary": {"covered_lines": 1, "num_statements": 1, "percent_covered": 100.0, "percent_covered_display": "100", "missing_lines": 0, "excluded_lines": 0, "percent_statements_covered": 100.0, "percent_statements_covered_display": "100"}, "missing_lines": [], "excluded_lines": [], "start_line": 68}, "Point.__str__": {"executed_lines": [74, 75, 77], "summary": {"covered_lines": 3, "num_statements": 3, "percent_covered": 100.0, "percent_covered_display": "100", "missing_lines": 0, "excluded_lines": 0, "percent_statements_covered": 100.0, "percent_statements_covered_display": "100"}, "missing_lines": [], "excluded_lines": [], "start_line": 72}, "Point.distance_to": {"executed_lines": [88, 89, 91], "summary": {"covered_lines": 3, "num_statements": 3, "percent_covered": 100.0, "percent_covered_display": "100", "missing_lines": 0, "excluded_lines": 0, "percent_statements_covered": 100.0, "percent_statements_covered_display": "100"}, "missing_lines": [], "excluded_lines": [], "start_line": 79}, "Point.distance_to_segment": {"executed_lines": [102, 103, 104], "summary": {"covered_lines": 3, "num_statements": 3, "percent_covered": 100.0, "percent_covered_display": "100", "missing_lines": 0, "excluded_lines": 0, "percent_statements_covered": 100.0, "percent_statements_covered_display": "100"}, "missing_lines": [], "excluded_lines": [], "start_line": 93}, "Point.translate": {"executed_lines": [116], "summary": {"covered_lines": 1, "num_statements": 1, "percent_covered": 100.0, "percent_covered_display": "100", "missing_lines": 0, "excluded_lines": 0, "percent_statements_covered": 100.0, "percent_statements_covered_display": "100"}, "missing_lines": [], "excluded_lines": [], "start_line": 106}, "Point.__add__": {"executed_lines": [120, 121, 122], "summary": {"covered_lines": 3, "num_statements": 3, "percent_covered": 100.0, "percent_covered_display": "100", "missing_lines": 0, "excluded_lines": 0, "percent_statements_covered": 100.0, "percent_statements_covered_display": "100"}, "missing_lines": [], "excluded_lines": [], "start_line": 118}, "Point.__sub__": {"executed_lines": [126, 127, 128], "summary": {"covered_lines": 3, "num_statements": 3, "percent_covered": 100.0, "percent_covered_display": "100", "missing_lines": 0, "excluded_lines": 0, "percent_statements_covered": 100.0, "percent_statements_covered_display": "100"}, "missing_lines": [], "excluded_lines": [], "start_line": 124}, "Point.__mul__": {"executed_lines": [132, 133, 134], "summary": {"covered_lines": 3, "num_statements": 3, "percent_covered": 100.0, "percent_covered_display": "100", "missing_lines": 0, "excluded_lines": 0, "percent_statements_covered": 100.0, "percent_statements_covered_display": "100"}, "missing_lines": [], "excluded_lines": [], "start_line": 130}, "Point.__rmul__": {"executed_lines": [138], "summary": {"covered_lines": 1, "num_statements": 1, "percent_covered": 100.0, "percent_covered_display": "100", "missing_lines": 0, "excluded_lines": 0, "percent_statements_covered": 100.0, "percent_statements_covered_display": "100"}, "missing_lines": [], "excluded_lines": [], "start_line": 136}, "Point.__neg__": {"executed_lines": [142], "summary": {"covered_lines": 1, "num_statements": 1, "percent_covered": 100.0, "percent_covered_display": "100", "missing_lines": 0, "excluded_lines": 0, "percent_statements_covered": 100.0, "percent_statements_covered_display": "100"}, "missing_lines": [], "excluded_lines": [], "start_line": 140}, "Point.__eq__": {"executed_lines": [151, 152, 153], "summary": {"covered_lines": 3, "num_statements": 3, "percent_covered": 100.0, "percent_covered_display": "100", "missing_lines": 0, "excluded_lines": 0, "percent_statements_covered": 100.0, "percent_statements_covered_display": "100"}, "missing_lines": [], "excluded_lines": [], "start_line": 144}, "Point.__hash__": {"executed_lines": [157], "summary": {"covered_lines": 1, "num_statements": 1, "percent_covered": 100.0, "percent_covered_display": "100", "missing_lines": 0, "excluded_lines": 0, "percent_statements_covered": 100.0, "percent_statements_covered_display": "100"}, "missing_lines": [], "excluded_lines": [], "start_line": 155}, "Point.rotate": {"executed_lines": [175, 176, 177], "summary": {"covered_lines": 3, "num_statements": 3, "percent_covered": 100.0, "percent_covered_display": "100", "missing_lines": 0, "excluded_lines": 0, "percent_statements_covered": 100.0, "percent_statements_covered_display": "100"}, "missing_lines": [], "excluded_lines": [], "start_line": 165}, "_LinearGeom._origin": {"executed_lines": [], "summary": {"covered_lines": 0, "num_statements": 0, "percent_covered": 100.0, "percent_covered_display": "100", "missing_lines": 0, "excluded_lines": 0, "percent_statements_covered": 100.0, "percent_statements_covered_display": "100"}, "missing_lines": [], "excluded_lines": [], "start_line": 205}, "_LinearGeom._direction": {"executed_lines": [], "summary": {"covered_lines": 0, "num_statements": 0, "percent_covered": 100.0, "percent_covered_display": "100", "missing_lines": 0, "excluded_lines": 0, "percent_statements_covered": 100.0, "percent_statements_covered_display": "100"}, "missing_lines": [], "excluded_lines": [], "start_line": 210}, "_LinearGeom.unit_direction": {"executed_lines": [216], "summary": {"covered_lines": 1, "num_statements": 1, "percent_covered": 100.0, "percent_covered_display": "100", "missing_lines": 0, "excluded_lines": 0, "percent_statements_covered": 100.0, "percent_statements_covered_display": "100"}, "missing_lines": [], "excluded_lines": [], "start_line": 214}, "_LinearGeom.unit_normal": {"executed_lines": [221, 222], "summary": {"covered_lines": 2, "num_statements": 2, "percent_covered": 100.0, "percent_covered_display": "100", "missing_lines": 0, "excluded_lines": 0, "percent_statements_covered": 100.0, "percent_statements_covered_display": "100"}, "missing_lines": [], "excluded_lines": [], "start_line": 219}, "_LinearGeom.project_length": {"executed_lines": [235], "summary": {"covered_lines": 1, "num_statements": 1, "percent_covered": 100.0, "percent_covered_display": "100", "missing_lines": 0, "excluded_lines": 0, "percent_statements_covered": 100.0, "percent_statements_covered_display": "100"}, "missing_lines": [], "excluded_lines": [], "start_line": 224}, "_LinearGeom.point_at_distance": {"executed_lines": [247], "summary": {"covered_lines": 1, "num_statements": 1, "percent_covered": 100.0, "percent_covered_display": "100", "missing_lines": 0, "excluded_lines": 0, "percent_statements_covered": 100.0, "percent_statements_covered_display": "100"}, "missing_lines": [], "excluded_lines": [], "start_line": 237}, "_LinearGeom.point_along_from": {"executed_lines": [259], "summary": {"covered_lines": 1, "num_statements": 1, "percent_covered": 100.0, "percent_covered_display": "100", "missing_lines": 0, "excluded_lines": 0, "percent_statements_covered": 100.0, "percent_statements_covered_display": "100"}, "missing_lines": [], "excluded_lines": [], "start_line": 249}, "_LinearGeom.project_point": {"executed_lines": [275], "summary": {"covered_lines": 1, "num_statements": 1, "percent_covered": 100.0, "percent_covered_display": "100", "missing_lines": 0, "excluded_lines": 0, "percent_statements_covered": 100.0, "percent_statements_covered_display": "100"}, "missing_lines": [], "excluded_lines": [], "start_line": 261}, "_LinearGeom.reflect_point": {"executed_lines": [287, 288], "summary": {"covered_lines": 2, "num_statements": 2, "percent_covered": 100.0, "percent_covered_display": "100", "missing_lines": 0, "excluded_lines": 0, "percent_statements_covered": 100.0, "percent_statements_covered_display": "100"}, "missing_lines": [], "excluded_lines": [], "start_line": 277}, "_LinearGeom.point_perpendicular": {"executed_lines": [300], "summary": {"covered_lines": 1, "num_statements": 1, "percent_covered": 100.0, "percent_covered_display": "100", "missing_lines": 0, "excluded_lines": 0, "percent_statements_covered": 100.0, "percent_statements_covered_display": "100"}, "missing_lines": [], "excluded_lines": [], "start_line": 290}, "_LinearGeom.contains_point": {"executed_lines": [], "summary": {"covered_lines": 0, "num_statements": 0, "percent_covered": 100.0, "percent_covered_display": "100", "missing_lines": 0, "excluded_lines": 0, "percent_statements_covered": 100.0, "percent_statements_covered_display": "100"}, "missing_lines": [], "excluded_lines": [], "start_line": 303}, "_LinearGeom._contains_point_on_axis": {"executed_lines": [332, 333], "summary": {"covered_lines": 2, "num_statements": 2, "percent_covered": 100.0, "percent_covered_display": "100", "missing_lines": 0, "excluded_lines": 0, "percent_statements_covered": 100.0, "percent_statements_covered_display": "100"}, "missing_lines": [], "excluded_lines": [], "start_line": 315}, "_split_at_ts": {"executed_lines": [350, 351, 352, 353, 354, 355, 356, 357, 358, 359], "summary": {"covered_lines": 10, "num_statements": 10, "percent_covered": 100.0, "percent_covered_display": "100", "missing_lines": 0, "excluded_lines": 0, "percent_statements_covered": 100.0, "percent_statements_covered_display": "100"}, "missing_lines": [], "excluded_lines": [], "start_line": 341}, "Segment.__init__": {"executed_lines": [372, 373, 374], "summary": {"covered_lines": 3, "num_statements": 3, "percent_covered": 100.0, "percent_covered_display": "100", "missing_lines": 0, "excluded_lines": 0, "percent_statements_covered": 100.0, "percent_statements_covered_display": "100"}, "missing_lines": [], "excluded_lines": [], "start_line": 370}, "Segment.from_direction": {"executed_lines": [385, 386, 387, 388, 389, 390], "summary"
[...]
issing_lines": 0, "excluded_lines": 0, "percent_statements_covered": 100.0, "percent_statements_covered_display": "100"}, "missing_lines": [], "excluded_lines": [], "start_line": 91}, "BalanceAdjustments": {"executed_lines": [], "summary": {"covered_lines": 0, "num_statements": 0, "percent_covered": 100.0, "percent_covered_display": "100", "missing_lines": 0, "excluded_lines": 0, "percent_statements_covered": 100.0, "percent_statements_covered_display": "100"}, "missing_lines": [], "excluded_lines": [], "start_line": 139}, "PersonalAdjustments": {"executed_lines": [177, 178, 183, 184], "summary": {"covered_lines": 4, "num_statements": 4, "percent_covered": 100.0, "percent_covered_display": "100", "missing_lines": 0, "excluded_lines": 0, "percent_statements_covered": 100.0, "percent_statements_covered_display": "100"}, "missing_lines": [], "excluded_lines": [], "start_line": 152}, "BalancedPerson": {"executed_lines": [202, 207, 211, 215], "summary": {"covered_lines": 4, "num_statements": 4, "percent_covered": 100.0, "percent_covered_display": "100", "missing_lines": 0, "excluded_lines": 0, "percent_statements_covered": 100.0, "percent_statements_covered_display": "100"}, "missing_lines": [], "excluded_lines": [], "start_line": 190}, "MeasurementDeriver": {"executed_lines": [234, 235, 243, 248, 252, 256, 260, 273, 274, 275, 276, 277, 278, 279, 280, 281, 282], "summary": {"covered_lines": 17, "num_statements": 17, "percent_covered": 100.0, "percent_covered_display": "100", "missing_lines": 0, "excluded_lines": 1, "percent_statements_covered": 100.0, "percent_statements_covered_display": "100"}, "missing_lines": [], "excluded_lines": [244], "start_line": 218}, "BalanceAdjuster": {"executed_lines": [297, 308, 309, 310, 311, 312, 313], "summary": {"covered_lines": 7, "num_statements": 7, "percent_covered": 100.0, "percent_covered_display": "100", "missing_lines": 0, "excluded_lines": 0, "percent_statements_covered": 100.0, "percent_statements_covered_display": "100"}, "missing_lines": [], "excluded_lines": [], "start_line": 285}, "BalanceValidator": {"executed_lines": [332, 340, 341, 358, 360, 362, 363, 364, 365, 366, 367, 368, 369, 373], "summary": {"covered_lines": 14, "num_statements": 14, "percent_covered": 100.0, "percent_covered_display": "100", "missing_lines": 0, "excluded_lines": 1, "percent_statements_covered": 100.0, "percent_statements_covered_display": "100"}, "missing_lines": [], "excluded_lines": [343], "start_line": 316}, "PersonAnalyser": {"executed_lines": [395, 396, 399, 400, 401, 403, 406, 407, 408, 411, 412, 420], "summary": {"covered_lines": 12, "num_statements": 12, "percent_covered": 100.0, "percent_covered_display": "100", "missing_lines": 0, "excluded_lines": 0, "percent_statements_covered": 100.0, "percent_statements_covered_display": "100"}, "missing_lines": [], "excluded_lines": [], "start_line": 376}, "": {"executed_lines": [3, 4, 5, 6, 8, 10, 12, 15, 36, 51, 52, 54, 55, 56, 57, 59, 60, 66, 68, 69, 70, 71, 72, 74, 75, 77, 80, 83, 84, 85, 86, 87, 90, 91, 118, 119, 120, 121, 122, 123, 124, 125, 126, 127, 128, 129, 130, 131, 132, 133, 134, 135, 138, 139, 147, 148, 151, 152, 171, 172, 173, 175, 190, 200, 204, 205, 209, 213, 218, 225, 237, 246, 250, 254, 258, 262, 285, 291, 299, 316, 323, 334, 345, 376, 391, 414], "summary": {"covered_lines": 86, "num_statements": 86, "percent_covered": 100.0, "percent_covered_display": "100", "missing_lines": 0, "excluded_lines": 0, "percent_statements_covered": 100.0, "percent_statements_covered_display": "100"}, "missing_lines": [], "excluded_lines": [], "start_line": 1}}}, "src/sewpat/render.py": {"executed_lines": [3, 4, 6, 8, 9, 20, 21, 27, 33, 45, 58, 60, 63, 76, 77, 78, 79, 82, 92, 93, 94, 95, 96, 97, 98, 99, 101, 106, 107, 108, 111, 127, 128, 130, 136, 137, 139, 140, 142, 143, 144, 145, 146, 147, 153, 154, 159, 162, 175, 176, 177, 181, 182, 183, 184, 185, 186, 187, 191, 192, 193, 194, 195, 196, 197, 202, 203, 204, 205, 206, 207, 208, 209, 211, 212, 213, 214, 215, 228, 231, 244, 245, 246, 247, 248, 251, 263, 264, 265, 268, 282, 283, 285, 286, 292, 302, 303, 304, 306, 307, 308, 309, 312, 319, 329, 330, 331, 332, 334, 335, 338, 345, 346, 347, 353, 356, 375, 376, 377, 379, 380, 383, 388, 391, 396, 397, 398, 399, 408, 411, 421, 422, 423, 424, 425, 426, 427, 435, 447, 460, 462, 463, 465, 466, 467, 469, 470, 471, 473, 475, 476, 477, 479, 482, 487, 490, 491, 493, 497, 498, 501, 523, 532, 533, 535, 537, 538, 541, 542, 543, 544, 545, 547, 548, 553, 554, 555, 556, 557, 559, 560, 561, 562, 563, 564, 565, 568, 569, 570, 571, 576, 577, 585, 589, 590, 591, 592, 593, 595, 599, 602, 629, 630, 638, 639, 640, 642, 643, 651, 652, 655, 680, 681, 692, 693, 696, 725, 727, 728, 730, 734, 735, 736, 737, 739, 750, 751], "summary": {"covered_lines": 227, "num_statements": 227, "percent_covered": 100.0, "percent_covered_display": "100", "missing_lines": 0, "excluded_lines": 6, "percent_statements_covered": 100.0, "percent_statements_covered_display": "100"}, "missing_lines": [], "excluded_lines": [494, 495, 566, 567, 572, 573], "functions": {"_xml_escape": {"executed_lines": [60], "summary": {"covered_lines": 1, "num_statements": 1, "percent_covered": 100.0, "percent_covered_display": "100", "missing_lines": 0, "excluded_lines": 0, "percent_statements_covered": 100.0, "percent_statements_covered_display": "100"}, "missing_lines": [], "excluded_lines": [], "start_line": 58}, "_svg_text": {"executed_lines": [76, 77, 78, 79], "summary": {"covered_lines": 4, "num_statements": 4, "percent_covered": 100.0, "percent_covered_display": "100", "missing_lines": 0, "excluded_lines": 0, "percent_statements_covered": 100.0, "percent_statements_covered_display": "100"}, "missing_lines": [], "excluded_lines": [], "start_line": 63}, "_common_stroke_attrs": {"executed_lines": [92, 93, 94, 95, 96, 97, 98, 99, 101, 106, 107, 108], "summary": {"covered_lines": 12, "num_statements": 12, "percent_covered": 100.0, "percent_covered_display": "100", "missing_lines": 0, "excluded_lines": 0, "percent_statements_covered": 100.0, "percent_statements_covered_display": "100"}, "missing_lines": [], "excluded_lines": [], "start_line": 82}, "_render_cubic_bezier": {"executed_lines": [127, 128, 130, 136, 137, 139, 140, 142, 143, 144, 145, 146, 147, 153, 154, 159], "summary": {"covered_lines": 16, "num_statements": 16, "percent_covered": 100.0, "percent_covered_display": "100", "missing_lines": 0, "excluded_lines": 0, "percent_statements_covered": 100.0, "percent_statements_covered_display": "100"}, "missing_lines": [], "excluded_lines": [], "start_line": 111}, "_render_segment": {"executed_lines": [175, 176, 177, 181, 182, 183, 184, 185, 186, 187, 191, 192, 193, 194, 195, 196, 197, 202, 203, 204, 205, 206, 207, 208, 209, 211, 212, 213, 214, 215, 228], "summary": {"covered_lines": 31, "num_statements": 31, "percent_covered": 100.0, "percent_covered_display": "100", "missing_lines": 0, "excluded_lines": 0, "percent_statements_covered": 100.0, "percent_statements_covered_display": "100"}, "missing_lines": [], "excluded_lines": [], "start_line": 162}, "_render_line": {"executed_lines": [244, 245, 246, 247, 248], "summary": {"covered_lines": 5, "num_statements": 5, "percent_covered": 100.0, "percent_covered_display": "100", "missing_lines": 0, "excluded_lines": 0, "percent_statements_covered": 100.0, "percent_statements_covered_display": "100"}, "missing_lines": [], "excluded_lines": [], "start_line": 231}, "_render_ray": {"executed_lines": [263, 264, 265], "summary": {"covered_lines": 3, "num_statements": 3, "percent_covered": 100.0, "percent_covered_display": "100", "missing_lines": 0, "excluded_lines": 0, "percent_statements_covered": 100.0, "percent_statements_covered_display": "100"}, "missing_lines": [], "excluded_lines": [], "start_line": 251}, "_render_circle": {"executed_lines": [282, 283, 285, 286], "summary": {"covered_lines": 4, "num_statements": 4, "percent_covered": 100.0, "percent_covered_display": "100", "missing_lines": 0, "excluded_lines": 0, "percent_statements_covered": 100.0, "percent_statements_covered_display": "100"}, "missing_lines": [], "excluded_lines": [], "start_line": 268}, "_render_triangle": {"executed_lines": [302, 303, 304, 306, 307, 308, 309, 312], "summary": {"covered_lines": 8, "num_statements": 8, "percent_covered": 100.0, "percent_covered_display": "100", "missing_lines": 0, "excluded_lines": 0, "percent_statements_covered": 100.0, "percent_statements_covered_display": "100"}, "missing_lines": [], "excluded_lines": [], "start_line": 292}, "_render_info_box": {"executed_lines": [329, 330, 331, 332, 334, 335, 338, 345, 346, 347, 353], "summary": {"covered_lines": 11, "num_statements": 11, "percent_covered": 100.0, "percent_covered_display": "100", "missing_lines": 0, "excluded_lines": 0, "percent_statements_covered": 100.0, "percent_statements_covered_display": "100"}, "missing_lines": [], "excluded_lines": [], "start_line": 319}, "_render_rect": {"executed_lines": [375, 376, 377, 379, 380, 383, 388, 391, 396, 397, 398, 399, 408], "summary": {"covered_lines": 13, "num_statements": 13, "percent_covered": 100.0, "percent_covered_display": "100", "missing_lines": 0, "excluded_lines": 0, "percent_statements_covered": 100.0, "percent_statements_covered_display": "100"}, "missing_lines": [], "excluded_lines": [], "start_line": 356}, "_render_point": {"executed_lines": [421, 422, 423, 424, 425, 426, 427], "summary": {"covered_lines": 7, "num_statements": 7, "percent_covered": 100.0, "percent_covered_display": "100", "missing_lines": 0, "excluded_lines": 0, "percent_statements_covered": 100.0, "percent_statements_covered_display": "100"}, "missing_lines": [], "excluded_lines": [], "start_line": 411}, "_make_renderers": {"executed_lines": [447], "summary": {"covered_lines": 1, "num_statements": 1, "percent_covered": 100.0, "percent_covered_display": "100", "missing_lines": 0, "excluded_lines": 0, "percent_statements_covered": 100.0, "percent_statements_covered_display": "100"}, "missing_lines": [], "excluded_lines": [], "start_line": 435}, "_geoms_to_path_data": {"executed_lines": [462, 463, 465, 466, 467, 469, 470, 471, 473, 475, 476, 477, 479], "summary": {"covered_lines": 13, "num_statements": 13, "percent_covered": 100.0, "percent_covered_display": "100", "missing_lines": 0, "excluded_lines": 0, "percent_statements_covered": 100.0, "percent_statements_covered_display": "100"}, "missing_lines": [], "excluded_lines": [], "start_line": 460}, "_render_seam_allowance_chain": {"executed_lines": [487, 490, 491, 493, 497, 498], "summary": {"covered_lines": 6, "num_statements": 6, "percent_covered": 100.0, "percent_covered_display": "100", "missing_lines": 0, "excluded_lines": 2, "percent_statements_covered": 100.0, "percent_statements_covered_display": "100"}, "missing_lines": [], "excluded_lines": [494, 495], "start_line": 482}, "_render_elements": {"executed_lines": [523, 532, 533, 535, 537, 538, 541, 542, 543, 544, 545, 547, 548, 553, 554, 555, 556, 557, 559, 560, 561, 562, 563, 564, 565, 568, 569, 570, 571, 576, 577], "summary": {"covered_lines": 31, "num_statements": 31, "percent_covered": 100.0, "percent_covered_display": "100", "missing_lines": 0, "excluded_lines": 4, "percent_statements_covered": 100.0, "percent_statements_covered_display": "100"}, "missing_lines": [], "excluded_lines": [566, 567, 572, 573], "start_line": 501}, "_resolve_styles": {"executed_lines": [589, 590, 591, 592, 593, 595, 599], "summary": {"covered_lines": 7, "num_statements": 7, "percent_covered": 100.0, "percent_covered_display": "100", "missing_lines": 0, "excluded_lines": 0, "percent_statements_covered": 100.0, "percent_statements_covered_display": "100"}, "missing_lines": [], "excluded_lines": [], "start_line": 585}, "_build_svg": {"executed_lines": [629, 630, 638, 639, 640, 642, 643, 651, 652], "summary": {"covered_lines": 9, "num_statements": 9, "percent_covered": 100.0, "percent_covered_display": "100", "missing_lines": 0, "excluded_lines": 0, "percent_statements_covered": 100.0, "percent_statements_covered_display": "100"}, "missing_lines": [], "excluded_lines": [], "start_line": 602}, "export_pattern_part_svg_mm": {"executed_lines": [680, 681, 692, 693], "summary": {"covered_lines": 4, "num_statements": 4, "percent_covered": 100.0, "percent_covered_display": "100", "missing_lines": 0, "excluded_lines": 0, "percent_statements_covered": 100.0, "percent_statements_covered_display": "100"}, "missing_lines": [], "excluded_lines": [], "start_line": 655}, "export_pattern_svg_mm": {"executed_lines": [725, 727, 728, 730, 734, 735, 736, 737, 739, 750, 751], "summary": {"covered_lines": 11, "num_statements": 11, "percent_covered": 100.0, "percent_covered_display": "100", "missing_lines": 0, "excluded_lines": 0, "percent_statements_covered": 100.0, "percent_statements_covered_display": "100"}, "missing_lines": [], "excluded_lines": [], "start_line": 696}, "": {"executed_lines": [3, 4, 6, 8, 9, 20, 21, 27, 33, 45, 58, 63, 82, 111, 162, 231, 251, 268, 292, 319, 356, 411, 435, 460, 482, 501, 585, 602, 655, 696], "summary": {"covered_lines": 30, "num_statements": 30, "percent_covered": 100.0, "percent_covered_display": "100", "missing_lines": 0, "excluded_lines": 0, "percent_statements_covered": 100.0, "percent_statements_covered_display": "100"}, "missing_lines": [], "excluded_lines": [], "start_line": 1}}, "classes": {"": {"executed_lines": [3, 4, 6, 8, 9, 20, 21, 27, 33, 45, 58, 60, 63, 76, 77, 78, 79, 82, 92, 93, 94, 95, 96, 97, 98, 99, 101, 106, 107, 108, 111, 127, 128, 130, 136, 137, 139, 140, 142, 143, 144, 145, 146, 147, 153, 154, 159, 162, 175, 176, 177, 181, 182, 183, 184, 185, 186, 187, 191, 192, 193, 194, 195, 196, 197, 202, 203, 204, 205, 206, 207, 208, 209, 211, 212, 213, 214, 215, 228, 231, 244, 245, 246, 247, 248, 251, 263, 264, 265, 268, 282, 283, 285, 286, 292, 302, 303, 304, 306, 307, 308, 309, 312, 319, 329, 330, 331, 332, 334, 335, 338, 345, 346, 347, 353, 356, 375, 376, 377, 379, 380, 383, 388, 391, 396, 397, 398, 399, 408, 411, 421, 422, 423, 424, 425, 426, 427, 435, 447, 460, 462, 463, 465, 466, 467, 469, 470, 471, 473, 475, 476, 477, 479, 482, 487, 490, 491, 493, 497, 498, 501, 523, 532, 533, 535, 537, 538, 541, 542, 543, 544, 545, 547, 548, 553, 554, 555, 556, 557, 559, 560, 561, 562, 563, 564, 565, 568, 569, 570, 571, 576, 577, 585, 589, 590, 591, 592, 593, 595, 599, 602, 629, 630, 638, 639, 640, 642, 643, 651, 652, 655, 680, 681, 692, 693, 696, 725, 727, 728, 730, 734, 735, 736, 737, 739, 750, 751], "summary": {"covered_lines": 227, "num_statements": 227, "percent_covered": 100.0, "percent_covered_display": "100", "missing_lines": 0, "excluded_lines": 6, "percent_statements_covered": 100.0, "percent_statements_covered_display": "100"}, "missing_lines": [], "excluded_lines": [494, 495, 566, 567, 572, 573], "start_line": 1}}}, "src/sewpat/style.py": {"executed_lines": [6, 7, 10, 23, 24, 25, 26, 27, 33, 34, 35, 38, 41, 85, 86, 87, 88, 89, 90, 91, 92, 93, 94, 95, 96, 97, 98, 99, 100, 102, 104, 105, 106, 108, 110, 111, 112, 113, 114, 115, 117, 123, 136, 137, 138, 139, 150, 158, 164, 171, 180, 186, 194, 204, 215, 223, 230, 239, 248, 255], "summary": {"covered_lines": 60, "num_statements": 60, "percent_covered": 100.0, "percent_covered_display": "100", "missing_lines": 0, "excluded_lines": 0, "percent_statements_covered": 100.0, "percent_statements_covered_display": "100"}, "missing_lines": [], "excluded_lines": [], "functions": {"StyleOptions.__init__": {"executed_lines": [85, 86, 87, 88, 89, 90, 91, 92, 93, 94, 95, 96, 97, 98, 99, 100], "summary": {"covered_lines": 16, "num_statements": 16, "percent_covered": 100.0, "percent_covered_display": "100", "missing_lines": 0, "excluded_lines": 0, "percent_statements_covered": 100.0, "percent_statements_covered_display": "100"}, "missing_lines": [], "excluded_lines": [], "start_line": 41}, "StyleOptions.__eq__": {"executed_lines": [104, 105, 106], "summary": {"covered_lines": 3, "num_statements": 3, "percent_covered": 100.0, "percent_covered_display": "100", "missing_lines": 0, "excluded_lines": 0, "percent_statements_covered": 100.0, "percent_statements_covered_display": "100"}, "missing_lines": [], "excluded_lines": [], "start_line": 102}, "StyleOptions.__repr__": {"executed_lines": [110, 111, 112, 113, 114, 115], "summary": {"covered_lines": 6, "num_statements": 6, "percent_covered": 100.0, "percent_covered_display": "100", "missing_lines": 0, "excluded_lines": 0, "percent_statements_covered": 100.0, "percent_statements_covered_display": "100"}, "missing_lines": [], "excluded_lines": [], "start_line": 108}, "StyleOptions.as_dict": {"executed_lines": [123, 136, 137, 138, 139], "summary": {"covered_lines": 5, "num_statements": 5, "percent_covered": 100.0, "percent_covered_display": "100", "missing_lines": 0, "excluded_lines": 0, "percent_statements_covered": 100.0, "percent_statements_covered_display": "100"}, "missing_lines": [], "excluded_lines": [], "start_line": 117}, "": {"executed_lines": [6, 7, 10, 23, 24, 25, 26, 27, 33, 34, 35, 38, 41, 102, 108, 117, 150, 158, 164, 171, 180, 186, 194, 204, 215, 223, 230, 239, 248, 255], "summary": {"covered_lines": 30, "num_statements": 30, "percent_covered": 100.0, "percent_covered_display": "100", "missing_lines": 0, "excluded_lines": 0, "percent_statements_covered": 100.0, "percent_statements_covered_display": "100"}, "missing_lines": [], "excluded_lines": [], "start_line": 1}}, "classes": {"Marker": {"executed_lines": [], "summary": {"covered_lines": 0, "num_statements": 0, "percent_covered": 100.0, "percent_covered_display": "100", "missing_lines": 0, "excluded_lines": 0, "percent_statements_covered": 100.0, "percent_statements_covered_display": "100"}, "missing_lines": [], "excluded_lines": [], "start_line": 10}, "StyleOptions": {"executed_lines": [85, 86, 87, 88, 89, 90, 91, 92, 93, 94, 95, 96, 97, 98, 99, 100, 104, 105, 106, 110, 111, 112, 113, 114, 115, 123, 136, 137, 138, 139], "summary": {"covered_lines": 30, "num_statements": 30, "percent_covered": 100.0, "percent_covered_display": "100", "missing_lines": 0, "excluded_lines": 0, "percent_statements_covered": 100.0, "percent_statements_covered_display": "100"}, "missing_lines": [], "excluded_lines": [], "start_line": 38}, "": {"executed_lines": [6, 7, 10, 23, 24, 25, 26, 27, 33, 34, 35, 38, 41, 102, 108, 117, 150, 158, 164, 171, 180, 186, 194, 204, 215, 223, 230, 239, 248, 255], "summary": {"covered_lines": 30, "num_statements": 30, "percent_covered": 100.0, "percent_covered_display": "100", "missing_lines": 0, "excluded_lines": 0, "percent_statements_covered": 100.0, "percent_statements_covered_display": "100"}, "missing_lines": [], "excluded_lines": [], "start_line": 1}}}, "src/sewpat/units.py": {"executed_lines": [12, 13, 14], "summary": {"covered_lines": 3, "num_statements": 3, "percent_covered": 100.0, "percent_covered_display": "100", "missing_lines": 0, "excluded_lines": 0, "percent_statements_covered": 100.0, "percent_statements_covered_display": "100"}, "missing_lines": [], "excluded_lines": [], "functions": {"": {"executed_lines": [12, 13, 14], "summary": {"covered_lines": 3, "num_statements": 3, "percent_covered": 100.0, "percent_covered_display": "100", "missing_lines": 0, "excluded_lines": 0, "percent_statements_covered": 100.0, "percent_statements_covered_display": "100"}, "missing_lines": [], "excluded_lines": [], "start_line": 1}}, "classes": {"": {"executed_lines": [12, 13, 14], "summary": {"covered_lines": 3, "num_statements": 3, "percent_covered": 100.0, "percent_covered_display": "100", "missing_lines": 0, "excluded_lines": 0, "percent_statements_covered": 100.0, "percent_statements_covered_display": "100"}, "missing_lines": [], "excluded_lines": [], "start_line": 1}}}}, "totals": {"covered_lines": 2510, "num_statements": 2533, "percent_covered": 99.09198578760363, "percent_covered_display": "99", "missing_lines": 23, "excluded_lines": 42, "percent_statements_covered": 99.09198578760363, "percent_statements_covered_display": "99"}}
